15:04:37.057 > Client not connected, trying to connect...
15:04:37.057 > [WORKER] ==> Mining subscribe
15:04:37.057 >   Sending  : {"id": 1, "method": "mining.subscribe", "params": ["NerdMinerV2/V1.6.3"]}
15:04:37.057 > 
15:04:37.057 > TimeClient NTPupdateTime >>> Completed 0 share(s), 0 Khashes, avg. hashrate 0.00 KH/s
15:04:37.057 > btc price:
15:04:37.057 > >>> [i] Miner: newJob>false / inRun>false) - Client: connected>true / subscribed>false / wificonnected>true
15:04:37.859 > Client not connected, trying to connect...
15:04:37.877 > [WORKER] ==> Mining subscribe
15:04:37.877 >   Sending  : {"id": 1, "method": "mining.subscribe", "params": ["NerdMinerV2/V1.6.3"]}
15:04:37.886 > 
15:04:39.074 > TimeClient NTPupdateTime >>> Completed 0 share(s), 0 Khashes, avg. hashrate 0.00 KH/s
15:04:39.084 > btc price:
15:04:39.133 > >>> [i] Miner: newJob>false / inRun>false) - Client: connected>true / subscribed>false / wificonnected>true
15:04:39.141 > Client not connected, trying to connect...
15:04:39.149 > [WORKER] ==> Mining subscribe
15:04:39.149 >   Sending  : {"id": 1, "method": "mining.subscribe", "params": ["NerdMinerV2/V1.6.3"]}
15:04:39.158 > 
15:04:40.351 > Client not connected, trying to connect...
15:04:40.363 > [WORKER] ==> Mining subscribe
15:04:40.363 >   Sending  : {"id": 1, "method": "mining.subscribe", "params": ["NerdMinerV2/V1.6.3"]}
15:04:40.372 > 
15:04:41.171 > TimeClient NTPupdateTime >>> Completed 0 share(s), 0 Khashes, avg. hashrate 0.00 KH/s
15:04:41.181 > btc price:
15:04:41.230 > >>> [i] Miner: newJob>false / inRun>false) - Client: connected>true / subscribed>false / wificonnected>true
15:04:41.565 > Client not connected, trying to connect...
15:04:41.572 > [WORKER] ==> Mining subscribe
15:04:41.573 >   Sending  : {"id": 1, "method": "mining.subscribe", "params": ["NerdMinerV2/V1.6.3"]}
15:04:41.582 > 
