17:59:58.133 > >>> Completed 0 share(s), 2039 Khashes, avg. hashrate 77.07 KH/s
17:59:58.133 > btc price:
17:59:59.126 > >>> Completed 0 share(s), 2121 Khashes, avg. hashrate 77.21 KH/s
17:59:59.132 > btc price:
17:59:59.683 >   Received message from pool
17:59:59.686 >   Receiving: {"id":null,"method":"mining.notify","params":["24c905d","6e6647123bbbf24c9923fe5998244bf0eaddce7d000327b00000000000000000","02000000010000000000000000000000000000000000000000000000000000000000000000ffffffff170350140d5075626c69632d506f6f6c","ffffffff021af0d0120000000017a91423e522dfc6656a8fda3d47b4fa53f7585ac758cd870000000000000000266a24aa21a9edadd2ca348f8f56b099a53a267b4663eada024255d9431b1692073dace57cde9500000000",["b2d62610ab645696a0f7ad3d3007477ff1b89cb8d509964043a7c9e27ea9c032","a7f7ab44380143d0a94c1ca271183670b5f946ffb7dda71d9e682404db8a0f49","7cda97d5b61773c10d194eb111b2f341cbe4fa0525f80c80344fe99b67972384","1c62114a148ce603a1d0b9f16ff48c6383d80f06a939a107b25e2b26b838cea7","7f4d0d71f5e5c858ee24bf2b74b60d2c048dec537b4d76ea5d7500d613f76b98","b99055181a10260e59e73539c18b52b178368fb90bbaea722711aa57f4aaf48b","0f502a09fc28865041c68da8071cb51faba3db7cd92e2e6db3520fa5335e8c91","9010d19b43d39041b3565af4cdef60e8c88e2956a09ca7b0e95d8f645234953d","5033befdaa99e34497cff41ce4c36aff7a01f8991fbb2249260e2db610818c1d","7562f388c2dd8b7bfe0ef77801e333b5bd36d12270ca28ae31471f78eb7dfa8d","47aed7f3339de4c3b1a23b6624b3e8bf628666bf85512c73a852ad2ddd4cf068","1e34d7d70dc9965010585ff8350bc12f196e0bcf939473d527e9c057813d99d8","901e21df87248d694f16fba77f897be666cafe45cbc3de0e630fbd13ec4805a9"],"20000000","17033d76","66c0749d",false]}
17:59:59.803 >     Parsing Method [MINING NOTIFY]
17:59:59.805 > MINER WORK ABORTED >> waiting new job
17:59:59.808 > >>> Finished job waiting new data from pool    target: 000000000000000000033d760000000000000000000000000000000000000000
17:59:59.819 > MINER WORK ABORTED >> waiting new job    coinbase: 02000000010000000000000000000000000000000000000000000000000000000000000000ffffffff170350140d5075626c69632d506f6f6c0b29b2ff00000002ffffffff021af0d0120000000017a91423e522dfc6656a8fda3d47b4fa53f7585ac758cd870000000000000000266a24aa21a9edadd2ca348f8f56b099a53a267b4663eada024255d9431b1692073dace57cde9500000000
17:59:59.850 > 
17:59:59.850 > >>> Finished job waiting new data from pool    merkle sha         : >>> Resetting watchdog timer>>> Resetting watchdog timer344cdbdba4455af0fb6637f33dc279e58366be6e47ea3aba0b6522dcce5a3f9e
17:59:59.963 > >>> STARTING TO HASH NONCES
17:59:59.963 > >>> STARTING TO HASH NONCES
18:00:00.190 > >>> Completed 0 share(s), 2189 Khashes, avg. hashrate 63.97 KH/s
18:00:00.196 > btc price:
18:00:01.253 > >>> Completed 0 share(s), 2271 Khashes, avg. hashrate 77.07 KH/s
18:00:01.259 > btc price:
18:00:02.315 > >>> Completed 0 share(s), 2354 Khashes, avg. hashrate 78.15 KH/s
18:00:02.321 > btc price:
