18:45:24.519 >   Received message from pool
18:45:24.519 >   Receiving: {"id":null,"method":"mining.notify","params":["24dc902","04cabb294ebcbfd1ed59fb120dec82d3c28b8be800014cb40000000000000000","02000000010000000000000000000000000000000000000000000000000000000000000000ffffffff170355140d5075626c69632d506f6f6c","ffffffff02d69cca120000000017a91423e522dfc6656a8fda3d47b4fa53f7585ac758cd870000000000000000266a24aa21a9ed84bc046a497b227246707b248e621f1bf402af55c707063275b6b65e7a9a2fa700000000",["abdb9e57c5c4479577e08edbecaaf6e4a81936d34618ad69af018481e3288151","68d984f9233f5547d2765c841e151432f7c1a151d8eb5b78812e115e7aee0f07","b63c6831285ee047bd2d7033c7a4a036750eea4c3c2717256c1516ac9e272bbe","c5305ab07ccccb5df52b509587c93cc4ad62538622a34f21694f0de0b056682b","11e3befa0ce19b4f6df557e4bf5013c52540dfd2afa0867c3b915faf9b8cbb1f","727488c6bafeac8da2738817c9068cd8ac72f8ec9a5b69114bf37a4804779040","05991afff0e7f002c957e57778b24f0c4fd28b5561c4aced926ebb5959e7e195","fb24d455b466a7e07ce7ec6cf896be9d3ca18ab40d37dc35324cbd52a78e281e","f3fd9f723d6a2ffd9f353b2b4d0d6a2420de84c53186ff699a98c72fd99736ed","ef58a155d9c9ca2629d8814da7ccec218cc1e0323f203116dbb905f3ab94d49a","147f2ae69786fa4a2409d76cc46e6d01bad86055d18b51332fa4617734b30ea8","bf1f64850ddaf8ce4d1fee848f32f3f76cedf000de802146a116494d1fcc161e","c0045992935234646dee7bc897390387ca67daad4689663220873ef93cf973ef"],"20000000","17033d76","66c07f41",true]}
18:45:24.519 >     Parsing Method [MINING NOTIFY]
18:45:24.519 > MINER WORK ABORTED >> waiting new job
18:45:24.519 > >>> Finished job waiting new data from pool    target: 000000000000000000033d760000000000000000000000000000000000000000
18:45:24.519 > MINER WORK ABORTED >> waiting new job
18:45:24.519 >     coinbase: 02000000010000000000000000000000000000000000000000000000000000000000000000ffffffff170355140d5075626c69632d506f6f6c0b29b2ff00000049ffffffff02d69cca120000000017a91423e522dfc6656a8fda3d47b4fa53f7585ac758cd870000000000000000266a24aa21a9ed84bc046a497b227246707b248e621f1bf402af55c707063275b6b65e7a9a2fa700000000
18:45:24.519 > >>> Finished job waiting new data from pool    merkle sha         : >>> Resetting watchdog timer>>> Resetting watchdog timer562fcc4eb314e39c00d520a2b0f74f0f7e7e8ba8cef1b59395e23908f7fa7c52
18:45:24.519 > >>> STARTING TO HASH NONCES
18:45:24.519 > >>> STARTING TO HASH NONCES
18:45:24.519 > >>> Completed 0 share(s), 211489 Khashes, avg. hashrate 64.89 KH/s
18:45:24.519 > btc price:
18:45:24.519 > 59082$
18:45:25.442 > >>> Completed 0 share(s), 211571 Khashes, avg. hashrate 78.17 KH/s
18:45:25.449 > btc price:
18:45:25.449 > 59082$
18:45:26.492 > >>> Completed 0 share(s), 211652 Khashes, avg. hashrate 77.22 KH/s
18:45:26.498 > btc price:
18:45:26.498 > 59082$
18:45:27.540 > >>> Completed 0 share(s), 211733 Khashes, avg. hashrate 77.22 KH/s
18:45:27.547 > btc price:
18:45:27.547 > 59082$
18:45:28.588 > >>> Completed 0 share(s), 211815 Khashes, avg. hashrate 78.24 KH/s
18:45:28.595 > btc price:
18:45:28.595 > 59082$
18:45:29.636 > >>> Completed 0 share(s), 211896 Khashes, avg. hashrate 77.29 KH/s
18:45:29.643 > btc price:
18:45:29.643 > 59082$
18:45:30.685 > >>> Completed 0 share(s), 211977 Khashes, avg. hashrate 77.29 KH/s
18:45:30.691 > btc price:
18:45:30.691 > 59082$
18:45:31.733 > >>> Completed 0 share(s), 212059 Khashes, avg. hashrate 78.24 KH/s
18:45:31.739 > btc price:
18:45:31.739 > 59082$
