12:13:15.155 > >>> [i] Miner: newJob>false / inRun>false) - Client: connected>false / subscribed>false / wificonnected>true
12:13:15.155 > >>> Completed 0 share(s), 0 Khashes, avg. hashrate 0.00 KH/s
12:13:15.155 > btc price:
12:13:15.155 > >>> [i] Miner: newJob>false / inRun>false) - Client: connected>false / subscribed>false / wificonnected>true
12:13:16.164 > >>> Completed 0 share(s), 0 Khashes, avg. hashrate 0.00 KH/s
12:13:16.167 > btc price:
12:13:16.216 > >>> [i] Miner: newJob>false / inRun>false) - Client: connected>false / subscribed>false / wificonnected>true
12:13:17.225 > >>> Completed 0 share(s), 0 Khashes, avg. hashrate 0.00 KH/s
12:13:17.228 > btc price:
12:13:17.278 > >>> [i] Miner: newJob>false / inRun>false) - Client: connected>false / subscribed>false / wificonnected>true
12:13:18.287 > >>> Completed 0 share(s), 0 Khashes, avg. hashrate 0.00 KH/s
12:13:18.290 > btc price:
12:13:18.339 > >>> [i] Miner: newJob>false / inRun>false) - Client: connected>false / subscribed>false / wificonnected>true
12:13:19.348 > >>> Completed 0 share(s), 0 Khashes, avg. hashrate 0.00 KH/s
12:13:19.351 > btc price:
12:13:19.400 > >>> [i] Miner: newJob>false / inRun>false) - Client: connected>false / subscribed>false / wificonnected>true
12:13:20.409 > >>> Completed 0 share(s), 0 Khashes, avg. hashrate 0.00 KH/s
12:13:20.412 > btc price:
12:13:20.461 > >>> [i] Miner: newJob>false / inRun>false) - Client: connected>false / subscribed>false / wificonnected>true
12:13:21.470 > >>> Completed 0 share(s), 0 Khashes, avg. hashrate 0.00 KH/s
12:13:21.473 > btc price:
12:13:21.522 > >>> [i] Miner: newJob>false / inRun>false) - Client: connected>false / subscribed>false / wificonnected>true
12:13:22.531 > >>> Completed 0 share(s), 0 Khashes, avg. hashrate 0.00 KH/s
12:13:22.534 > btc price:
12:13:22.585 > >>> [i] Miner: newJob>false / inRun>false) - Client: connected>false / subscribed>false / wificonnected>true
12:13:23.594 > >>> Completed 0 share(s), 0 Khashes, avg. hashrate 0.00 KH/s
12:13:23.597 > btc price:
12:13:23.646 > >>> [i] Miner: newJob>false / inRun>false) - Client: connected>false / subscribed>false / wificonnected>true
12:13:24.655 > >>> Completed 0 share(s), 0 Khashes, avg. hashrate 0.00 KH/s
12:13:24.658 > btc price:
12:13:24.707 > >>> [i] Miner: newJob>false / inRun>false) - Client: connected>false / subscribed>false / wificonnected>true
12:13:25.716 > >>> Completed 0 share(s), 0 Khashes, avg. hashrate 0.00 KH/s
12:13:25.719 > btc price:
12:13:25.768 > >>> [i] Miner: newJob>false / inRun>false) - Client: connected>false / subscribed>false / wificonnected>true
12:13:26.777 > >>> Completed 0 share(s), 0 Khashes, avg. hashrate 0.00 KH/s
12:13:26.780 > btc price:
12:13:26.829 > >>> [i] Miner: newJob>false / inRun>false) - Client: connected>false / subscribed>false / wificonnected>true
12:13:27.838 > >>> Completed 0 share(s), 0 Khashes, avg. hashrate 0.00 KH/s
12:13:27.841 > btc price:
12:13:27.890 > >>> [i] Miner: newJob>false / inRun>false) - Client: connected>false / subscribed>false / wificonnected>true
12:13:28.899 > >>> Completed 0 share(s), 0 Khashes, avg. hashrate 0.00 KH/s
12:13:28.902 > btc price:
12:13:28.951 > >>> [i] Miner: newJob>false / inRun>false) - Client: connected>false / subscribed>false / wificonnected>true
12:13:29.960 > >>> Completed 0 share(s), 0 Khashes, avg. hashrate 0.00 KH/s
12:13:29.963 > btc price:
12:13:30.012 > >>> [i] Miner: newJob>false / inRun>false) - Client: connected>false / subscribed>false / wificonnected>true
12:13:31.021 > >>> Completed 0 share(s), 0 Khashes, avg. hashrate 0.00 KH/s
12:13:31.024 > btc price:
12:13:31.073 > >>> [i] Miner: newJob>false / inRun>false) - Client: connected>false / subscribed>false / wificonnected>true
12:13:32.082 > >>> Completed 0 share(s), 0 Khashes, avg. hashrate 0.00 KH/s
12:13:32.085 > btc price:
12:13:32.135 > >>> [i] Miner: newJob>false / inRun>false) - Client: connected>false / subscribed>false / wificonnected>true
12:13:33.144 > >>> Completed 0 share(s), 0 Khashes, avg. hashrate 0.00 KH/s
12:13:33.147 > btc price:
12:13:33.196 > >>> [i] Miner: newJob>false / inRun>false) - Client: connected>false / subscribed>false / wificonnected>true
12:13:34.205 > >>> Completed 0 share(s), 0 Khashes, avg. hashrate 0.00 KH/s
12:13:34.208 > btc price:
12:13:34.257 > >>> [i] Miner: newJob>false / inRun>false) - Client: connected>false / subscribed>false / wificonnected>true
12:13:35.266 > >>> Completed 0 share(s), 0 Khashes, avg. hashrate 0.00 KH/s
12:13:35.269 > btc price:
12:13:35.318 > >>> [i] Miner: newJob>false / inRun>false) - Client: connected>false / subscribed>false / wificonnected>true
12:13:36.327 > >>> Completed 0 share(s), 0 Khashes, avg. hashrate 0.00 KH/s
12:13:36.330 > btc price:
12:13:36.379 > >>> [i] Miner: newJob>false / inRun>false) - Client: connected>false / subscribed>false / wificonnected>true
12:13:37.388 > >>> Completed 0 share(s), 0 Khashes, avg. hashrate 0.00 KH/s
12:13:37.391 > btc price:
12:13:37.442 > >>> [i] Miner: newJob>false / inRun>false) - Client: connected>false / subscribed>false / wificonnected>true
12:13:38.450 > >>> Completed 0 share(s), 0 Khashes, avg. hashrate 0.00 KH/s
12:13:38.453 > btc price:
12:13:38.502 > >>> [i] Miner: newJob>false / inRun>false) - Client: connected>false / subscribed>false / wificonnected>true
12:13:39.511 > >>> Completed 0 share(s), 0 Khashes, avg. hashrate 0.00 KH/s
12:13:39.514 > btc price:
12:13:39.563 > >>> [i] Miner: newJob>false / inRun>false) - Client: connected>false / subscribed>false / wificonnected>true
12:13:40.572 > >>> Completed 0 share(s), 0 Khashes, avg. hashrate 0.00 KH/s
12:13:40.575 > btc price:
12:13:40.624 > >>> [i] Miner: newJob>false / inRun>false) - Client: connected>false / subscribed>false / wificonnected>true
12:13:41.633 > >>> Completed 0 share(s), 0 Khashes, avg. hashrate 0.00 KH/s
12:13:41.636 > btc price:
12:13:41.685 > >>> [i] Miner: newJob>false / inRun>false) - Client: connected>false / subscribed>false / wificonnected>true
12:13:42.694 > >>> Completed 0 share(s), 0 Khashes, avg. hashrate 0.00 KH/s
12:13:42.697 > btc price:
12:13:42.746 > >>> [i] Miner: newJob>false / inRun>false) - Client: connected>false / subscribed>false / wificonnected>true
12:13:43.755 > >>> Completed 0 share(s), 0 Khashes, avg. hashrate 0.00 KH/s
12:13:43.758 > btc price:
12:13:43.807 > >>> [i] Miner: newJob>false / inRun>false) - Client: connected>false / subscribed>false / wificonnected>true
12:13:44.816 > >>> Completed 0 share(s), 0 Khashes, avg. hashrate 0.00 KH/s
12:13:44.819 > btc price:
12:13:44.868 > >>> [i] Miner: newJob>false / inRun>false) - Client: connected>false / subscribed>false / wificonnected>true
12:13:45.877 > >>> Completed 0 share(s), 0 Khashes, avg. hashrate 0.00 KH/s
12:13:45.880 > btc price:
12:13:45.929 > >>> [i] Miner: newJob>false / inRun>false) - Client: connected>false / subscribed>false / wificonnected>true
12:13:46.938 > >>> Completed 0 share(s), 0 Khashes, avg. hashrate 0.00 KH/s
12:13:46.941 > btc price:
12:13:46.990 > >>> [i] Miner: newJob>false / inRun>false) - Client: connected>false / subscribed>false / wificonnected>true
12:13:47.999 > >>> Completed 0 share(s), 0 Khashes, avg. hashrate 0.00 KH/s
12:13:48.002 > btc price:
12:13:48.051 > >>> [i] Miner: newJob>false / inRun>false) - Client: connected>false / subscribed>false / wificonnected>true
12:13:49.060 > >>> Completed 0 share(s), 0 Khashes, avg. hashrate 0.00 KH/s
12:13:49.063 > btc price:
12:13:49.112 > >>> [i] Miner: newJob>false / inRun>false) - Client: connected>false / subscribed>false / wificonnected>true
12:13:50.122 > >>> Completed 0 share(s), 0 Khashes, avg. hashrate 0.00 KH/s
12:13:50.124 > btc price:
12:13:50.173 > >>> [i] Miner: newJob>false / inRun>false) - Client: connected>false / subscribed>false / wificonnected>true
12:13:51.182 > >>> Completed 0 share(s), 0 Khashes, avg. hashrate 0.00 KH/s
12:13:51.185 > btc price:
12:13:51.234 > >>> [i] Miner: newJob>false / inRun>false) - Client: connected>false / subscribed>false / wificonnected>true
12:13:52.243 > >>> Completed 0 share(s), 0 Khashes, avg. hashrate 0.00 KH/s
12:13:52.247 > btc price:
12:13:52.295 > >>> [i] Miner: newJob>false / inRun>false) - Client: connected>false / subscribed>false / wificonnected>true
12:13:53.304 > >>> Completed 0 share(s), 0 Khashes, avg. hashrate 0.00 KH/s
12:13:53.307 > btc price:
12:13:53.356 > >>> [i] Miner: newJob>false / inRun>false) - Client: connected>false / subscribed>false / wificonnected>true
12:13:54.365 > >>> Completed 0 share(s), 0 Khashes, avg. hashrate 0.00 KH/s
12:13:54.368 > btc price:
12:13:54.417 > >>> [i] Miner: newJob>false / inRun>false) - Client: connected>false / subscribed>false / wificonnected>true
12:13:55.426 > >>> Completed 0 share(s), 0 Khashes, avg. hashrate 0.00 KH/s
12:13:55.429 > btc price:
12:13:55.478 > >>> [i] Miner: newJob>false / inRun>false) - Client: connected>false / subscribed>false / wificonnected>true
12:13:56.487 > >>> Completed 0 share(s), 0 Khashes, avg. hashrate 0.00 KH/s
12:13:56.490 > btc price:
12:13:56.539 > >>> [i] Miner: newJob>false / inRun>false) - Client: connected>false / subscribed>false / wificonnected>true
12:13:57.548 > >>> Completed 0 share(s), 0 Khashes, avg. hashrate 0.00 KH/s
12:13:57.551 > btc price:
12:13:57.601 > >>> [i] Miner: newJob>false / inRun>false) - Client: connected>false / subscribed>false / wificonnected>true
12:13:58.611 > >>> Completed 0 share(s), 0 Khashes, avg. hashrate 0.00 KH/s
12:13:58.614 > btc price:
12:13:58.662 > >>> [i] Miner: newJob>false / inRun>false) - Client: connected>false / subscribed>false / wificonnected>true
12:13:59.671 > >>> Completed 0 share(s), 0 Khashes, avg. hashrate 0.00 KH/s
12:13:59.674 > btc price:
12:13:59.723 > >>> [i] Miner: newJob>false / inRun>false) - Client: connected>false / subscribed>false / wificonnected>true
12:14:00.733 > >>> Completed 0 share(s), 0 Khashes, avg. hashrate 0.00 KH/s
12:14:00.737 > btc price:
12:14:00.785 > >>> [i] Miner: newJob>false / inRun>false) - Client: connected>false / subscribed>false / wificonnected>true
12:14:01.793 > >>> Completed 0 share(s), 0 Khashes, avg. hashrate 0.00 KH/s
12:14:01.796 > btc price:
12:14:01.845 > >>> [i] Miner: newJob>false / inRun>false) - Client: connected>false / subscribed>false / wificonnected>true
12:14:02.854 > >>> Completed 0 share(s), 0 Khashes, avg. hashrate 0.00 KH/s
12:14:02.857 > btc price:
12:14:02.906 > >>> [i] Miner: newJob>false / inRun>false) - Client: connected>false / subscribed>false / wificonnected>true
12:14:03.915 > >>> Completed 0 share(s), 0 Khashes, avg. hashrate 0.00 KH/s
12:14:03.918 > btc price:
12:14:03.967 > >>> [i] Miner: newJob>false / inRun>false) - Client: connected>false / subscribed>false / wificonnected>true
12:14:04.977 > >>> Completed 0 share(s), 0 Khashes, avg. hashrate 0.00 KH/s
12:14:04.979 > btc price:
12:14:05.028 > >>> [i] Miner: newJob>false / inRun>false) - Client: connected>false / subscribed>false / wificonnected>true
12:14:06.037 > >>> Completed 0 share(s), 0 Khashes, avg. hashrate 0.00 KH/s
12:14:06.040 > btc price:
12:14:06.089 > >>> [i] Miner: newJob>false / inRun>false) - Client: connected>false / subscribed>false / wificonnected>true
12:14:07.098 > >>> Completed 0 share(s), 0 Khashes, avg. hashrate 0.00 KH/s
12:14:07.101 > btc price:
12:14:07.151 > >>> [i] Miner: newJob>false / inRun>false) - Client: connected>false / subscribed>false / wificonnected>true
12:14:08.159 > >>> Completed 0 share(s), 0 Khashes, avg. hashrate 0.00 KH/s
12:14:08.162 > btc price:
12:14:08.211 > >>> [i] Miner: newJob>false / inRun>false) - Client: connected>false / subscribed>false / wificonnected>true
12:14:09.221 > >>> Completed 0 share(s), 0 Khashes, avg. hashrate 0.00 KH/s
12:14:09.223 > btc price:
12:14:09.272 > >>> [i] Miner: newJob>false / inRun>false) - Client: connected>false / subscribed>false / wificonnected>true
12:14:09.518 > [WORKER] ==> Mining subscribe
12:14:09.518 >   Sending  : {"id": 1, "method": "mining.subscribe", "params": ["NerdMinerV2/V1.6.3"]}
12:14:09.527 > 
12:14:10.282 > >>> Completed 0 share(s), 0 Khashes, avg. hashrate 0.00 KH/s
12:14:10.285 > btc price:
12:14:10.334 > >>> [i] Miner: newJob>false / inRun>false) - Client: connected>false / subscribed>false / wificonnected>true
12:14:10.717 > Client not connected, trying to connect...
12:14:11.343 > >>> Completed 0 share(s), 0 Khashes, avg. hashrate 0.00 KH/s
12:14:11.346 > btc price:
12:14:11.395 > >>> [i] Miner: newJob>false / inRun>false) - Client: connected>false / subscribed>false / wificonnected>true
12:14:12.404 > >>> Completed 0 share(s), 0 Khashes, avg. hashrate 0.00 KH/s
12:14:12.407 > btc price:
12:14:12.456 > >>> [i] Miner: newJob>false / inRun>false) - Client: connected>false / subscribed>false / wificonnected>true
12:14:13.465 > >>> Completed 0 share(s), 0 Khashes, avg. hashrate 0.00 KH/s
12:14:13.468 > btc price:
12:14:13.518 > >>> [i] Miner: newJob>false / inRun>false) - Client: connected>false / subscribed>false / wificonnected>true
12:14:13.719 > Imposible to connect to : public-pool.io
12:14:14.527 > >>> Completed 0 share(s), 0 Khashes, avg. hashrate 0.00 KH/s
12:14:14.530 > btc price:
12:14:14.579 > >>> [i] Miner: newJob>false / inRun>false) - Client: connected>false / subscribed>false / wificonnected>true
12:14:15.589 > >>> Completed 0 share(s), 0 Khashes, avg. hashrate 0.00 KH/s
12:14:15.591 > btc price:
12:14:15.641 > >>> [i] Miner: newJob>false / inRun>false) - Client: connected>false / subscribed>false / wificonnected>true
12:14:15.773 > Resolved DNS got: 68.235.52.36
12:14:16.650 > >>> Completed 0 share(s), 0 Khashes, avg. hashrate 0.00 KH/s
12:14:16.652 > btc price:
12:14:16.702 > >>> [i] Miner: newJob>false / inRun>false) - Client: connected>false / subscribed>false / wificonnected>true
12:14:17.711 > >>> Completed 0 share(s), 0 Khashes, avg. hashrate 0.00 KH/s
12:14:17.713 > btc price:
12:14:17.762 > >>> [i] Miner: newJob>false / inRun>false) - Client: connected>false / subscribed>false / wificonnected>true
12:14:18.772 > >>> Completed 0 share(s), 0 Khashes, avg. hashrate 0.00 KH/s
12:14:18.774 > btc price:
12:14:18.824 > >>> [i] Miner: newJob>false / inRun>false) - Client: connected>false / subscribed>false / wificonnected>true
12:14:19.833 > >>> Completed 0 share(s), 0 Khashes, avg. hashrate 0.00 KH/s
12:14:19.835 > btc price:
12:14:19.884 > >>> [i] Miner: newJob>false / inRun>false) - Client: connected>false / subscribed>false / wificonnected>true
12:14:20.894 > >>> Completed 0 share(s), 0 Khashes, avg. hashrate 0.00 KH/s
12:14:20.896 > btc price:
12:14:20.945 > >>> [i] Miner: newJob>false / inRun>false) - Client: connected>false / subscribed>false / wificonnected>true
12:14:21.955 > >>> Completed 0 share(s), 0 Khashes, avg. hashrate 0.00 KH/s
12:14:21.957 > btc price:
12:14:22.007 > >>> [i] Miner: newJob>false / inRun>false) - Client: connected>false / subscribed>false / wificonnected>true
12:14:23.016 > >>> Completed 0 share(s), 0 Khashes, avg. hashrate 0.00 KH/s
12:14:23.018 > btc price:
12:14:23.067 > >>> [i] Miner: newJob>false / inRun>false) - Client: connected>false / subscribed>false / wificonnected>true
12:14:24.077 > >>> Completed 0 share(s), 0 Khashes, avg. hashrate 0.00 KH/s
12:14:24.079 > btc price:
12:14:24.128 > >>> [i] Miner: newJob>false / inRun>false) - Client: connected>false / subscribed>false / wificonnected>true
12:14:25.138 > >>> Completed 0 share(s), 0 Khashes, avg. hashrate 0.00 KH/s
12:14:25.141 > btc price:
12:14:25.190 > >>> [i] Miner: newJob>false / inRun>false) - Client: connected>false / subscribed>false / wificonnected>true
12:14:26.199 > >>> Completed 0 share(s), 0 Khashes, avg. hashrate 0.00 KH/s
12:14:26.202 > btc price:
12:14:26.250 > >>> [i] Miner: newJob>false / inRun>false) - Client: connected>false / subscribed>false / wificonnected>true
12:14:27.260 > >>> Completed 0 share(s), 0 Khashes, avg. hashrate 0.00 KH/s
12:14:27.262 > btc price:
12:14:27.311 > >>> [i] Miner: newJob>false / inRun>false) - Client: connected>false / subscribed>false / wificonnected>true
12:14:28.320 > >>> Completed 0 share(s), 0 Khashes, avg. hashrate 0.00 KH/s
12:14:28.323 > btc price:
12:14:28.372 > >>> [i] Miner: newJob>false / inRun>false) - Client: connected>false / subscribed>false / wificonnected>true
12:14:29.382 > >>> Completed 0 share(s), 0 Khashes, avg. hashrate 0.00 KH/s
12:14:29.384 > btc price:
12:14:29.433 > >>> [i] Miner: newJob>false / inRun>false) - Client: connected>false / subscribed>false / wificonnected>true
12:14:30.443 > >>> Completed 0 share(s), 0 Khashes, avg. hashrate 0.00 KH/s
12:14:30.445 > btc price:
12:14:30.494 > >>> [i] Miner: newJob>false / inRun>false) - Client: connected>false / subscribed>false / wificonnected>true
12:14:31.504 > >>> Completed 0 share(s), 0 Khashes, avg. hashrate 0.00 KH/s
12:14:31.506 > btc price:
12:14:31.555 > >>> [i] Miner: newJob>false / inRun>false) - Client: connected>false / subscribed>false / wificonnected>true
12:14:32.565 > >>> Completed 0 share(s), 0 Khashes, avg. hashrate 0.00 KH/s
12:14:32.567 > btc price:
12:14:32.617 > >>> [i] Miner: newJob>false / inRun>false) - Client: connected>false / subscribed>false / wificonnected>true
12:14:33.626 > >>> Completed 0 share(s), 0 Khashes, avg. hashrate 0.00 KH/s
12:14:33.628 > btc price:
12:14:33.677 > >>> [i] Miner: newJob>false / inRun>false) - Client: connected>false / subscribed>false / wificonnected>true
12:14:34.687 > >>> Completed 0 share(s), 0 Khashes, avg. hashrate 0.00 KH/s
12:14:34.689 > btc price:
12:14:34.739 > >>> [i] Miner: newJob>false / inRun>false) - Client: connected>false / subscribed>false / wificonnected>true
12:14:35.748 > >>> Completed 0 share(s), 0 Khashes, avg. hashrate 0.00 KH/s
12:14:35.750 > btc price:
12:14:35.800 > >>> [i] Miner: newJob>false / inRun>false) - Client: connected>false / subscribed>false / wificonnected>true
12:14:36.809 > >>> Completed 0 share(s), 0 Khashes, avg. hashrate 0.00 KH/s
12:14:36.811 > btc price:
12:14:36.860 > >>> [i] Miner: newJob>false / inRun>false) - Client: connected>false / subscribed>false / wificonnected>true
12:14:37.870 > >>> Completed 0 share(s), 0 Khashes, avg. hashrate 0.00 KH/s
12:14:37.872 > btc price:
12:14:37.921 > >>> [i] Miner: newJob>false / inRun>false) - Client: connected>false / subscribed>false / wificonnected>true
12:14:38.931 > >>> Completed 0 share(s), 0 Khashes, avg. hashrate 0.00 KH/s
12:14:38.933 > btc price:
12:14:38.984 > >>> [i] Miner: newJob>false / inRun>false) - Client: connected>false / subscribed>false / wificonnected>true
12:14:39.994 > >>> Completed 0 share(s), 0 Khashes, avg. hashrate 0.00 KH/s
12:14:39.996 > btc price:
12:14:40.045 > >>> [i] Miner: newJob>false / inRun>false) - Client: connected>false / subscribed>false / wificonnected>true
12:14:41.055 > >>> Completed 0 share(s), 0 Khashes, avg. hashrate 0.00 KH/s
12:14:41.057 > btc price:
12:14:41.106 > >>> [i] Miner: newJob>false / inRun>false) - Client: connected>false / subscribed>false / wificonnected>true
12:14:42.116 > >>> Completed 0 share(s), 0 Khashes, avg. hashrate 0.00 KH/s
12:14:42.118 > btc price:
12:14:42.168 > >>> [i] Miner: newJob>false / inRun>false) - Client: connected>false / subscribed>false / wificonnected>true
12:14:43.177 > >>> Completed 0 share(s), 0 Khashes, avg. hashrate 0.00 KH/s
12:14:43.179 > btc price:
12:14:43.228 > >>> [i] Miner: newJob>false / inRun>false) - Client: connected>false / subscribed>false / wificonnected>true
12:14:44.238 > >>> Completed 0 share(s), 0 Khashes, avg. hashrate 0.00 KH/s
12:14:44.240 > btc price:
12:14:44.290 > >>> [i] Miner: newJob>false / inRun>false) - Client: connected>false / subscribed>false / wificonnected>true
12:14:45.299 > >>> Completed 0 share(s), 0 Khashes, avg. hashrate 0.00 KH/s
12:14:45.302 > btc price:
12:14:45.351 > >>> [i] Miner: newJob>false / inRun>false) - Client: connected>false / subscribed>false / wificonnected>true
12:14:46.360 > >>> Completed 0 share(s), 0 Khashes, avg. hashrate 0.00 KH/s
12:14:46.362 > btc price:
12:14:46.412 > >>> [i] Miner: newJob>false / inRun>false) - Client: connected>false / subscribed>false / wificonnected>true
12:14:47.421 > >>> Completed 0 share(s), 0 Khashes, avg. hashrate 0.00 KH/s
12:14:47.423 > btc price:
12:14:47.473 > >>> [i] Miner: newJob>false / inRun>false) - Client: connected>false / subscribed>false / wificonnected>true
12:14:48.482 > >>> Completed 0 share(s), 0 Khashes, avg. hashrate 0.00 KH/s
12:14:48.485 > btc price:
12:14:48.534 > >>> [i] Miner: newJob>false / inRun>false) - Client: connected>false / subscribed>false / wificonnected>true
12:14:49.544 > >>> Completed 0 share(s), 0 Khashes, avg. hashrate 0.00 KH/s
12:14:49.546 > btc price:
12:14:49.595 > >>> [i] Miner: newJob>false / inRun>false) - Client: connected>false / subscribed>false / wificonnected>true
12:14:50.605 > >>> Completed 0 share(s), 0 Khashes, avg. hashrate 0.00 KH/s
12:14:50.607 > btc price:
12:14:50.657 > >>> [i] Miner: newJob>false / inRun>false) - Client: connected>false / subscribed>false / wificonnected>true
12:14:51.666 > >>> Completed 0 share(s), 0 Khashes, avg. hashrate 0.00 KH/s
12:14:51.668 > btc price:
12:14:51.718 > >>> [i] Miner: newJob>false / inRun>false) - Client: connected>false / subscribed>false / wificonnected>true
12:14:52.727 > >>> Completed 0 share(s), 0 Khashes, avg. hashrate 0.00 KH/s
12:14:52.729 > btc price:
12:14:52.779 > >>> [i] Miner: newJob>false / inRun>false) - Client: connected>false / subscribed>false / wificonnected>true
12:14:53.788 > >>> Completed 0 share(s), 0 Khashes, avg. hashrate 0.00 KH/s
12:14:53.790 > btc price:
12:14:53.840 > >>> [i] Miner: newJob>false / inRun>false) - Client: connected>false / subscribed>false / wificonnected>true
12:14:54.849 > >>> Completed 0 share(s), 0 Khashes, avg. hashrate 0.00 KH/s
12:14:54.851 > btc price:
12:14:54.901 > >>> [i] Miner: newJob>false / inRun>false) - Client: connected>false / subscribed>false / wificonnected>true
12:14:55.910 > >>> Completed 0 share(s), 0 Khashes, avg. hashrate 0.00 KH/s
12:14:55.912 > btc price:
12:14:55.962 > >>> [i] Miner: newJob>false / inRun>false) - Client: connected>false / subscribed>false / wificonnected>true
12:14:56.971 > >>> Completed 0 share(s), 0 Khashes, avg. hashrate 0.00 KH/s
12:14:56.973 > btc price:
12:14:57.023 > >>> [i] Miner: newJob>false / inRun>false) - Client: connected>false / subscribed>false / wificonnected>true
12:14:58.032 > >>> Completed 0 share(s), 0 Khashes, avg. hashrate 0.00 KH/s
12:14:58.034 > btc price:
12:14:58.084 > >>> [i] Miner: newJob>false / inRun>false) - Client: connected>false / subscribed>false / wificonnected>true
12:14:59.093 > >>> Completed 0 share(s), 0 Khashes, avg. hashrate 0.00 KH/s
12:14:59.096 > btc price:
12:14:59.145 > >>> [i] Miner: newJob>false / inRun>false) - Client: connected>false / subscribed>false / wificonnected>true
12:15:00.154 > >>> Completed 0 share(s), 0 Khashes, avg. hashrate 0.00 KH/s
12:15:00.157 > btc price:
12:15:00.206 > >>> [i] Miner: newJob>false / inRun>false) - Client: connected>false / subscribed>false / wificonnected>true
12:15:01.216 > >>> Completed 0 share(s), 0 Khashes, avg. hashrate 0.00 KH/s
12:15:01.218 > btc price:
12:15:01.268 > >>> [i] Miner: newJob>false / inRun>false) - Client: connected>false / subscribed>false / wificonnected>true
12:15:02.277 > >>> Completed 0 share(s), 0 Khashes, avg. hashrate 0.00 KH/s
12:15:02.279 > btc price:
12:15:02.330 > >>> [i] Miner: newJob>false / inRun>false) - Client: connected>false / subscribed>false / wificonnected>true
12:15:03.339 > >>> Completed 0 share(s), 0 Khashes, avg. hashrate 0.00 KH/s
12:15:03.341 > btc price:
12:15:03.390 > >>> [i] Miner: newJob>false / inRun>false) - Client: connected>false / subscribed>false / wificonnected>true
12:15:03.772 > [WORKER] ==> Mining subscribe
12:15:03.772 >   Sending  : {"id": 1, "method": "mining.subscribe", "params": ["NerdMinerV2/V1.6.3"]}
12:15:03.781 > 
12:15:04.400 > >>> Completed 0 share(s), 0 Khashes, avg. hashrate 0.00 KH/s
12:15:04.403 > btc price:
12:15:04.452 > >>> [i] Miner: newJob>false / inRun>false) - Client: connected>false / subscribed>false / wificonnected>true
12:15:04.971 > Client not connected, trying to connect...
12:15:05.461 > >>> Completed 0 share(s), 0 Khashes, avg. hashrate 0.00 KH/s
12:15:05.463 > btc price:
12:15:05.514 > >>> [i] Miner: newJob>false / inRun>false) - Client: connected>false / subscribed>false / wificonnected>true
12:15:06.523 > >>> Completed 0 share(s), 0 Khashes, avg. hashrate 0.00 KH/s
12:15:06.525 > btc price:
12:15:06.575 > >>> [i] Miner: newJob>false / inRun>false) - Client: connected>false / subscribed>false / wificonnected>true
12:15:07.584 > >>> Completed 0 share(s), 0 Khashes, avg. hashrate 0.00 KH/s
12:15:07.586 > btc price:
12:15:07.636 > >>> [i] Miner: newJob>false / inRun>false) - Client: connected>false / subscribed>false / wificonnected>true
12:15:07.973 > Imposible to connect to : public-pool.io
12:15:07.989 > Resolved DNS got: 68.235.52.36
12:15:08.645 > >>> Completed 0 share(s), 0 Khashes, avg. hashrate 0.00 KH/s
12:15:08.647 > btc price:
12:15:08.697 > >>> [i] Miner: newJob>false / inRun>false) - Client: connected>false / subscribed>false / wificonnected>true
12:15:09.706 > >>> Completed 0 share(s), 0 Khashes, avg. hashrate 0.00 KH/s
12:15:09.708 > btc price:
12:15:09.757 > >>> [i] Miner: newJob>false / inRun>false) - Client: connected>false / subscribed>false / wificonnected>true
12:15:10.767 > >>> Completed 0 share(s), 0 Khashes, avg. hashrate 0.00 KH/s
12:15:10.770 > btc price:
12:15:10.819 > >>> [i] Miner: newJob>false / inRun>false) - Client: connected>false / subscribed>false / wificonnected>true
12:15:11.829 > >>> Completed 0 share(s), 0 Khashes, avg. hashrate 0.00 KH/s
12:15:11.832 > btc price:
12:15:11.881 > >>> [i] Miner: newJob>false / inRun>false) - Client: connected>false / subscribed>false / wificonnected>true
12:15:12.890 > >>> Completed 0 share(s), 0 Khashes, avg. hashrate 0.00 KH/s
12:15:12.892 > btc price:
12:15:12.942 > >>> [i] Miner: newJob>false / inRun>false) - Client: connected>false / subscribed>false / wificonnected>true
12:15:13.951 > >>> Completed 0 share(s), 0 Khashes, avg. hashrate 0.00 KH/s
12:15:13.954 > btc price:
12:15:14.003 > >>> [i] Miner: newJob>false / inRun>false) - Client: connected>false / subscribed>false / wificonnected>true
12:15:15.013 > >>> Completed 0 share(s), 0 Khashes, avg. hashrate 0.00 KH/s
12:15:15.015 > btc price:
12:15:15.065 > >>> [i] Miner: newJob>false / inRun>false) - Client: connected>false / subscribed>false / wificonnected>true
12:15:16.074 > >>> Completed 0 share(s), 0 Khashes, avg. hashrate 0.00 KH/s
12:15:16.077 > btc price:
12:15:16.125 > >>> [i] Miner: newJob>false / inRun>false) - Client: connected>false / subscribed>false / wificonnected>true
12:15:17.135 > >>> Completed 0 share(s), 0 Khashes, avg. hashrate 0.00 KH/s
12:15:17.137 > btc price:
12:15:17.187 > >>> [i] Miner: newJob>false / inRun>false) - Client: connected>false / subscribed>false / wificonnected>true
12:15:18.196 > >>> Completed 0 share(s), 0 Khashes, avg. hashrate 0.00 KH/s
12:15:18.199 > btc price:
12:15:18.249 > >>> [i] Miner: newJob>false / inRun>false) - Client: connected>false / subscribed>false / wificonnected>true
12:15:19.258 > >>> Completed 0 share(s), 0 Khashes, avg. hashrate 0.00 KH/s
12:15:19.261 > btc price:
12:15:19.310 > >>> [i] Miner: newJob>false / inRun>false) - Client: connected>false / subscribed>false / wificonnected>true
12:15:20.319 > >>> Completed 0 share(s), 0 Khashes, avg. hashrate 0.00 KH/s
12:15:20.322 > btc price:
12:15:20.372 > >>> [i] Miner: newJob>false / inRun>false) - Client: connected>false / subscribed>false / wificonnected>true
12:15:21.381 > >>> Completed 0 share(s), 0 Khashes, avg. hashrate 0.00 KH/s
12:15:21.384 > btc price:
12:15:21.435 > >>> [i] Miner: newJob>false / inRun>false) - Client: connected>false / subscribed>false / wificonnected>true
12:15:22.444 > >>> Completed 0 share(s), 0 Khashes, avg. hashrate 0.00 KH/s
12:15:22.446 > btc price:
12:15:22.497 > >>> [i] Miner: newJob>false / inRun>false) - Client: connected>false / subscribed>false / wificonnected>true
12:15:23.507 > >>> Completed 0 share(s), 0 Khashes, avg. hashrate 0.00 KH/s
12:15:23.509 > btc price:
12:15:23.558 > >>> [i] Miner: newJob>false / inRun>false) - Client: connected>false / subscribed>false / wificonnected>true
12:15:24.567 > >>> Completed 0 share(s), 0 Khashes, avg. hashrate 0.00 KH/s
12:15:24.570 > btc price:
12:15:24.619 > >>> [i] Miner: newJob>false / inRun>false) - Client: connected>false / subscribed>false / wificonnected>true
12:15:25.628 > >>> Completed 0 share(s), 0 Khashes, avg. hashrate 0.00 KH/s
12:15:25.631 > btc price:
12:15:25.681 > >>> [i] Miner: newJob>false / inRun>false) - Client: connected>false / subscribed>false / wificonnected>true
12:15:26.690 > >>> Completed 0 share(s), 0 Khashes, avg. hashrate 0.00 KH/s
12:15:26.693 > btc price:
12:15:26.742 > >>> [i] Miner: newJob>false / inRun>false) - Client: connected>false / subscribed>false / wificonnected>true
12:15:27.751 > >>> Completed 0 share(s), 0 Khashes, avg. hashrate 0.00 KH/s
12:15:27.754 > btc price:
12:15:27.803 > >>> [i] Miner: newJob>false / inRun>false) - Client: connected>false / subscribed>false / wificonnected>true
12:15:28.812 > >>> Completed 0 share(s), 0 Khashes, avg. hashrate 0.00 KH/s
12:15:28.815 > btc price:
12:15:28.864 > >>> [i] Miner: newJob>false / inRun>false) - Client: connected>false / subscribed>false / wificonnected>true
12:15:29.873 > >>> Completed 0 share(s), 0 Khashes, avg. hashrate 0.00 KH/s
12:15:29.876 > btc price:
12:15:29.925 > >>> [i] Miner: newJob>false / inRun>false) - Client: connected>false / subscribed>false / wificonnected>true
12:15:30.934 > >>> Completed 0 share(s), 0 Khashes, avg. hashrate 0.00 KH/s
12:15:30.937 > btc price:
12:15:30.986 > >>> [i] Miner: newJob>false / inRun>false) - Client: connected>false / subscribed>false / wificonnected>true
12:15:31.995 > >>> Completed 0 share(s), 0 Khashes, avg. hashrate 0.00 KH/s
12:15:31.998 > btc price:
12:15:32.047 > >>> [i] Miner: newJob>false / inRun>false) - Client: connected>false / subscribed>false / wificonnected>true
12:15:33.056 > >>> Completed 0 share(s), 0 Khashes, avg. hashrate 0.00 KH/s
12:15:33.059 > btc price:
12:15:33.108 > >>> [i] Miner: newJob>false / inRun>false) - Client: connected>false / subscribed>false / wificonnected>true
12:15:34.117 > >>> Completed 0 share(s), 0 Khashes, avg. hashrate 0.00 KH/s
12:15:34.120 > btc price:
12:15:34.169 > >>> [i] Miner: newJob>false / inRun>false) - Client: connected>false / subscribed>false / wificonnected>true
12:15:35.178 > >>> Completed 0 share(s), 0 Khashes, avg. hashrate 0.00 KH/s
12:15:35.181 > btc price:
12:15:35.230 > >>> [i] Miner: newJob>false / inRun>false) - Client: connected>false / subscribed>false / wificonnected>true
12:15:36.239 > >>> Completed 0 share(s), 0 Khashes, avg. hashrate 0.00 KH/s
12:15:36.242 > btc price:
12:15:36.291 > >>> [i] Miner: newJob>false / inRun>false) - Client: connected>false / subscribed>false / wificonnected>true
12:15:37.300 > >>> Completed 0 share(s), 0 Khashes, avg. hashrate 0.00 KH/s
12:15:37.303 > btc price:
12:15:37.353 > >>> [i] Miner: newJob>false / inRun>false) - Client: connected>false / subscribed>false / wificonnected>true
12:15:38.362 > >>> Completed 0 share(s), 0 Khashes, avg. hashrate 0.00 KH/s
12:15:38.365 > btc price:
12:15:38.414 > >>> [i] Miner: newJob>false / inRun>false) - Client: connected>false / subscribed>false / wificonnected>true
12:15:39.423 > >>> Completed 0 share(s), 0 Khashes, avg. hashrate 0.00 KH/s
12:15:39.426 > btc price:
12:15:39.475 > >>> [i] Miner: newJob>false / inRun>false) - Client: connected>false / subscribed>false / wificonnected>true
12:15:40.484 > >>> Completed 0 share(s), 0 Khashes, avg. hashrate 0.00 KH/s
12:15:40.487 > btc price:
12:15:40.537 > >>> [i] Miner: newJob>false / inRun>false) - Client: connected>false / subscribed>false / wificonnected>true
12:15:41.546 > >>> Completed 0 share(s), 0 Khashes, avg. hashrate 0.00 KH/s
12:15:41.549 > btc price:
12:15:41.598 > >>> [i] Miner: newJob>false / inRun>false) - Client: connected>false / subscribed>false / wificonnected>true
12:15:42.607 > >>> Completed 0 share(s), 0 Khashes, avg. hashrate 0.00 KH/s
12:15:42.610 > btc price:
12:15:42.659 > >>> [i] Miner: newJob>false / inRun>false) - Client: connected>false / subscribed>false / wificonnected>true
12:15:43.668 > >>> Completed 0 share(s), 0 Khashes, avg. hashrate 0.00 KH/s
12:15:43.671 > btc price:
12:15:43.720 > >>> [i] Miner: newJob>false / inRun>false) - Client: connected>false / subscribed>false / wificonnected>true
12:15:44.729 > >>> Completed 0 share(s), 0 Khashes, avg. hashrate 0.00 KH/s
12:15:44.732 > btc price:
12:15:44.781 > >>> [i] Miner: newJob>false / inRun>false) - Client: connected>false / subscribed>false / wificonnected>true
12:15:45.790 > >>> Completed 0 share(s), 0 Khashes, avg. hashrate 0.00 KH/s
12:15:45.793 > btc price:
12:15:45.843 > >>> [i] Miner: newJob>false / inRun>false) - Client: connected>false / subscribed>false / wificonnected>true
12:15:46.853 > >>> Completed 0 share(s), 0 Khashes, avg. hashrate 0.00 KH/s
12:15:46.855 > btc price:
12:15:46.904 > >>> [i] Miner: newJob>false / inRun>false) - Client: connected>false / subscribed>false / wificonnected>true
12:15:47.913 > >>> Completed 0 share(s), 0 Khashes, avg. hashrate 0.00 KH/s
12:15:47.916 > btc price:
12:15:47.965 > >>> [i] Miner: newJob>false / inRun>false) - Client: connected>false / subscribed>false / wificonnected>true
12:15:48.974 > >>> Completed 0 share(s), 0 Khashes, avg. hashrate 0.00 KH/s
12:15:48.977 > btc price:
12:15:49.026 > >>> [i] Miner: newJob>false / inRun>false) - Client: connected>false / subscribed>false / wificonnected>true
12:15:50.035 > >>> Completed 0 share(s), 0 Khashes, avg. hashrate 0.00 KH/s
12:15:50.038 > btc price:
12:15:50.087 > >>> [i] Miner: newJob>false / inRun>false) - Client: connected>false / subscribed>false / wificonnected>true
12:15:51.096 > >>> Completed 0 share(s), 0 Khashes, avg. hashrate 0.00 KH/s
12:15:51.099 > btc price:
12:15:51.148 > >>> [i] Miner: newJob>false / inRun>false) - Client: connected>false / subscribed>false / wificonnected>true
12:15:52.157 > >>> Completed 0 share(s), 0 Khashes, avg. hashrate 0.00 KH/s
12:15:52.160 > btc price:
12:15:52.209 > >>> [i] Miner: newJob>false / inRun>false) - Client: connected>false / subscribed>false / wificonnected>true
12:15:53.218 > >>> Completed 0 share(s), 0 Khashes, avg. hashrate 0.00 KH/s
12:15:53.221 > btc price:
12:15:53.270 > >>> [i] Miner: newJob>false / inRun>false) - Client: connected>false / subscribed>false / wificonnected>true
12:15:54.279 > >>> Completed 0 share(s), 0 Khashes, avg. hashrate 0.00 KH/s
12:15:54.282 > btc price:
12:15:54.331 > >>> [i] Miner: newJob>false / inRun>false) - Client: connected>false / subscribed>false / wificonnected>true
12:15:55.340 > >>> Completed 0 share(s), 0 Khashes, avg. hashrate 0.00 KH/s
12:15:55.343 > btc price:
12:15:55.392 > >>> [i] Miner: newJob>false / inRun>false) - Client: connected>false / subscribed>false / wificonnected>true
12:15:56.401 > >>> Completed 0 share(s), 0 Khashes, avg. hashrate 0.00 KH/s
12:15:56.404 > btc price:
12:15:56.453 > >>> [i] Miner: newJob>false / inRun>false) - Client: connected>false / subscribed>false / wificonnected>true
12:15:57.462 > >>> Completed 0 share(s), 0 Khashes, avg. hashrate 0.00 KH/s
12:15:57.465 > btc price:
12:15:57.515 > >>> [i] Miner: newJob>false / inRun>false) - Client: connected>false / subscribed>false / wificonnected>true
12:15:58.525 > >>> Completed 0 share(s), 0 Khashes, avg. hashrate 0.00 KH/s
12:15:58.527 > btc price:
12:15:58.576 > >>> [i] Miner: newJob>false / inRun>false) - Client: connected>false / subscribed>false / wificonnected>true
12:15:59.586 > >>> Completed 0 share(s), 0 Khashes, avg. hashrate 0.00 KH/s
12:15:59.589 > btc price:
12:15:59.638 > >>> [i] Miner: newJob>false / inRun>false) - Client: connected>false / subscribed>false / wificonnected>true
12:16:00.647 > >>> Completed 0 share(s), 0 Khashes, avg. hashrate 0.00 KH/s
12:16:00.650 > btc price:
12:16:00.699 > >>> [i] Miner: newJob>false / inRun>false) - Client: connected>false / subscribed>false / wificonnected>true
12:16:01.708 > >>> Completed 0 share(s), 0 Khashes, avg. hashrate 0.00 KH/s
12:16:01.711 > btc price:
12:16:01.760 > >>> [i] Miner: newJob>false / inRun>false) - Client: connected>false / subscribed>false / wificonnected>true
12:16:02.769 > >>> Completed 0 share(s), 0 Khashes, avg. hashrate 0.00 KH/s
12:16:02.772 > btc price:
12:16:02.821 > >>> [i] Miner: newJob>false / inRun>false) - Client: connected>false / subscribed>false / wificonnected>true
12:16:03.830 > >>> Completed 0 share(s), 0 Khashes, avg. hashrate 0.00 KH/s
12:16:03.833 > btc price:
12:16:03.882 > >>> [i] Miner: newJob>false / inRun>false) - Client: connected>false / subscribed>false / wificonnected>true
12:16:04.891 > >>> Completed 0 share(s), 0 Khashes, avg. hashrate 0.00 KH/s
12:16:04.894 > btc price:
12:16:04.943 > >>> [i] Miner: newJob>false / inRun>false) - Client: connected>false / subscribed>false / wificonnected>true
12:16:05.952 > >>> Completed 0 share(s), 0 Khashes, avg. hashrate 0.00 KH/s
12:16:05.955 > btc price:
12:16:06.004 > >>> [i] Miner: newJob>false / inRun>false) - Client: connected>false / subscribed>false / wificonnected>true
12:16:07.013 > >>> Completed 0 share(s), 0 Khashes, avg. hashrate 0.00 KH/s
12:16:07.016 > btc price:
12:16:07.066 > >>> [i] Miner: newJob>false / inRun>false) - Client: connected>false / subscribed>false / wificonnected>true
12:16:08.074 > >>> Completed 0 share(s), 0 Khashes, avg. hashrate 0.00 KH/s
12:16:08.077 > btc price:
12:16:08.126 > >>> [i] Miner: newJob>false / inRun>false) - Client: connected>false / subscribed>false / wificonnected>true
12:16:09.135 > >>> Completed 0 share(s), 0 Khashes, avg. hashrate 0.00 KH/s
12:16:09.138 > btc price:
12:16:09.187 > >>> [i] Miner: newJob>false / inRun>false) - Client: connected>false / subscribed>false / wificonnected>true
12:16:10.196 > >>> Completed 0 share(s), 0 Khashes, avg. hashrate 0.00 KH/s
12:16:10.199 > btc price:
12:16:10.248 > >>> [i] Miner: newJob>false / inRun>false) - Client: connected>false / subscribed>false / wificonnected>true
12:16:11.257 > >>> Completed 0 share(s), 0 Khashes, avg. hashrate 0.00 KH/s
12:16:11.260 > btc price:
12:16:11.309 > >>> [i] Miner: newJob>false / inRun>false) - Client: connected>false / subscribed>false / wificonnected>true
12:16:12.318 > >>> Completed 0 share(s), 0 Khashes, avg. hashrate 0.00 KH/s
12:16:12.321 > btc price:
12:16:12.372 > >>> [i] Miner: newJob>false / inRun>false) - Client: connected>false / subscribed>false / wificonnected>true
12:16:13.381 > >>> Completed 0 share(s), 0 Khashes, avg. hashrate 0.00 KH/s
12:16:13.384 > btc price:
12:16:13.433 > >>> [i] Miner: newJob>false / inRun>false) - Client: connected>false / subscribed>false / wificonnected>true
12:16:14.442 > >>> Completed 0 share(s), 0 Khashes, avg. hashrate 0.00 KH/s
12:16:14.445 > btc price:
12:16:14.494 > >>> [i] Miner: newJob>false / inRun>false) - Client: connected>false / subscribed>false / wificonnected>true
12:16:15.503 > >>> Completed 0 share(s), 0 Khashes, avg. hashrate 0.00 KH/s
12:16:15.506 > btc price:
12:16:15.556 > >>> [i] Miner: newJob>false / inRun>false) - Client: connected>false / subscribed>false / wificonnected>true
12:16:16.565 > >>> Completed 0 share(s), 0 Khashes, avg. hashrate 0.00 KH/s
12:16:16.568 > btc price:
12:16:16.617 > >>> [i] Miner: newJob>false / inRun>false) - Client: connected>false / subscribed>false / wificonnected>true
12:16:17.626 > >>> Completed 0 share(s), 0 Khashes, avg. hashrate 0.00 KH/s
12:16:17.629 > btc price:
12:16:17.679 > >>> [i] Miner: newJob>false / inRun>false) - Client: connected>false / subscribed>false / wificonnected>true
12:16:18.687 > >>> Completed 0 share(s), 0 Khashes, avg. hashrate 0.00 KH/s
12:16:18.690 > btc price:
12:16:18.739 > >>> [i] Miner: newJob>false / inRun>false) - Client: connected>false / subscribed>false / wificonnected>true
12:16:19.748 > >>> Completed 0 share(s), 0 Khashes, avg. hashrate 0.00 KH/s
12:16:19.751 > btc price:
12:16:19.800 > >>> [i] Miner: newJob>false / inRun>false) - Client: connected>false / subscribed>false / wificonnected>true
12:16:20.809 > >>> Completed 0 share(s), 0 Khashes, avg. hashrate 0.00 KH/s
12:16:20.812 > btc price:
12:16:20.861 > >>> [i] Miner: newJob>false / inRun>false) - Client: connected>false / subscribed>false / wificonnected>true
12:16:21.870 > >>> Completed 0 share(s), 0 Khashes, avg. hashrate 0.00 KH/s
12:16:21.873 > btc price:
12:16:21.922 > >>> [i] Miner: newJob>false / inRun>false) - Client: connected>false / subscribed>false / wificonnected>true
12:16:22.931 > >>> Completed 0 share(s), 0 Khashes, avg. hashrate 0.00 KH/s
12:16:22.934 > btc price:
12:16:22.983 > >>> [i] Miner: newJob>false / inRun>false) - Client: connected>false / subscribed>false / wificonnected>true
12:16:23.992 > >>> Completed 0 share(s), 0 Khashes, avg. hashrate 0.00 KH/s
12:16:23.995 > btc price:
12:16:24.044 > >>> [i] Miner: newJob>false / inRun>false) - Client: connected>false / subscribed>false / wificonnected>true
12:16:25.053 > >>> Completed 0 share(s), 0 Khashes, avg. hashrate 0.00 KH/s
12:16:25.056 > btc price:
12:16:25.105 > >>> [i] Miner: newJob>false / inRun>false) - Client: connected>false / subscribed>false / wificonnected>true
12:16:26.114 > >>> Completed 0 share(s), 0 Khashes, avg. hashrate 0.00 KH/s
12:16:26.117 > btc price:
12:16:26.166 > >>> [i] Miner: newJob>false / inRun>false) - Client: connected>false / subscribed>false / wificonnected>true
12:16:27.175 > >>> Completed 0 share(s), 0 Khashes, avg. hashrate 0.00 KH/s
12:16:27.178 > btc price:
12:16:27.228 > >>> [i] Miner: newJob>false / inRun>false) - Client: connected>false / subscribed>false / wificonnected>true
12:16:28.237 > >>> Completed 0 share(s), 0 Khashes, avg. hashrate 0.00 KH/s
12:16:28.240 > btc price:
12:16:28.289 > >>> [i] Miner: newJob>false / inRun>false) - Client: connected>false / subscribed>false / wificonnected>true
12:16:29.298 > >>> Completed 0 share(s), 0 Khashes, avg. hashrate 0.00 KH/s
12:16:29.301 > btc price:
12:16:29.350 > >>> [i] Miner: newJob>false / inRun>false) - Client: connected>false / subscribed>false / wificonnected>true
12:16:30.359 > >>> Completed 0 share(s), 0 Khashes, avg. hashrate 0.00 KH/s
12:16:30.362 > btc price:
12:16:30.412 > >>> [i] Miner: newJob>false / inRun>false) - Client: connected>false / subscribed>false / wificonnected>true
12:16:31.421 > >>> Completed 0 share(s), 0 Khashes, avg. hashrate 0.00 KH/s
12:16:31.424 > btc price:
12:16:31.473 > >>> [i] Miner: newJob>false / inRun>false) - Client: connected>false / subscribed>false / wificonnected>true
12:16:32.482 > >>> Completed 0 share(s), 0 Khashes, avg. hashrate 0.00 KH/s
12:16:32.485 > btc price:
12:16:32.535 > >>> [i] Miner: newJob>false / inRun>false) - Client: connected>false / subscribed>false / wificonnected>true
12:16:32.989 > [WORKER] ==> Mining subscribe
12:16:32.997 >   Sending  : {"id": 1, "method": "mining.subscribe", "params": ["NerdMinerV2/V1.6.3"]}
12:16:32.998 > 
12:16:33.545 > >>> Completed 0 share(s), 0 Khashes, avg. hashrate 0.00 KH/s
12:16:33.547 > btc price:
12:16:33.597 > >>> [i] Miner: newJob>false / inRun>false) - Client: connected>false / subscribed>false / wificonnected>true
12:16:34.188 > Client not connected, trying to connect...
12:16:34.606 > >>> Completed 0 share(s), 0 Khashes, avg. hashrate 0.00 KH/s
12:16:34.609 > btc price:
12:16:34.658 > >>> [i] Miner: newJob>false / inRun>false) - Client: connected>false / subscribed>false / wificonnected>true
