18:37:55.470 >   Received message from pool
18:37:55.470 >   Receiving: {"id":114,"error":null,"result":true}
18:37:55.470 >   Parsed JSON: Success
18:37:56.258 > >>> Completed 0 share(s), 176801 Khashes, avg. hashrate 77.22 KH/s
18:37:56.265 > btc price:
18:37:56.265 > 59082$
18:37:57.307 > >>> Completed 0 share(s), 177171 Khashes, avg. hashrate 72.65 KH/s
18:37:57.313 > btc price:
18:37:57.313 > 59082$
18:37:58.355 > >>> Completed 0 share(s), 177253 Khashes, avg. hashrate 78.24 KH/s
18:37:58.361 > btc price:
18:37:58.361 > 59082$
18:37:58.593 >   Received message from pool
18:37:58.594 >   Receiving: {"id":null,"method":"mining.notify","params":["24d9234","b71f5d72137a4b35722b71348a522c4701558e62000302aa0000000000000000","02000000010000000000000000000000000000000000000000000000000000000000000000ffffffff170353140d5075626c69632d506f6f6c","ffffffff0233a2f7120000000017a91423e522dfc6656a8fda3d47b4fa53f7585ac758cd870000000000000000266a24aa21a9ed20d627fb2c67ec20316202497a2a21b613959656e2618569bff1038706c1fde600000000",["5f3e593f26c873eca1cc9e333a2c65faba88e130c1a164c221a96dd89e8ce948","0ad6d065afb5431ee1d57e27024c27353cabe4aec9612c1c3e514558b0b8a4a0","d0160e664f51df4da710fe77403f5ccef917dc46c06f757d049f9f8527b1477c","8aaaae7bab6d6ca5fd864f8a1ca5edf95b42d514c2d0cc9f322ca923ffd7306c","da51b26550eb0eb75d06e958193c660ff13307539422b6b7ac32ea6444f52947","cb92768e53a4bdf17dbe4d54f41001bf7c8b542fb1115459759c1f8f348d4265","26fa8781e4d5045c8cb5dabd4759a9b406358adfced8979f59438b15955920d9","5d0c4abc5c7f902d3729383c6d210a46ba96b689c3d21de52fe9e7d23ba8d64c","da067f2f60cae2a97ffe79cb7a3a3bb12e19e6849bc4b8a174e8761b97265c27","a83e35aed8a363968ba5da1c74b00e71ef7d5c1a571bafaf757959b361ef3873","848bbd6290920e15ae520a157ec3bfcf0c16a1b37f1a056f85368dab993915be","679c9c5ba5f9492c98156269ecb18e947f3ea2ecf59df1cd7265fd155582d1d4","ed1c13c99b9e5e2f5bbebc502ff2374aa9d734d94464e8e87acd5fd7a1f636b0"],"20000000","17033d76","66c07d85",false]}
18:37:58.712 >     Parsing Method [MINING NOTIFY]
18:37:58.715 > MINER WORK ABORTED >> waiting new job
18:37:58.718 > >>> Finished job waiting new data from pool    target: 000000000000000000033d760000000000000000000000000000000000000000
18:37:58.729 > MINER WORK ABORTED >> waiting new job
18:37:58.732 >     coinbase: 02000000010000000000000000000000000000000000000000000000000000000000000000ffffffff170353140d5075626c69632d506f6f6c0b29b2ff00000041ffffffff0233a2f7120000000017a91423e522dfc6656a8fda3d47b4fa53f7585ac758cd870000000000000000266a24aa21a9ed20d627fb2c67ec20316202497a2a21b613959656e2618569bff1038706c1fde600000000
18:37:58.760 > >>> Finished job waiting new data from pool    merkle sha         : >>> Resetting watchdog timer>>> Resetting watchdog timerff38484594197a4123b4dcc8b2fb0bcc7021ee8096356f0d3a24d421a05b4754
18:37:58.872 > >>> STARTING TO HASH NONCES
18:37:58.872 > >>> STARTING TO HASH NONCES
18:37:59.404 > >>> Completed 0 share(s), 177321 Khashes, avg. hashrate 64.82 KH/s
18:37:59.410 > btc price:
18:37:59.410 > 59082$
