18:14:58.441 > >>> Completed 0 share(s), 71249 Khashes, avg. hashrate 76.92 KH/s
18:14:58.441 > btc price:
18:14:58.962 >   Received message from pool
18:14:58.963 >   Receiving: {"id":null,"method":"mining.notify","params":["24cf5b7","fc142eb114923b5fa388ba91af98b01be990519e000250fc0000000000000000","02000000010000000000000000000000000000000000000000000000000000000000000000ffffffff170352140d5075626c69632d506f6f6c","ffffffff022144e5120000000017a91423e522dfc6656a8fda3d47b4fa53f7585ac758cd870000000000000000266a24aa21a9edc2f3a7b57258d9b07538382ce037586e7e80d6a6bc64abbc70cf14777c36c9d200000000",["b3bc560ba0d225ad5550e2d1eaca3f3e521f05fb96d43c56af6da405c57ce8eb","90db0784f8962842a2888452a43a3f8e14150f4ee7637bc524581e5ee6e4c1d2","8ca8f904de87a9dbec57286f01ba1387677e98f90a187cae97844df6a90953ab","c2f8e36443e6db1cdd93a0ca4134c72c16d034807136d2f2b7a2da6340b68809","bbeaadf72316fcd6a2ffab39bef225e13a8d0fac4a8dba88ae5f02e895b11537","5a3b87b0f201587f1f7a9b2bf08cb1a1f248266a9a1887b1df00e96579c255d9","179126af93caa1762a4b88a67239287528211b480a732967c4fefa7c4911183d","b7b3774a097cb1328c976a39562b441d6915307f6096e017888e9a870f22e318","2197265a5919551ed20e81a906a457654029348e67157a0ca478646fc32e6e32","79c515005fca7605c67ed4c6802b14618f490becec2722a7ae22e5fcd13833a6","afda8b909940787f6e169dfa5152074a2189d852c1a383d8524b028ddc35fa12","a06610383c3d846e69b7e4b5d7e7ce36c5ea30a63509c3e39df0f4ef78eee700","de25915d30eacc74d15b3e669346007a80ae889d30b2c9cbcfc714f918c5d64d"],"20000000","17033d76","66c07821",false]}
18:14:59.082 >     Parsing Method [MINING NOTIFY]
18:14:59.084 > MINER WORK ABORTED >> waiting new job
18:14:59.087 > >>> Finished job waiting new data from pool    target: 000000000000000000033d760000000000000000000000000000000000000000
18:14:59.098 > MINER WORK ABORTED >> waiting new job    coinbase: 02000000010000000000000000000000000000000000000000000000000000000000000000ffffffff170352140d5075626c69632d506f6f6c0b29b2ff00000018ffffffff022144e5120000000017a91423e522dfc6656a8fda3d47b4fa53f7585ac758cd870000000000000000266a24aa21a9edc2f3a7b57258d9b07538382ce037586e7e80d6a6bc64abbc70cf14777c36c9d200000000
18:14:59.129 > 
18:14:59.129 > >>> Finished job waiting new data from pool    merkle sha         : >>> Resetting watchdog timer>>> Resetting watchdog timerfea5989f69664a99b0b33ca7458095713575f0f90aa55d3f3e6d11db683528b6
18:14:59.241 > >>> STARTING TO HASH NONCES
18:14:59.241 > >>> STARTING TO HASH NONCES
18:14:59.470 > >>> Completed 0 share(s), 71318 Khashes, avg. hashrate 64.67 KH/s
18:14:59.476 > btc price:
18:15:00.535 > >>> Completed 0 share(s), 71400 Khashes, avg. hashrate 77.00 KH/s
18:15:00.541 > btc price:
18:15:01.600 > >>> Completed 0 share(s), 71482 Khashes, avg. hashrate 77.00 KH/s
18:15:01.606 > btc price:
18:15:01.862 >   Sending  : {"id": 54, "method": "mining.submit", "params": ["34xp4vRoCGJym3xR7yCVPFHoCNxv4Twseo","24cf5b7","00000018","66c07821","1a9a8c9c"]}
18:15:01.873 >    - Current diff share: 0.001437843998
18:15:01.875 >    - Current pool diff : 0.001000000000
18:15:01.881 >    - TX SHARE: a7bd8349b072ab38b55249324c304e67c4eac3e22eaebff9c81da279b7020000
18:15:02.666 > >>> Completed 0 share(s), 71563 Khashes, avg. hashrate 75.98 KH/s
18:15:02.672 > btc price:
