13:40:54.618 > TimeClient NTPupdateTime >>> Completed 0 share(s), 0 Khashes, avg. hashrate 0.00 KH/s
13:40:54.618 > btc price:
13:40:54.618 > >>> [i] Miner: newJob>false / inRun>false) - Client: connected>true / subscribed>false / wificonnected>true
13:40:54.679 > Client not connected, trying to connect...
13:40:54.685 > [WORKER] ==> Mining subscribe
13:40:54.685 >   Sending  : {"id": 1, "method": "mining.subscribe", "params": ["NerdMinerV2/V1.6.3"]}
13:40:54.695 > 
13:40:55.887 > Client not connected, trying to connect...
13:40:55.896 > [WORKER] ==> Mining subscribe
13:40:55.896 >   Sending  : {"id": 1, "method": "mining.subscribe", "params": ["NerdMinerV2/V1.6.3"]}
13:40:55.906 > 
13:40:56.598 > TimeClient NTPupdateTime >>> Completed 0 share(s), 0 Khashes, avg. hashrate 0.00 KH/s
13:40:56.608 > btc price:
13:40:56.657 > >>> [i] Miner: newJob>false / inRun>false) - Client: connected>true / subscribed>false / wificonnected>true
13:40:57.099 > Client not connected, trying to connect...
13:40:57.109 > [WORKER] ==> Mining subscribe
13:40:57.109 >   Sending  : {"id": 1, "method": "mining.subscribe", "params": ["NerdMinerV2/V1.6.3"]}
13:40:57.118 > 
13:40:58.312 > Client not connected, trying to connect...
13:40:58.326 > [WORKER] ==> Mining subscribe
13:40:58.326 >   Sending  : {"id": 1, "method": "mining.subscribe", "params": ["NerdMinerV2/V1.6.3"]}
13:40:58.336 > 
13:40:58.689 > TimeClient NTPupdateTime >>> Completed 0 share(s), 0 Khashes, avg. hashrate 0.00 KH/s
13:40:58.699 > btc price:
13:40:58.749 > >>> [i] Miner: newJob>false / inRun>false) - Client: connected>true / subscribed>false / wificonnected>true
