18:10:57.790 > >>> Completed 0 share(s), 52743 Khashes, avg. hashrate 77.00 KH/s
18:10:57.790 > btc price:
18:10:58.746 > >>> Completed 0 share(s), 52825 Khashes, avg. hashrate 76.92 KH/s
18:10:58.752 > btc price:
18:10:58.804 >   Received message from pool
18:10:58.804 >   Receiving: {"id":null,"method":"mining.notify","params":["24cdaa7","fc142eb114923b5fa388ba91af98b01be990519e000250fc0000000000000000","02000000010000000000000000000000000000000000000000000000000000000000000000ffffffff170352140d5075626c69632d506f6f6c","ffffffff023d9dda120000000017a91423e522dfc6656a8fda3d47b4fa53f7585ac758cd870000000000000000266a24aa21a9ed08bba3a323cce6f4401cd0c729c8771dc0f00b70127fd9e1db168fe8bfd34a3400000000",["d5262b56a3b4fef190d51db9f689b9b7b680bd4487b680c2b0f891abb72e3790","79272f87aaa33364b9bbf0e411ad0bb6ff6d372ffd23a168d8efe25f609891e7","705d7695de43c2c80c400150701670968c47fdf10f15ebecf1fac89ccf083fb2","6960d76838d6e6cafe228e2ef56481f7c72340aecd8eefbe64253cdadc7b22c5","f071c57ef2fac168393aa9ab067ca33250cb8dad2d2ceba85589e8553208c874","226495b6b644a5c8faa7cd1458d1047dbe7286373b4e523e81d611be5901657a","aac46232f81b548bb52cd334467a4114b386cd5377202c4a2fcd9117c5eb4d2b","91ef3778e6f523309b8eb6f85ac023ff1a8ffb2221031a7d8128f462e01edc61","54e0f45bd2356905c13c828e60a279d17da6e3a60ed393f9ee48ff86e807abd8","74fc0b683419497f0cebd2dd9d698285efb61facebc03617e283636e7fc814dd","f036743904ce2e235e09a20ba044299664cb10f275e274e37027bf17d12c337f","31116aae45e3cda96a34a624b581f6a5bcc373b0d6590838f39c2a121fcd0e4b","ec92b585fb3377ce3b99d2b2814b5549a303115beadd5ed2170603af2c7733d4"],"20000000","17033d76","66c07731",false]}
18:10:58.923 >     Parsing Method [MINING NOTIFY]
18:10:58.926 > MINER WORK ABORTED >> waiting new job
18:10:58.929 > >>> Finished job waiting new data from pool    target: 000000000000000000033d760000000000000000000000000000000000000000>>> Resetting watchdog timerMINER WORK ABORTED >> waiting new job
18:10:58.946 >     coinbase: 02000000010000000000000000000000000000000000000000000000000000000000000000ffffffff170352140d5075626c69632d506f6f6c0b29b2ff00000014ffffffff023d9dda120000000017a91423e522dfc6656a8fda3d47b4fa53f7585ac758cd870000000000000000266a24aa21a9ed08bba3a323cce6f4401cd0c729c8771dc0f00b70127fd9e1db168fe8bfd34a3400000000
18:10:58.973 > >>> Finished job waiting new data from pool
18:10:58.976 > >>> Resetting watchdog timer    merkle sha         : 470573c07647e6b7c370b49ff5ae59a33503dd7ba4c1ca614c1a5c5fc0a8cf38
18:10:59.044 > >>> STARTING TO HASH NONCES
18:10:59.086 > >>> STARTING TO HASH NONCES
18:10:59.812 > >>> Completed 0 share(s), 52896 Khashes, avg. hashrate 66.60 KH/s
18:10:59.818 > btc price:
18:11:00.878 > >>> Completed 0 share(s), 52978 Khashes, avg. hashrate 76.92 KH/s
18:11:00.884 > btc price:
18:11:01.943 > >>> Completed 0 share(s), 53060 Khashes, avg. hashrate 77.00 KH/s
18:11:01.949 > btc price:
