18:36:58.251 > >>> Completed 0 share(s), 172656 Khashes, avg. hashrate 77.22 KH/s
18:36:58.251 > btc price:
18:36:58.251 > 59082$
18:36:59.191 > >>> Completed 0 share(s), 172737 Khashes, avg. hashrate 77.29 KH/s
18:36:59.198 > btc price:
18:36:59.198 > 59082$
18:36:59.232 >   Received message from pool
18:36:59.235 >   Receiving: {"id":null,"method":"mining.notify","params":["24d8b64","b71f5d72137a4b35722b71348a522c4701558e62000302aa0000000000000000","02000000010000000000000000000000000000000000000000000000000000000000000000ffffffff170353140d5075626c69632d506f6f6c","ffffffff022d93f4120000000017a91423e522dfc6656a8fda3d47b4fa53f7585ac758cd870000000000000000266a24aa21a9edcecc34899fa428675ee320ab7b3072546f41cd4f57bb17d1ceb48c344651a86d00000000",["5f3e593f26c873eca1cc9e333a2c65faba88e130c1a164c221a96dd89e8ce948","0ad6d065afb5431ee1d57e27024c27353cabe4aec9612c1c3e514558b0b8a4a0","d0160e664f51df4da710fe77403f5ccef917dc46c06f757d049f9f8527b1477c","8aaaae7bab6d6ca5fd864f8a1ca5edf95b42d514c2d0cc9f322ca923ffd7306c","da51b26550eb0eb75d06e958193c660ff13307539422b6b7ac32ea6444f52947","1c58ed15d9e87f554bee74c863485ef5c2a6aa60c3ff7af33d3664c33698c187","82afd413886fb29bde7529a7228a2a409f6d8217b0ad5b93cc73ac8319fbefd4","524a8a49e96a3577198441f04a51476e889ce5caf0fb4f8d339eacc28b6d2861","8a54a9167b3825bdcf29c0dd96cfcc2d096a4683b6dd2a9f828ecd1a71d6c253","6993653387407ff3af7edc5be0f1e100a56ea7e568f0d489b5e3d73054470bb4","789310b47c2bf66eaa114174319639ceb8dfd85bbd804e19bf466530d4da97c3","583353d68020689a27f8b02b662c991fb5aeec38964e144045ff62cc7f6312b2","c55d6ab3ab13adf0080941b2717a646ddbfaec4fc554153fba9d2fbd05de5809"],"20000000","17033d76","66c07d49",false]}
18:36:59.352 >     Parsing Method [MINING NOTIFY]
18:36:59.354 > MINER WORK ABORTED >> waiting new job
18:36:59.357 > >>> Finished job waiting new data from pool    target: 000000000000000000033d760000000000000000000000000000000000000000
18:36:59.368 > MINER WORK ABORTED >> waiting new job    coinbase: 02000000010000000000000000000000000000000000000000000000000000000000000000ffffffff170353140d5075626c69632d506f6f6c0b29b2ff00000040ffffffff022d93f4120000000017a91423e522dfc6656a8fda3d47b4fa53f7585ac758cd870000000000000000266a24aa21a9edcecc34899fa428675ee320ab7b3072546f41cd4f57bb17d1ceb48c344651a86d00000000
18:36:59.399 > 
18:36:59.399 > >>> Finished job waiting new data from pool    merkle sha         : >>> Resetting watchdog timer>>> Resetting watchdog timer6b14b4123dd8c9aa43739625b64cab8f1afdd2afbe0b5f96336f55757c94bf94
18:36:59.511 > >>> STARTING TO HASH NONCES
18:36:59.512 > >>> STARTING TO HASH NONCES
18:37:00.239 > >>> Completed 0 share(s), 172806 Khashes, avg. hashrate 65.84 KH/s
18:37:00.246 > btc price:
18:37:00.246 > 59082$
18:37:01.288 > >>> Completed 0 share(s), 172887 Khashes, avg. hashrate 77.22 KH/s
18:37:01.295 > btc price:
18:37:01.295 > 59082$
18:37:02.336 > >>> Completed 0 share(s), 172969 Khashes, avg. hashrate 78.24 KH/s
18:37:02.343 > btc price:
18:37:02.343 > 59082$
