18:12:59.119 > >>> Completed 0 share(s), 62077 Khashes, avg. hashrate 77.00 KH/s
18:12:59.119 > btc price:
18:12:59.164 >   Received message from pool
18:12:59.164 >   Receiving: {"id":null,"method":"mining.notify","params":["24ce832","fc142eb114923b5fa388ba91af98b01be990519e000250fc0000000000000000","02000000010000000000000000000000000000000000000000000000000000000000000000ffffffff170352140d5075626c69632d506f6f6c","ffffffff027c8cdf120000000017a91423e522dfc6656a8fda3d47b4fa53f7585ac758cd870000000000000000266a24aa21a9ed1ff24cfc4d89d9b22aeb5902f818369deafde89da87c3ebaaa18b61f68174d4300000000",["d5262b56a3b4fef190d51db9f689b9b7b680bd4487b680c2b0f891abb72e3790","93157038972af428b4f7f067566ea77dd4a9cf9138538555abcc68f08dc96e73","a28552609ba2876a29e921c52095079519d1866abbc89cde511630f6b6e863f5","7411c67b0bec021f55bccd1a77e9887fb2b3c61c9d2575e65cdef37da38dde99","e30ab61ceabe17f7603a797bac7406d2b260fd3c0763c21df3f0351716466c06","18eb24203cad448b0c02d8ddc23e09165e4eeec24c0afbc1d2bfc3867e6558aa","96843937159879e249cb9d729deab40669030184898d40aed69c52c3883d360e","b0cc1069bf2709305ee742403a4896c138394534f3d94884bcc5828860ada20a","c63b306cff3c52750e98195854f7d777587e20a775e46fee386177e5dacc5838","2264fb2c8d043a126ddc7e1f7a818b9cc7b80beef4963be5041bf2c375f4e6a3","0a7c44852da5582db2eeb95bb3c38b5a5779d1a85d1d29a332c87bd42fb828e5","3815f3a6c6b8068ae30ab128950b08eb994a910d7ba715b2c4f8f5e66b5d20d8","48869a149b99f5bab98e1f6ac20c00069540e6ae6593b74570be17f0bfdc2be1"],"20000000","17033d76","66c077a9",false]}
18:12:59.283 >     Parsing Method [MINING NOTIFY]
18:12:59.286 > MINER WORK ABORTED >> waiting new job
18:12:59.289 > >>> Finished job waiting new data from pool    target: 000000000000000000033d760000000000000000000000000000000000000000
18:12:59.300 > MINER WORK ABORTED >> waiting new job
18:12:59.303 >     coinbase: 02000000010000000000000000000000000000000000000000000000000000000000000000ffffffff170352140d5075626c69632d506f6f6c0b29b2ff00000016ffffffff027c8cdf120000000017a91423e522dfc6656a8fda3d47b4fa53f7585ac758cd870000000000000000266a24aa21a9ed1ff24cfc4d89d9b22aeb5902f818369deafde89da87c3ebaaa18b61f68174d4300000000
18:12:59.331 > >>> Finished job waiting new data from pool    merkle sha         : >>> Resetting watchdog timer>>> Resetting watchdog timer55608609871c7f082374a46400b509e17ef1b2944e20f08cfcfe7c3cb24a2aa4
18:12:59.443 > >>> STARTING TO HASH NONCES
18:12:59.443 > >>> STARTING TO HASH NONCES
18:13:00.172 > >>> Completed 0 share(s), 62146 Khashes, avg. hashrate 64.67 KH/s
18:13:00.178 > btc price:
18:13:01.237 > >>> Completed 0 share(s), 62228 Khashes, avg. hashrate 77.00 KH/s
18:13:01.243 > btc price:
18:13:02.302 > >>> Completed 0 share(s), 62311 Khashes, avg. hashrate 77.93 KH/s
18:13:02.308 > btc price:
18:13:03.367 > >>> Completed 0 share(s), 62393 Khashes, avg. hashrate 77.00 KH/s
18:13:03.373 > btc price:
