12:03:14.013 > >>> Completed 0 share(s), 0 Khashes, avg. hashrate 0.00 KH/s
12:03:14.013 > btc price:
12:03:14.013 > >>> [i] Miner: newJob>false / inRun>false) - Client: connected>false / subscribed>false / wificonnected>true
12:03:14.485 > >>> Completed 0 share(s), 0 Khashes, avg. hashrate 0.00 KH/s
12:03:14.488 > btc price:
12:03:14.543 > >>> [i] Miner: newJob>false / inRun>false) - Client: connected>false / subscribed>false / wificonnected>true
12:03:15.547 > >>> Completed 0 share(s), 0 Khashes, avg. hashrate 0.00 KH/s
12:03:15.550 > btc price:
12:03:15.599 > >>> [i] Miner: newJob>false / inRun>false) - Client: connected>false / subscribed>false / wificonnected>true
12:03:16.608 > >>> Completed 0 share(s), 0 Khashes, avg. hashrate 0.00 KH/s
12:03:16.611 > btc price:
12:03:16.660 > >>> [i] Miner: newJob>false / inRun>false) - Client: connected>false / subscribed>false / wificonnected>true
12:03:17.669 > >>> Completed 0 share(s), 0 Khashes, avg. hashrate 0.00 KH/s
12:03:17.672 > btc price:
12:03:17.721 > >>> [i] Miner: newJob>false / inRun>false) - Client: connected>false / subscribed>false / wificonnected>true
12:03:18.730 > >>> Completed 0 share(s), 0 Khashes, avg. hashrate 0.00 KH/s
12:03:18.733 > btc price:
12:03:18.782 > >>> [i] Miner: newJob>false / inRun>false) - Client: connected>false / subscribed>false / wificonnected>true
12:03:19.791 > >>> Completed 0 share(s), 0 Khashes, avg. hashrate 0.00 KH/s
12:03:19.794 > btc price:
12:03:19.843 > >>> [i] Miner: newJob>false / inRun>false) - Client: connected>false / subscribed>false / wificonnected>true
12:03:20.852 > >>> Completed 0 share(s), 0 Khashes, avg. hashrate 0.00 KH/s
12:03:20.855 > btc price:
12:03:20.904 > >>> [i] Miner: newJob>false / inRun>false) - Client: connected>false / subscribed>false / wificonnected>true
12:03:21.913 > >>> Completed 0 share(s), 0 Khashes, avg. hashrate 0.00 KH/s
12:03:21.916 > btc price:
12:03:21.965 > >>> [i] Miner: newJob>false / inRun>false) - Client: connected>false / subscribed>false / wificonnected>true
12:03:22.974 > >>> Completed 0 share(s), 0 Khashes, avg. hashrate 0.00 KH/s
12:03:22.977 > btc price:
12:03:23.026 > >>> [i] Miner: newJob>false / inRun>false) - Client: connected>false / subscribed>false / wificonnected>true
12:03:24.035 > >>> Completed 0 share(s), 0 Khashes, avg. hashrate 0.00 KH/s
12:03:24.038 > btc price:
12:03:24.087 > >>> [i] Miner: newJob>false / inRun>false) - Client: connected>false / subscribed>false / wificonnected>true
12:03:25.096 > >>> Completed 0 share(s), 0 Khashes, avg. hashrate 0.00 KH/s
12:03:25.099 > btc price:
12:03:25.148 > >>> [i] Miner: newJob>false / inRun>false) - Client: connected>false / subscribed>false / wificonnected>true
12:03:26.157 > >>> Completed 0 share(s), 0 Khashes, avg. hashrate 0.00 KH/s
12:03:26.160 > btc price:
12:03:26.209 > >>> [i] Miner: newJob>false / inRun>false) - Client: connected>false / subscribed>false / wificonnected>true
12:03:27.218 > >>> Completed 0 share(s), 0 Khashes, avg. hashrate 0.00 KH/s
12:03:27.221 > btc price:
12:03:27.270 > >>> [i] Miner: newJob>false / inRun>false) - Client: connected>false / subscribed>false / wificonnected>true
12:03:28.279 > >>> Completed 0 share(s), 0 Khashes, avg. hashrate 0.00 KH/s
12:03:28.282 > btc price:
12:03:28.331 > >>> [i] Miner: newJob>false / inRun>false) - Client: connected>false / subscribed>false / wificonnected>true
12:03:29.340 > >>> Completed 0 share(s), 0 Khashes, avg. hashrate 0.00 KH/s
12:03:29.343 > btc price:
12:03:29.393 > >>> [i] Miner: newJob>false / inRun>false) - Client: connected>false / subscribed>false / wificonnected>true
12:03:30.402 > >>> Completed 0 share(s), 0 Khashes, avg. hashrate 0.00 KH/s
12:03:30.405 > btc price:
12:03:30.454 > >>> [i] Miner: newJob>false / inRun>false) - Client: connected>false / subscribed>false / wificonnected>true
12:03:31.463 > >>> Completed 0 share(s), 0 Khashes, avg. hashrate 0.00 KH/s
12:03:31.466 > btc price:
12:03:31.515 > >>> [i] Miner: newJob>false / inRun>false) - Client: connected>false / subscribed>false / wificonnected>true
12:03:32.524 > >>> Completed 0 share(s), 0 Khashes, avg. hashrate 0.00 KH/s
12:03:32.527 > btc price:
12:03:32.577 > >>> [i] Miner: newJob>false / inRun>false) - Client: connected>false / subscribed>false / wificonnected>true
12:03:33.586 > >>> Completed 0 share(s), 0 Khashes, avg. hashrate 0.00 KH/s
12:03:33.589 > btc price:
12:03:33.638 > >>> [i] Miner: newJob>false / inRun>false) - Client: connected>false / subscribed>false / wificonnected>true
12:03:34.647 > >>> Completed 0 share(s), 0 Khashes, avg. hashrate 0.00 KH/s
12:03:34.650 > btc price:
12:03:34.699 > >>> [i] Miner: newJob>false / inRun>false) - Client: connected>false / subscribed>false / wificonnected>true
12:03:35.709 > >>> Completed 0 share(s), 0 Khashes, avg. hashrate 0.00 KH/s
12:03:35.711 > btc price:
12:03:35.760 > >>> [i] Miner: newJob>false / inRun>false) - Client: connected>false / subscribed>false / wificonnected>true
12:03:36.769 > >>> Completed 0 share(s), 0 Khashes, avg. hashrate 0.00 KH/s
12:03:36.772 > btc price:
12:03:36.821 > >>> [i] Miner: newJob>false / inRun>false) - Client: connected>false / subscribed>false / wificonnected>true
12:03:37.830 > >>> Completed 0 share(s), 0 Khashes, avg. hashrate 0.00 KH/s
12:03:37.833 > btc price:
12:03:37.882 > >>> [i] Miner: newJob>false / inRun>false) - Client: connected>false / subscribed>false / wificonnected>true
12:03:38.891 > >>> Completed 0 share(s), 0 Khashes, avg. hashrate 0.00 KH/s
12:03:38.894 > btc price:
12:03:38.943 > >>> [i] Miner: newJob>false / inRun>false) - Client: connected>false / subscribed>false / wificonnected>true
12:03:39.952 > >>> Completed 0 share(s), 0 Khashes, avg. hashrate 0.00 KH/s
12:03:39.955 > btc price:
12:03:40.005 > >>> [i] Miner: newJob>false / inRun>false) - Client: connected>false / subscribed>false / wificonnected>true
12:03:41.014 > >>> Completed 0 share(s), 0 Khashes, avg. hashrate 0.00 KH/s
12:03:41.017 > btc price:
12:03:41.066 > >>> [i] Miner: newJob>false / inRun>false) - Client: connected>false / subscribed>false / wificonnected>true
12:03:42.075 > >>> Completed 0 share(s), 0 Khashes, avg. hashrate 0.00 KH/s
12:03:42.078 > btc price:
12:03:42.127 > >>> [i] Miner: newJob>false / inRun>false) - Client: connected>false / subscribed>false / wificonnected>true
12:03:43.136 > >>> Completed 0 share(s), 0 Khashes, avg. hashrate 0.00 KH/s
12:03:43.139 > btc price:
12:03:43.188 > >>> [i] Miner: newJob>false / inRun>false) - Client: connected>false / subscribed>false / wificonnected>true
12:03:44.088 > long click
12:03:44.088 > 
12:03:44.088 > Erasing Config, restarting
12:03:44.091 > SPIFS: Erasing config file..
12:03:44.095 > *wm:resetSettings 
12:03:44.197 > >>> Completed 0 share(s), 0 Khashes, avg. hashrate 0.00 KH/s
12:03:44.200 > btc price:
12:03:44.249 > >>> [i] Miner: newJob>false / inRun>false) - Client: connected>false / subscribed>false / wificonnected>true
12:03:44.676 > *wm:SETTINGS ERASED 
12:03:44.683 > ESP-ROM:esp32s3-20210327
12:03:44.683 > Build:Mar 27 2021
12:03:44.686 > rst:0xc (RTC_SW_CPU_RST),boot:0x8 (SPI_FAST_FLASH_BOOT)
12:03:44.692 > Saved PC:0x420cf946
12:03:44.692 > SPIWP:0xee
12:03:44.694 > mode:DIO, clock div:1
12:03:44.694 > load:0x3fce3808,len:0x44c
12:03:44.697 > load:0x403c9700,len:0xbd8
12:03:44.700 > load:0x403cc700,len:0x2a80
12:03:44.702 > entry 0x403c98d0
12:03:45.172 > NerdMiner v2 starting......
12:03:49.472 > SPIFS: Mounting File System...
12:03:49.530 > SPIFS: Mounted
12:03:49.575 > SPIFS: No config file available!
12:03:49.578 > AllDone: 
12:03:49.592 > *wm:StartAP with SSID:  NerdMinerAP
12:03:50.891 > *wm:AP IP address: 192.168.4.1
12:03:50.893 > Entered Configuration Mode
12:03:50.894 > Config SSID: NerdMinerAP
12:03:50.896 > Config IP Address: 192.168.4.1
12:03:50.899 > *wm:Starting Web Portal 
12:07:30.707 > [226028][E][WebServer.cpp:648] _handleRequest(): request handler not found
12:07:33.014 > *wm:[ERROR] scan waiting 
12:07:33.014 > *wm:. 
12:07:33.114 > *wm:. 
12:07:33.214 > *wm:. 
12:07:33.314 > *wm:. 
12:07:33.414 > *wm:. 
12:07:33.514 > *wm:. 
12:07:33.614 > *wm:. 
12:07:33.714 > *wm:. 
12:07:33.814 > *wm:. 
12:07:33.914 > *wm:. 
12:07:34.014 > *wm:. 
12:07:34.114 > *wm:. 
12:07:34.214 > *wm:. 
12:07:34.314 > *wm:. 
12:07:34.413 > *wm:. 
12:07:34.514 > *wm:. 
12:07:34.613 > *wm:. 
12:07:34.713 > *wm:. 
12:07:34.814 > *wm:. 
12:07:34.914 > *wm:. 
12:07:35.013 > *wm:. 
12:07:35.114 > *wm:. 
12:07:35.214 > *wm:. 
12:07:35.314 > *wm:. 
12:07:35.413 > *wm:. 
12:07:35.514 > *wm:. 
12:07:35.613 > *wm:. 
12:07:35.714 > *wm:. 
12:07:35.814 > *wm:. 
12:07:35.914 > *wm:. 
12:07:36.013 > *wm:. 
12:07:36.114 > *wm:. 
12:07:36.214 > *wm:. 
12:07:36.314 > *wm:. 
12:07:36.413 > *wm:. 
12:07:36.514 > *wm:. 
12:07:36.614 > *wm:. 
12:07:36.715 > *wm:-2 networks found
12:08:06.426 > *wm:Connecting to NEW AP: 1024
12:08:07.856 > *wm:Connect to new AP [SUCCESS] 
12:08:07.859 > *wm:Got IP Address: 
12:08:07.859 > *wm:192.168.3.36 
12:08:07.863 > Should save config
12:08:08.878 > *wm:config portal exiting 
12:08:08.879 > failed to connect and hit timeout
12:08:08.881 > 
12:08:08.883 > SPIFS: Already Mounted
12:08:08.883 > SPIFS: Saving configuration.
12:08:08.975 > {
12:08:08.975 >   "poolString": "public-pool.io",
12:08:08.977 >   "portNumber": 21496,
12:08:08.977 >   "poolPassword": "",
12:08:08.980 >   "btcString": "17Y2uwiTmH4j3Jmv4U33TPdQAYdeKDA1WJ",
12:08:08.985 >   "gmtZone": 2,
12:08:08.985 >   "saveStatsToNVS": false
12:08:08.990 > }
12:08:12.060 > ESP-ROM:esp32s3-20210327
12:08:12.061 > Build:Mar 27 2021
12:08:12.063 > rst:0xc (RTC_SW_CPU_RST),boot:0x8 (SPI_FAST_FLASH_BOOT)
12:08:12.069 > Saved PC:0x420cf946
12:08:12.069 > SPIWP:0xee
12:08:12.071 > mode:DIO, clock div:1
12:08:12.071 > load:0x3fce3808,len:0x44c
12:08:12.074 > load:0x403c9700,len:0xbd8
12:08:12.077 > load:0x403cc700,len:0x2a80
12:08:12.079 > entry 0x403c98d0
12:08:12.548 > NerdMiner v2 starting......
12:08:16.846 > SPIFS: Mounting File System...
12:08:16.904 > SPIFS: Mounted
12:08:16.904 > SPIFS: Loading config file
12:08:16.906 > {
12:08:16.906 >   "poolString": "public-pool.io",
12:08:16.909 >   "portNumber": 21496,
12:08:16.912 >   "poolPassword": "",
12:08:16.915 >   "btcString": "17Y2uwiTmH4j3Jmv4U33TPdQAYdeKDA1WJ",
12:08:16.917 >   "gmtZone": 2,
12:08:16.920 >   "saveStatsToNVS": false
12:08:16.923 > }
12:08:16.923 > AllDone: 
12:08:16.923 > *wm:AutoConnect 
12:08:16.925 > *wm:Connecting to SAVED AP: 1024
12:08:17.728 > *wm:AutoConnect: SUCCESS 
12:08:17.728 > *wm:STA IP Address: 192.168.3.36
12:08:17.731 > 
12:08:17.731 > WiFi connected
12:08:17.733 > IP address: 192.168.3.36
12:08:17.736 > PoolString: public-pool.io
12:08:17.739 > portNumber: 21496
12:08:17.739 > poolPassword: 
12:08:17.742 > btcString: 17Y2uwiTmH4j3Jmv4U33TPdQAYdeKDA1WJ
12:08:17.744 > TimeZone fromUTC: 2
12:08:17.747 > 
12:08:17.747 > Initiating tasks...
12:08:17.750 > [MONITOR] started
12:08:17.750 > 
12:08:17.750 > 
12:08:17.750 > [WORKER] Started. Running (Stratum) on core 1
12:08:17.755 > Client not connected, trying to connect...
12:08:17.758 > [MINER]  0  Started runMiner Task!
12:08:17.761 > [MINER]  1  Started runMiner Task!
12:08:17.764 > TimeClient setup done
12:08:17.767 > CONNECTED - Current ip: 192.168.3.36
12:08:19.812 > Resolved DNS and save ip (first time) got: 68.235.52.36
12:08:20.083 > TimeClient NTPupdateTime >>> Completed 0 share(s), 0 Khashes, avg. hashrate 0.00 KH/s
12:08:20.093 > btc price:
12:08:20.142 > >>> [i] Miner: newJob>false / inRun>false) - Client: connected>false / subscribed>false / wificonnected>true
12:08:21.151 > >>> Completed 0 share(s), 0 Khashes, avg. hashrate 0.00 KH/s
12:08:21.154 > btc price:
12:08:21.203 > >>> [i] Miner: newJob>false / inRun>false) - Client: connected>false / subscribed>false / wificonnected>true
12:08:22.212 > >>> Completed 0 share(s), 0 Khashes, avg. hashrate 0.00 KH/s
12:08:22.215 > btc price:
12:08:22.265 > >>> [i] Miner: newJob>false / inRun>false) - Client: connected>false / subscribed>false / wificonnected>true
12:08:22.814 > Imposible to connect to : public-pool.io
12:08:22.817 > Resolved DNS got: 68.235.52.36
12:08:23.274 > >>> Completed 0 share(s), 0 Khashes, avg. hashrate 0.00 KH/s
12:08:23.277 > btc price:
12:08:23.326 > >>> [i] Miner: newJob>false / inRun>false) - Client: connected>false / subscribed>false / wificonnected>true
12:08:24.335 > >>> Completed 0 share(s), 0 Khashes, avg. hashrate 0.00 KH/s
12:08:24.338 > btc price:
12:08:24.387 > >>> [i] Miner: newJob>false / inRun>false) - Client: connected>false / subscribed>false / wificonnected>true
12:08:25.396 > >>> Completed 0 share(s), 0 Khashes, avg. hashrate 0.00 KH/s
12:08:25.399 > btc price:
12:08:25.448 > >>> [i] Miner: newJob>false / inRun>false) - Client: connected>false / subscribed>false / wificonnected>true
12:08:26.457 > >>> Completed 0 share(s), 0 Khashes, avg. hashrate 0.00 KH/s
12:08:26.460 > btc price:
12:08:26.509 > >>> [i] Miner: newJob>false / inRun>false) - Client: connected>false / subscribed>false / wificonnected>true
12:08:27.518 > >>> Completed 0 share(s), 0 Khashes, avg. hashrate 0.00 KH/s
12:08:27.521 > btc price:
12:08:27.570 > >>> [i] Miner: newJob>false / inRun>false) - Client: connected>false / subscribed>false / wificonnected>true
12:08:28.580 > >>> Completed 0 share(s), 0 Khashes, avg. hashrate 0.00 KH/s
12:08:28.583 > btc price:
12:08:28.632 > >>> [i] Miner: newJob>false / inRun>false) - Client: connected>false / subscribed>false / wificonnected>true
12:08:29.641 > >>> Completed 0 share(s), 0 Khashes, avg. hashrate 0.00 KH/s
12:08:29.644 > btc price:
12:08:29.693 > >>> [i] Miner: newJob>false / inRun>false) - Client: connected>false / subscribed>false / wificonnected>true
12:08:30.702 > >>> Completed 0 share(s), 0 Khashes, avg. hashrate 0.00 KH/s
12:08:30.705 > btc price:
12:08:30.755 > >>> [i] Miner: newJob>false / inRun>false) - Client: connected>false / subscribed>false / wificonnected>true
12:08:31.764 > >>> Completed 0 share(s), 0 Khashes, avg. hashrate 0.00 KH/s
12:08:31.767 > btc price:
12:08:31.816 > >>> [i] Miner: newJob>false / inRun>false) - Client: connected>false / subscribed>false / wificonnected>true
12:08:32.825 > >>> Completed 0 share(s), 0 Khashes, avg. hashrate 0.00 KH/s
12:08:32.828 > btc price:
12:08:32.877 > >>> [i] Miner: newJob>false / inRun>false) - Client: connected>false / subscribed>false / wificonnected>true
12:08:33.886 > >>> Completed 0 share(s), 0 Khashes, avg. hashrate 0.00 KH/s
12:08:33.889 > btc price:
12:08:33.939 > >>> [i] Miner: newJob>false / inRun>false) - Client: connected>false / subscribed>false / wificonnected>true
12:08:34.948 > >>> Completed 0 share(s), 0 Khashes, avg. hashrate 0.00 KH/s
12:08:34.951 > btc price:
12:08:35.000 > >>> [i] Miner: newJob>false / inRun>false) - Client: connected>false / subscribed>false / wificonnected>true
12:08:36.009 > >>> Completed 0 share(s), 0 Khashes, avg. hashrate 0.00 KH/s
12:08:36.012 > btc price:
12:08:36.061 > >>> [i] Miner: newJob>false / inRun>false) - Client: connected>false / subscribed>false / wificonnected>true
12:08:37.070 > >>> Completed 0 share(s), 0 Khashes, avg. hashrate 0.00 KH/s
12:08:37.073 > btc price:
12:08:37.122 > >>> [i] Miner: newJob>false / inRun>false) - Client: connected>false / subscribed>false / wificonnected>true
12:08:38.131 > >>> Completed 0 share(s), 0 Khashes, avg. hashrate 0.00 KH/s
12:08:38.134 > btc price:
12:08:38.183 > >>> [i] Miner: newJob>false / inRun>false) - Client: connected>false / subscribed>false / wificonnected>true
12:08:39.192 > >>> Completed 0 share(s), 0 Khashes, avg. hashrate 0.00 KH/s
12:08:39.195 > btc price:
12:08:39.244 > >>> [i] Miner: newJob>false / inRun>false) - Client: connected>false / subscribed>false / wificonnected>true
12:08:40.253 > >>> Completed 0 share(s), 0 Khashes, avg. hashrate 0.00 KH/s
12:08:40.256 > btc price:
12:08:40.305 > >>> [i] Miner: newJob>false / inRun>false) - Client: connected>false / subscribed>false / wificonnected>true
12:08:41.314 > >>> Completed 0 share(s), 0 Khashes, avg. hashrate 0.00 KH/s
12:08:41.317 > btc price:
12:08:41.366 > >>> [i] Miner: newJob>false / inRun>false) - Client: connected>false / subscribed>false / wificonnected>true
12:08:42.375 > >>> Completed 0 share(s), 0 Khashes, avg. hashrate 0.00 KH/s
12:08:42.378 > btc price:
12:08:42.428 > >>> [i] Miner: newJob>false / inRun>false) - Client: connected>false / subscribed>false / wificonnected>true
12:08:43.437 > >>> Completed 0 share(s), 0 Khashes, avg. hashrate 0.00 KH/s
12:08:43.440 > btc price:
12:08:43.489 > >>> [i] Miner: newJob>false / inRun>false) - Client: connected>false / subscribed>false / wificonnected>true
12:08:44.498 > >>> Completed 0 share(s), 0 Khashes, avg. hashrate 0.00 KH/s
12:08:44.501 > btc price:
12:08:44.550 > >>> [i] Miner: newJob>false / inRun>false) - Client: connected>false / subscribed>false / wificonnected>true
12:08:45.559 > >>> Completed 0 share(s), 0 Khashes, avg. hashrate 0.00 KH/s
12:08:45.562 > btc price:
12:08:45.612 > >>> [i] Miner: newJob>false / inRun>false) - Client: connected>false / subscribed>false / wificonnected>true
12:08:46.620 > >>> Completed 0 share(s), 0 Khashes, avg. hashrate 0.00 KH/s
12:08:46.623 > btc price:
12:08:46.672 > >>> [i] Miner: newJob>false / inRun>false) - Client: connected>false / subscribed>false / wificonnected>true
12:08:47.681 > >>> Completed 0 share(s), 0 Khashes, avg. hashrate 0.00 KH/s
12:08:47.684 > btc price:
12:08:47.733 > >>> [i] Miner: newJob>false / inRun>false) - Client: connected>false / subscribed>false / wificonnected>true
12:08:48.742 > >>> Completed 0 share(s), 0 Khashes, avg. hashrate 0.00 KH/s
12:08:48.745 > btc price:
12:08:48.795 > >>> [i] Miner: newJob>false / inRun>false) - Client: connected>false / subscribed>false / wificonnected>true
12:08:49.803 > >>> Completed 0 share(s), 0 Khashes, avg. hashrate 0.00 KH/s
12:08:49.806 > btc price:
12:08:49.855 > >>> [i] Miner: newJob>false / inRun>false) - Client: connected>false / subscribed>false / wificonnected>true
12:08:50.864 > >>> Completed 0 share(s), 0 Khashes, avg. hashrate 0.00 KH/s
12:08:50.867 > btc price:
12:08:50.917 > >>> [i] Miner: newJob>false / inRun>false) - Client: connected>false / subscribed>false / wificonnected>true
12:08:51.926 > >>> Completed 0 share(s), 0 Khashes, avg. hashrate 0.00 KH/s
12:08:51.928 > btc price:
12:08:51.978 > >>> [i] Miner: newJob>false / inRun>false) - Client: connected>false / subscribed>false / wificonnected>true
12:08:52.986 > >>> Completed 0 share(s), 0 Khashes, avg. hashrate 0.00 KH/s
12:08:52.989 > btc price:
12:08:53.038 > >>> [i] Miner: newJob>false / inRun>false) - Client: connected>false / subscribed>false / wificonnected>true
12:08:54.047 > >>> Completed 0 share(s), 0 Khashes, avg. hashrate 0.00 KH/s
12:08:54.050 > btc price:
12:08:54.099 > >>> [i] Miner: newJob>false / inRun>false) - Client: connected>false / subscribed>false / wificonnected>true
12:08:55.108 > >>> Completed 0 share(s), 0 Khashes, avg. hashrate 0.00 KH/s
12:08:55.111 > btc price:
12:08:55.160 > >>> [i] Miner: newJob>false / inRun>false) - Client: connected>false / subscribed>false / wificonnected>true
12:08:56.169 > >>> Completed 0 share(s), 0 Khashes, avg. hashrate 0.00 KH/s
12:08:56.172 > btc price:
12:08:56.221 > >>> [i] Miner: newJob>false / inRun>false) - Client: connected>false / subscribed>false / wificonnected>true
12:08:57.230 > >>> Completed 0 share(s), 0 Khashes, avg. hashrate 0.00 KH/s
12:08:57.233 > btc price:
12:08:57.283 > >>> [i] Miner: newJob>false / inRun>false) - Client: connected>false / subscribed>false / wificonnected>true
12:08:58.291 > >>> Completed 0 share(s), 0 Khashes, avg. hashrate 0.00 KH/s
12:08:58.294 > btc price:
12:08:58.343 > >>> [i] Miner: newJob>false / inRun>false) - Client: connected>false / subscribed>false / wificonnected>true
12:08:59.352 > >>> Completed 0 share(s), 0 Khashes, avg. hashrate 0.00 KH/s
12:08:59.355 > btc price:
12:08:59.404 > >>> [i] Miner: newJob>false / inRun>false) - Client: connected>false / subscribed>false / wificonnected>true
12:09:00.413 > >>> Completed 0 share(s), 0 Khashes, avg. hashrate 0.00 KH/s
12:09:00.416 > btc price:
12:09:00.465 > >>> [i] Miner: newJob>false / inRun>false) - Client: connected>false / subscribed>false / wificonnected>true
12:09:01.474 > >>> Completed 0 share(s), 0 Khashes, avg. hashrate 0.00 KH/s
12:09:01.477 > btc price:
12:09:01.526 > >>> [i] Miner: newJob>false / inRun>false) - Client: connected>false / subscribed>false / wificonnected>true
12:09:02.535 > >>> Completed 0 share(s), 0 Khashes, avg. hashrate 0.00 KH/s
12:09:02.538 > btc price:
12:09:02.587 > >>> [i] Miner: newJob>false / inRun>false) - Client: connected>false / subscribed>false / wificonnected>true
12:09:03.597 > >>> Completed 0 share(s), 0 Khashes, avg. hashrate 0.00 KH/s
12:09:03.599 > btc price:
12:09:03.648 > >>> [i] Miner: newJob>false / inRun>false) - Client: connected>false / subscribed>false / wificonnected>true
12:09:04.657 > >>> Completed 0 share(s), 0 Khashes, avg. hashrate 0.00 KH/s
12:09:04.660 > btc price:
12:09:04.709 > >>> [i] Miner: newJob>false / inRun>false) - Client: connected>false / subscribed>false / wificonnected>true
12:09:05.718 > >>> Completed 0 share(s), 0 Khashes, avg. hashrate 0.00 KH/s
12:09:05.721 > btc price:
12:09:05.771 > >>> [i] Miner: newJob>false / inRun>false) - Client: connected>false / subscribed>false / wificonnected>true
12:09:06.779 > >>> Completed 0 share(s), 0 Khashes, avg. hashrate 0.00 KH/s
12:09:06.782 > btc price:
12:09:06.831 > >>> [i] Miner: newJob>false / inRun>false) - Client: connected>false / subscribed>false / wificonnected>true
12:09:07.840 > >>> Completed 0 share(s), 0 Khashes, avg. hashrate 0.00 KH/s
12:09:07.843 > btc price:
12:09:07.892 > >>> [i] Miner: newJob>false / inRun>false) - Client: connected>false / subscribed>false / wificonnected>true
12:09:08.901 > >>> Completed 0 share(s), 0 Khashes, avg. hashrate 0.00 KH/s
12:09:08.904 > btc price:
12:09:08.954 > >>> [i] Miner: newJob>false / inRun>false) - Client: connected>false / subscribed>false / wificonnected>true
12:09:09.962 > >>> Completed 0 share(s), 0 Khashes, avg. hashrate 0.00 KH/s
12:09:09.965 > btc price:
12:09:10.014 > >>> [i] Miner: newJob>false / inRun>false) - Client: connected>false / subscribed>false / wificonnected>true
12:09:11.024 > >>> Completed 0 share(s), 0 Khashes, avg. hashrate 0.00 KH/s
12:09:11.026 > btc price:
12:09:11.075 > >>> [i] Miner: newJob>false / inRun>false) - Client: connected>false / subscribed>false / wificonnected>true
12:09:12.084 > >>> Completed 0 share(s), 0 Khashes, avg. hashrate 0.00 KH/s
12:09:12.087 > btc price:
12:09:12.137 > >>> [i] Miner: newJob>false / inRun>false) - Client: connected>false / subscribed>false / wificonnected>true
12:09:13.146 > >>> Completed 0 share(s), 0 Khashes, avg. hashrate 0.00 KH/s
12:09:13.148 > btc price:
12:09:13.197 > >>> [i] Miner: newJob>false / inRun>false) - Client: connected>false / subscribed>false / wificonnected>true
12:09:14.206 > >>> Completed 0 share(s), 0 Khashes, avg. hashrate 0.00 KH/s
12:09:14.209 > btc price:
12:09:14.258 > >>> [i] Miner: newJob>false / inRun>false) - Client: connected>false / subscribed>false / wificonnected>true
12:09:15.268 > >>> Completed 0 share(s), 0 Khashes, avg. hashrate 0.00 KH/s
12:09:15.270 > btc price:
12:09:15.320 > >>> [i] Miner: newJob>false / inRun>false) - Client: connected>false / subscribed>false / wificonnected>true
12:09:16.329 > >>> Completed 0 share(s), 0 Khashes, avg. hashrate 0.00 KH/s
12:09:16.332 > btc price:
12:09:16.381 > >>> [i] Miner: newJob>false / inRun>false) - Client: connected>false / subscribed>false / wificonnected>true
12:09:17.390 > >>> Completed 0 share(s), 0 Khashes, avg. hashrate 0.00 KH/s
12:09:17.393 > btc price:
12:09:17.443 > >>> [i] Miner: newJob>false / inRun>false) - Client: connected>false / subscribed>false / wificonnected>true
12:09:18.453 > >>> Completed 0 share(s), 0 Khashes, avg. hashrate 0.00 KH/s
12:09:18.455 > btc price:
12:09:18.504 > >>> [i] Miner: newJob>false / inRun>false) - Client: connected>false / subscribed>false / wificonnected>true
12:09:19.514 > >>> Completed 0 share(s), 0 Khashes, avg. hashrate 0.00 KH/s
12:09:19.516 > btc price:
12:09:19.565 > >>> [i] Miner: newJob>false / inRun>false) - Client: connected>false / subscribed>false / wificonnected>true
12:09:20.575 > >>> Completed 0 share(s), 0 Khashes, avg. hashrate 0.00 KH/s
12:09:20.577 > btc price:
12:09:20.627 > >>> [i] Miner: newJob>false / inRun>false) - Client: connected>false / subscribed>false / wificonnected>true
12:09:21.637 > >>> Completed 0 share(s), 0 Khashes, avg. hashrate 0.00 KH/s
12:09:21.639 > btc price:
12:09:21.688 > >>> [i] Miner: newJob>false / inRun>false) - Client: connected>false / subscribed>false / wificonnected>true
12:09:22.697 > >>> Completed 0 share(s), 0 Khashes, avg. hashrate 0.00 KH/s
12:09:22.700 > btc price:
12:09:22.749 > >>> [i] Miner: newJob>false / inRun>false) - Client: connected>false / subscribed>false / wificonnected>true
12:09:23.759 > >>> Completed 0 share(s), 0 Khashes, avg. hashrate 0.00 KH/s
12:09:23.761 > btc price:
12:09:23.810 > >>> [i] Miner: newJob>false / inRun>false) - Client: connected>false / subscribed>false / wificonnected>true
12:09:24.820 > >>> Completed 0 share(s), 0 Khashes, avg. hashrate 0.00 KH/s
12:09:24.822 > btc price:
12:09:24.871 > >>> [i] Miner: newJob>false / inRun>false) - Client: connected>false / subscribed>false / wificonnected>true
12:09:25.881 > >>> Completed 0 share(s), 0 Khashes, avg. hashrate 0.00 KH/s
12:09:25.883 > btc price:
12:09:25.933 > >>> [i] Miner: newJob>false / inRun>false) - Client: connected>false / subscribed>false / wificonnected>true
12:09:26.942 > >>> Completed 0 share(s), 0 Khashes, avg. hashrate 0.00 KH/s
12:09:26.944 > btc price:
12:09:26.993 > >>> [i] Miner: newJob>false / inRun>false) - Client: connected>false / subscribed>false / wificonnected>true
12:09:28.002 > >>> Completed 0 share(s), 0 Khashes, avg. hashrate 0.00 KH/s
12:09:28.005 > btc price:
12:09:28.054 > >>> [i] Miner: newJob>false / inRun>false) - Client: connected>false / subscribed>false / wificonnected>true
12:09:29.064 > >>> Completed 0 share(s), 0 Khashes, avg. hashrate 0.00 KH/s
12:09:29.066 > btc price:
12:09:29.116 > >>> [i] Miner: newJob>false / inRun>false) - Client: connected>false / subscribed>false / wificonnected>true
12:09:30.125 > >>> Completed 0 share(s), 0 Khashes, avg. hashrate 0.00 KH/s
12:09:30.127 > btc price:
12:09:30.176 > >>> [i] Miner: newJob>false / inRun>false) - Client: connected>false / subscribed>false / wificonnected>true
12:09:31.186 > >>> Completed 0 share(s), 0 Khashes, avg. hashrate 0.00 KH/s
12:09:31.188 > btc price:
12:09:31.237 > >>> [i] Miner: newJob>false / inRun>false) - Client: connected>false / subscribed>false / wificonnected>true
12:09:32.247 > >>> Completed 0 share(s), 0 Khashes, avg. hashrate 0.00 KH/s
12:09:32.249 > btc price:
12:09:32.299 > >>> [i] Miner: newJob>false / inRun>false) - Client: connected>false / subscribed>false / wificonnected>true
12:09:33.308 > >>> Completed 0 share(s), 0 Khashes, avg. hashrate 0.00 KH/s
12:09:33.310 > btc price:
12:09:33.359 > >>> [i] Miner: newJob>false / inRun>false) - Client: connected>false / subscribed>false / wificonnected>true
12:09:34.369 > >>> Completed 0 share(s), 0 Khashes, avg. hashrate 0.00 KH/s
12:09:34.371 > btc price:
12:09:34.420 > >>> [i] Miner: newJob>false / inRun>false) - Client: connected>false / subscribed>false / wificonnected>true
12:09:35.430 > >>> Completed 0 share(s), 0 Khashes, avg. hashrate 0.00 KH/s
12:09:35.432 > btc price:
12:09:35.482 > >>> [i] Miner: newJob>false / inRun>false) - Client: connected>false / subscribed>false / wificonnected>true
12:09:36.491 > >>> Completed 0 share(s), 0 Khashes, avg. hashrate 0.00 KH/s
12:09:36.493 > btc price:
12:09:36.542 > >>> [i] Miner: newJob>false / inRun>false) - Client: connected>false / subscribed>false / wificonnected>true
12:09:37.552 > >>> Completed 0 share(s), 0 Khashes, avg. hashrate 0.00 KH/s
12:09:37.554 > btc price:
12:09:37.603 > >>> [i] Miner: newJob>false / inRun>false) - Client: connected>false / subscribed>false / wificonnected>true
12:09:38.613 > >>> Completed 0 share(s), 0 Khashes, avg. hashrate 0.00 KH/s
12:09:38.615 > btc price:
12:09:38.665 > >>> [i] Miner: newJob>false / inRun>false) - Client: connected>false / subscribed>false / wificonnected>true
12:09:39.675 > >>> Completed 0 share(s), 0 Khashes, avg. hashrate 0.00 KH/s
12:09:39.677 > btc price:
12:09:39.726 > >>> [i] Miner: newJob>false / inRun>false) - Client: connected>false / subscribed>false / wificonnected>true
12:09:40.736 > >>> Completed 0 share(s), 0 Khashes, avg. hashrate 0.00 KH/s
12:09:40.738 > btc price:
12:09:40.788 > >>> [i] Miner: newJob>false / inRun>false) - Client: connected>false / subscribed>false / wificonnected>true
12:09:41.797 > >>> Completed 0 share(s), 0 Khashes, avg. hashrate 0.00 KH/s
12:09:41.799 > btc price:
12:09:41.849 > >>> [i] Miner: newJob>false / inRun>false) - Client: connected>false / subscribed>false / wificonnected>true
12:09:42.858 > >>> Completed 0 share(s), 0 Khashes, avg. hashrate 0.00 KH/s
12:09:42.860 > btc price:
12:09:42.909 > >>> [i] Miner: newJob>false / inRun>false) - Client: connected>false / subscribed>false / wificonnected>true
12:09:43.919 > >>> Completed 0 share(s), 0 Khashes, avg. hashrate 0.00 KH/s
12:09:43.921 > btc price:
12:09:43.971 > >>> [i] Miner: newJob>false / inRun>false) - Client: connected>false / subscribed>false / wificonnected>true
12:09:44.980 > >>> Completed 0 share(s), 0 Khashes, avg. hashrate 0.00 KH/s
12:09:44.982 > btc price:
12:09:45.031 > >>> [i] Miner: newJob>false / inRun>false) - Client: connected>false / subscribed>false / wificonnected>true
12:09:46.041 > >>> Completed 0 share(s), 0 Khashes, avg. hashrate 0.00 KH/s
12:09:46.043 > btc price:
12:09:46.092 > >>> [i] Miner: newJob>false / inRun>false) - Client: connected>false / subscribed>false / wificonnected>true
12:09:47.102 > >>> Completed 0 share(s), 0 Khashes, avg. hashrate 0.00 KH/s
12:09:47.104 > btc price:
12:09:47.155 > >>> [i] Miner: newJob>false / inRun>false) - Client: connected>false / subscribed>false / wificonnected>true
12:09:48.164 > >>> Completed 0 share(s), 0 Khashes, avg. hashrate 0.00 KH/s
12:09:48.166 > btc price:
12:09:48.215 > >>> [i] Miner: newJob>false / inRun>false) - Client: connected>false / subscribed>false / wificonnected>true
12:09:49.225 > >>> Completed 0 share(s), 0 Khashes, avg. hashrate 0.00 KH/s
12:09:49.227 > btc price:
12:09:49.276 > >>> [i] Miner: newJob>false / inRun>false) - Client: connected>false / subscribed>false / wificonnected>true
12:09:50.286 > >>> Completed 0 share(s), 0 Khashes, avg. hashrate 0.00 KH/s
12:09:50.288 > btc price:
12:09:50.339 > >>> [i] Miner: newJob>false / inRun>false) - Client: connected>false / subscribed>false / wificonnected>true
12:09:51.348 > >>> Completed 0 share(s), 0 Khashes, avg. hashrate 0.00 KH/s
12:09:51.350 > btc price:
12:09:51.399 > >>> [i] Miner: newJob>false / inRun>false) - Client: connected>false / subscribed>false / wificonnected>true
12:09:52.409 > >>> Completed 0 share(s), 0 Khashes, avg. hashrate 0.00 KH/s
12:09:52.411 > btc price:
12:09:52.461 > >>> [i] Miner: newJob>false / inRun>false) - Client: connected>false / subscribed>false / wificonnected>true
12:09:53.470 > >>> Completed 0 share(s), 0 Khashes, avg. hashrate 0.00 KH/s
12:09:53.473 > btc price:
12:09:53.521 > >>> [i] Miner: newJob>false / inRun>false) - Client: connected>false / subscribed>false / wificonnected>true
12:09:54.531 > >>> Completed 0 share(s), 0 Khashes, avg. hashrate 0.00 KH/s
12:09:54.534 > btc price:
12:09:54.582 > >>> [i] Miner: newJob>false / inRun>false) - Client: connected>false / subscribed>false / wificonnected>true
12:09:55.592 > >>> Completed 0 share(s), 0 Khashes, avg. hashrate 0.00 KH/s
12:09:55.594 > btc price:
12:09:55.645 > >>> [i] Miner: newJob>false / inRun>false) - Client: connected>false / subscribed>false / wificonnected>true
12:09:55.816 > [WORKER] ==> Mining subscribe
12:09:55.816 >   Sending  : {"id": 1, "method": "mining.subscribe", "params": ["NerdMinerV2/V1.6.3"]}
12:09:55.825 > 
12:09:56.654 > >>> Completed 0 share(s), 0 Khashes, avg. hashrate 0.00 KH/s
12:09:56.656 > btc price:
12:09:56.705 > >>> [i] Miner: newJob>false / inRun>false) - Client: connected>false / subscribed>false / wificonnected>true
12:09:57.015 > Client not connected, trying to connect...
12:09:57.715 > >>> Completed 0 share(s), 0 Khashes, avg. hashrate 0.00 KH/s
12:09:57.717 > btc price:
12:09:57.766 > >>> [i] Miner: newJob>false / inRun>false) - Client: connected>false / subscribed>false / wificonnected>true
12:09:58.776 > >>> Completed 0 share(s), 0 Khashes, avg. hashrate 0.00 KH/s
12:09:58.778 > btc price:
12:09:58.828 > >>> [i] Miner: newJob>false / inRun>false) - Client: connected>false / subscribed>false / wificonnected>true
12:09:59.838 > >>> Completed 0 share(s), 0 Khashes, avg. hashrate 0.00 KH/s
12:09:59.840 > btc price:
12:09:59.889 > >>> [i] Miner: newJob>false / inRun>false) - Client: connected>false / subscribed>false / wificonnected>true
12:10:00.017 > Imposible to connect to : public-pool.io
12:10:00.044 > Resolved DNS got: 68.235.52.36
12:10:00.899 > >>> Completed 0 share(s), 0 Khashes, avg. hashrate 0.00 KH/s
12:10:00.901 > btc price:
12:10:00.951 > >>> [i] Miner: newJob>false / inRun>false) - Client: connected>false / subscribed>false / wificonnected>true
12:10:01.960 > >>> Completed 0 share(s), 0 Khashes, avg. hashrate 0.00 KH/s
12:10:01.963 > btc price:
12:10:02.012 > >>> [i] Miner: newJob>false / inRun>false) - Client: connected>false / subscribed>false / wificonnected>true
12:10:03.021 > >>> Completed 0 share(s), 0 Khashes, avg. hashrate 0.00 KH/s
12:10:03.023 > btc price:
12:10:03.073 > >>> [i] Miner: newJob>false / inRun>false) - Client: connected>false / subscribed>false / wificonnected>true
12:10:04.082 > >>> Completed 0 share(s), 0 Khashes, avg. hashrate 0.00 KH/s
12:10:04.084 > btc price:
12:10:04.134 > >>> [i] Miner: newJob>false / inRun>false) - Client: connected>false / subscribed>false / wificonnected>true
12:10:05.144 > >>> Completed 0 share(s), 0 Khashes, avg. hashrate 0.00 KH/s
12:10:05.146 > btc price:
12:10:05.196 > >>> [i] Miner: newJob>false / inRun>false) - Client: connected>false / subscribed>false / wificonnected>true
12:10:06.205 > >>> Completed 0 share(s), 0 Khashes, avg. hashrate 0.00 KH/s
12:10:06.207 > btc price:
12:10:06.256 > >>> [i] Miner: newJob>false / inRun>false) - Client: connected>false / subscribed>false / wificonnected>true
12:10:07.266 > >>> Completed 0 share(s), 0 Khashes, avg. hashrate 0.00 KH/s
12:10:07.269 > btc price:
12:10:07.318 > >>> [i] Miner: newJob>false / inRun>false) - Client: connected>false / subscribed>false / wificonnected>true
12:10:08.328 > >>> Completed 0 share(s), 0 Khashes, avg. hashrate 0.00 KH/s
12:10:08.330 > btc price:
12:10:08.379 > >>> [i] Miner: newJob>false / inRun>false) - Client: connected>false / subscribed>false / wificonnected>true
12:10:09.389 > >>> Completed 0 share(s), 0 Khashes, avg. hashrate 0.00 KH/s
12:10:09.392 > btc price:
12:10:09.440 > >>> [i] Miner: newJob>false / inRun>false) - Client: connected>false / subscribed>false / wificonnected>true
12:10:10.450 > >>> Completed 0 share(s), 0 Khashes, avg. hashrate 0.00 KH/s
12:10:10.453 > btc price:
12:10:10.503 > >>> [i] Miner: newJob>false / inRun>false) - Client: connected>false / subscribed>false / wificonnected>true
12:10:11.512 > >>> Completed 0 share(s), 0 Khashes, avg. hashrate 0.00 KH/s
12:10:11.515 > btc price:
12:10:11.563 > >>> [i] Miner: newJob>false / inRun>false) - Client: connected>false / subscribed>false / wificonnected>true
12:10:12.573 > >>> Completed 0 share(s), 0 Khashes, avg. hashrate 0.00 KH/s
12:10:12.575 > btc price:
12:10:12.625 > >>> [i] Miner: newJob>false / inRun>false) - Client: connected>false / subscribed>false / wificonnected>true
12:10:13.634 > >>> Completed 0 share(s), 0 Khashes, avg. hashrate 0.00 KH/s
12:10:13.637 > btc price:
12:10:13.686 > >>> [i] Miner: newJob>false / inRun>false) - Client: connected>false / subscribed>false / wificonnected>true
12:10:14.695 > >>> Completed 0 share(s), 0 Khashes, avg. hashrate 0.00 KH/s
12:10:14.698 > btc price:
12:10:14.747 > >>> [i] Miner: newJob>false / inRun>false) - Client: connected>false / subscribed>false / wificonnected>true
12:10:15.756 > >>> Completed 0 share(s), 0 Khashes, avg. hashrate 0.00 KH/s
12:10:15.759 > btc price:
12:10:15.808 > >>> [i] Miner: newJob>false / inRun>false) - Client: connected>false / subscribed>false / wificonnected>true
12:10:16.818 > >>> Completed 0 share(s), 0 Khashes, avg. hashrate 0.00 KH/s
12:10:16.821 > btc price:
12:10:16.870 > >>> [i] Miner: newJob>false / inRun>false) - Client: connected>false / subscribed>false / wificonnected>true
12:10:17.879 > >>> Completed 0 share(s), 0 Khashes, avg. hashrate 0.00 KH/s
12:10:17.882 > btc price:
12:10:17.931 > >>> [i] Miner: newJob>false / inRun>false) - Client: connected>false / subscribed>false / wificonnected>true
12:10:18.940 > >>> Completed 0 share(s), 0 Khashes, avg. hashrate 0.00 KH/s
12:10:18.943 > btc price:
12:10:18.994 > >>> [i] Miner: newJob>false / inRun>false) - Client: connected>false / subscribed>false / wificonnected>true
12:10:20.003 > >>> Completed 0 share(s), 0 Khashes, avg. hashrate 0.00 KH/s
12:10:20.006 > btc price:
12:10:20.055 > >>> [i] Miner: newJob>false / inRun>false) - Client: connected>false / subscribed>false / wificonnected>true
12:10:21.064 > >>> Completed 0 share(s), 0 Khashes, avg. hashrate 0.00 KH/s
12:10:21.067 > btc price:
12:10:21.116 > >>> [i] Miner: newJob>false / inRun>false) - Client: connected>false / subscribed>false / wificonnected>true
12:10:22.125 > >>> Completed 0 share(s), 0 Khashes, avg. hashrate 0.00 KH/s
12:10:22.128 > btc price:
12:10:22.177 > >>> [i] Miner: newJob>false / inRun>false) - Client: connected>false / subscribed>false / wificonnected>true
12:10:23.186 > >>> Completed 0 share(s), 0 Khashes, avg. hashrate 0.00 KH/s
12:10:23.189 > btc price:
12:10:23.238 > >>> [i] Miner: newJob>false / inRun>false) - Client: connected>false / subscribed>false / wificonnected>true
12:10:24.247 > >>> Completed 0 share(s), 0 Khashes, avg. hashrate 0.00 KH/s
12:10:24.250 > btc price:
12:10:24.299 > >>> [i] Miner: newJob>false / inRun>false) - Client: connected>false / subscribed>false / wificonnected>true
12:10:25.308 > >>> Completed 0 share(s), 0 Khashes, avg. hashrate 0.00 KH/s
12:10:25.311 > btc price:
12:10:25.360 > >>> [i] Miner: newJob>false / inRun>false) - Client: connected>false / subscribed>false / wificonnected>true
12:10:26.369 > >>> Completed 0 share(s), 0 Khashes, avg. hashrate 0.00 KH/s
12:10:26.372 > btc price:
12:10:26.421 > >>> [i] Miner: newJob>false / inRun>false) - Client: connected>false / subscribed>false / wificonnected>true
12:10:27.430 > >>> Completed 0 share(s), 0 Khashes, avg. hashrate 0.00 KH/s
12:10:27.433 > btc price:
12:10:27.482 > >>> [i] Miner: newJob>false / inRun>false) - Client: connected>false / subscribed>false / wificonnected>true
12:10:28.492 > >>> Completed 0 share(s), 0 Khashes, avg. hashrate 0.00 KH/s
12:10:28.494 > btc price:
12:10:28.544 > >>> [i] Miner: newJob>false / inRun>false) - Client: connected>false / subscribed>false / wificonnected>true
12:10:29.042 > [WORKER] ==> Mining subscribe
12:10:29.043 >   Sending  : {"id": 1, "method": "mining.subscribe", "params": ["NerdMinerV2/V1.6.3"]}
12:10:29.052 > 
12:10:29.553 > >>> Completed 0 share(s), 0 Khashes, avg. hashrate 0.00 KH/s
12:10:29.556 > btc price:
12:10:29.605 > >>> [i] Miner: newJob>false / inRun>false) - Client: connected>false / subscribed>false / wificonnected>true
12:10:30.241 > Client not connected, trying to connect...
12:10:30.614 > >>> Completed 0 share(s), 0 Khashes, avg. hashrate 0.00 KH/s
12:10:30.617 > btc price:
12:10:30.666 > >>> [i] Miner: newJob>false / inRun>false) - Client: connected>false / subscribed>false / wificonnected>true
12:10:31.675 > >>> Completed 0 share(s), 0 Khashes, avg. hashrate 0.00 KH/s
12:10:31.678 > btc price:
12:10:31.727 > >>> [i] Miner: newJob>false / inRun>false) - Client: connected>false / subscribed>false / wificonnected>true
12:10:32.736 > >>> Completed 0 share(s), 0 Khashes, avg. hashrate 0.00 KH/s
12:10:32.739 > btc price:
12:10:32.788 > >>> [i] Miner: newJob>false / inRun>false) - Client: connected>false / subscribed>false / wificonnected>true
12:10:33.243 > Imposible to connect to : public-pool.io
12:10:33.246 > Resolved DNS got: 68.235.52.36
12:10:33.797 > >>> Completed 0 share(s), 0 Khashes, avg. hashrate 0.00 KH/s
12:10:33.800 > btc price:
12:10:33.849 > >>> [i] Miner: newJob>false / inRun>false) - Client: connected>false / subscribed>false / wificonnected>true
12:10:34.858 > >>> Completed 0 share(s), 0 Khashes, avg. hashrate 0.00 KH/s
12:10:34.861 > btc price:
12:10:34.910 > >>> [i] Miner: newJob>false / inRun>false) - Client: connected>false / subscribed>false / wificonnected>true
12:10:35.919 > >>> Completed 0 share(s), 0 Khashes, avg. hashrate 0.00 KH/s
12:10:35.922 > btc price:
12:10:35.971 > >>> [i] Miner: newJob>false / inRun>false) - Client: connected>false / subscribed>false / wificonnected>true
12:10:36.980 > >>> Completed 0 share(s), 0 Khashes, avg. hashrate 0.00 KH/s
12:10:36.983 > btc price:
12:10:37.032 > >>> [i] Miner: newJob>false / inRun>false) - Client: connected>false / subscribed>false / wificonnected>true
12:10:38.042 > >>> Completed 0 share(s), 0 Khashes, avg. hashrate 0.00 KH/s
12:10:38.045 > btc price:
12:10:38.094 > >>> [i] Miner: newJob>false / inRun>false) - Client: connected>false / subscribed>false / wificonnected>true
12:10:39.103 > >>> Completed 0 share(s), 0 Khashes, avg. hashrate 0.00 KH/s
12:10:39.106 > btc price:
12:10:39.155 > >>> [i] Miner: newJob>false / inRun>false) - Client: connected>false / subscribed>false / wificonnected>true
12:10:40.164 > >>> Completed 0 share(s), 0 Khashes, avg. hashrate 0.00 KH/s
12:10:40.167 > btc price:
12:10:40.216 > >>> [i] Miner: newJob>false / inRun>false) - Client: connected>false / subscribed>false / wificonnected>true
12:10:41.225 > >>> Completed 0 share(s), 0 Khashes, avg. hashrate 0.00 KH/s
12:10:41.228 > btc price:
12:10:41.277 > >>> [i] Miner: newJob>false / inRun>false) - Client: connected>false / subscribed>false / wificonnected>true
12:10:42.286 > >>> Completed 0 share(s), 0 Khashes, avg. hashrate 0.00 KH/s
12:10:42.289 > btc price:
12:10:42.340 > >>> [i] Miner: newJob>false / inRun>false) - Client: connected>false / subscribed>false / wificonnected>true
12:10:43.349 > >>> Completed 0 share(s), 0 Khashes, avg. hashrate 0.00 KH/s
12:10:43.352 > btc price:
12:10:43.401 > >>> [i] Miner: newJob>false / inRun>false) - Client: connected>false / subscribed>false / wificonnected>true
12:10:44.410 > >>> Completed 0 share(s), 0 Khashes, avg. hashrate 0.00 KH/s
12:10:44.413 > btc price:
12:10:44.462 > >>> [i] Miner: newJob>false / inRun>false) - Client: connected>false / subscribed>false / wificonnected>true
12:10:45.471 > >>> Completed 0 share(s), 0 Khashes, avg. hashrate 0.00 KH/s
12:10:45.474 > btc price:
12:10:45.524 > >>> [i] Miner: newJob>false / inRun>false) - Client: connected>false / subscribed>false / wificonnected>true
12:10:46.533 > >>> Completed 0 share(s), 0 Khashes, avg. hashrate 0.00 KH/s
12:10:46.536 > btc price:
12:10:46.585 > >>> [i] Miner: newJob>false / inRun>false) - Client: connected>false / subscribed>false / wificonnected>true
12:10:47.594 > >>> Completed 0 share(s), 0 Khashes, avg. hashrate 0.00 KH/s
12:10:47.597 > btc price:
12:10:47.646 > >>> [i] Miner: newJob>false / inRun>false) - Client: connected>false / subscribed>false / wificonnected>true
12:10:48.655 > >>> Completed 0 share(s), 0 Khashes, avg. hashrate 0.00 KH/s
12:10:48.658 > btc price:
12:10:48.707 > >>> [i] Miner: newJob>false / inRun>false) - Client: connected>false / subscribed>false / wificonnected>true
12:10:49.716 > >>> Completed 0 share(s), 0 Khashes, avg. hashrate 0.00 KH/s
12:10:49.719 > btc price:
12:10:49.768 > >>> [i] Miner: newJob>false / inRun>false) - Client: connected>false / subscribed>false / wificonnected>true
12:10:50.777 > >>> Completed 0 share(s), 0 Khashes, avg. hashrate 0.00 KH/s
12:10:50.780 > btc price:
12:10:50.830 > >>> [i] Miner: newJob>false / inRun>false) - Client: connected>false / subscribed>false / wificonnected>true
12:10:51.839 > >>> Completed 0 share(s), 0 Khashes, avg. hashrate 0.00 KH/s
12:10:51.842 > btc price:
12:10:51.891 > >>> [i] Miner: newJob>false / inRun>false) - Client: connected>false / subscribed>false / wificonnected>true
12:10:52.900 > >>> Completed 0 share(s), 0 Khashes, avg. hashrate 0.00 KH/s
12:10:52.903 > btc price:
12:10:52.952 > >>> [i] Miner: newJob>false / inRun>false) - Client: connected>false / subscribed>false / wificonnected>true
12:10:53.961 > >>> Completed 0 share(s), 0 Khashes, avg. hashrate 0.00 KH/s
12:10:53.964 > btc price:
12:10:54.013 > >>> [i] Miner: newJob>false / inRun>false) - Client: connected>false / subscribed>false / wificonnected>true
12:10:55.023 > >>> Completed 0 share(s), 0 Khashes, avg. hashrate 0.00 KH/s
12:10:55.025 > btc price:
12:10:55.074 > >>> [i] Miner: newJob>false / inRun>false) - Client: connected>false / subscribed>false / wificonnected>true
12:10:56.083 > >>> Completed 0 share(s), 0 Khashes, avg. hashrate 0.00 KH/s
12:10:56.086 > btc price:
12:10:56.135 > >>> [i] Miner: newJob>false / inRun>false) - Client: connected>false / subscribed>false / wificonnected>true
12:10:57.144 > >>> Completed 0 share(s), 0 Khashes, avg. hashrate 0.00 KH/s
12:10:57.147 > btc price:
12:10:57.197 > >>> [i] Miner: newJob>false / inRun>false) - Client: connected>false / subscribed>false / wificonnected>true
12:10:58.206 > >>> Completed 0 share(s), 0 Khashes, avg. hashrate 0.00 KH/s
12:10:58.209 > btc price:
12:10:58.258 > >>> [i] Miner: newJob>false / inRun>false) - Client: connected>false / subscribed>false / wificonnected>true
12:10:59.267 > >>> Completed 0 share(s), 0 Khashes, avg. hashrate 0.00 KH/s
12:10:59.270 > btc price:
12:10:59.319 > >>> [i] Miner: newJob>false / inRun>false) - Client: connected>false / subscribed>false / wificonnected>true
12:11:00.328 > >>> Completed 0 share(s), 0 Khashes, avg. hashrate 0.00 KH/s
12:11:00.331 > btc price:
12:11:00.381 > >>> [i] Miner: newJob>false / inRun>false) - Client: connected>false / subscribed>false / wificonnected>true
12:11:01.391 > >>> Completed 0 share(s), 0 Khashes, avg. hashrate 0.00 KH/s
12:11:01.393 > btc price:
12:11:01.442 > >>> [i] Miner: newJob>false / inRun>false) - Client: connected>false / subscribed>false / wificonnected>true
12:11:02.451 > >>> Completed 0 share(s), 0 Khashes, avg. hashrate 0.00 KH/s
12:11:02.454 > btc price:
12:11:02.504 > >>> [i] Miner: newJob>false / inRun>false) - Client: connected>false / subscribed>false / wificonnected>true
12:11:03.514 > >>> Completed 0 share(s), 0 Khashes, avg. hashrate 0.00 KH/s
12:11:03.517 > btc price:
12:11:03.566 > >>> [i] Miner: newJob>false / inRun>false) - Client: connected>false / subscribed>false / wificonnected>true
12:11:04.574 > >>> Completed 0 share(s), 0 Khashes, avg. hashrate 0.00 KH/s
12:11:04.577 > btc price:
12:11:04.626 > >>> [i] Miner: newJob>false / inRun>false) - Client: connected>false / subscribed>false / wificonnected>true
12:11:05.635 > >>> Completed 0 share(s), 0 Khashes, avg. hashrate 0.00 KH/s
12:11:05.638 > btc price:
12:11:05.688 > >>> [i] Miner: newJob>false / inRun>false) - Client: connected>false / subscribed>false / wificonnected>true
12:11:06.696 > >>> Completed 0 share(s), 0 Khashes, avg. hashrate 0.00 KH/s
12:11:06.699 > btc price:
12:11:06.748 > >>> [i] Miner: newJob>false / inRun>false) - Client: connected>false / subscribed>false / wificonnected>true
12:11:07.757 > >>> Completed 0 share(s), 0 Khashes, avg. hashrate 0.00 KH/s
12:11:07.760 > btc price:
12:11:07.809 > >>> [i] Miner: newJob>false / inRun>false) - Client: connected>false / subscribed>false / wificonnected>true
12:11:08.818 > >>> Completed 0 share(s), 0 Khashes, avg. hashrate 0.00 KH/s
12:11:08.821 > btc price:
12:11:08.870 > >>> [i] Miner: newJob>false / inRun>false) - Client: connected>false / subscribed>false / wificonnected>true
12:11:09.879 > >>> Completed 0 share(s), 0 Khashes, avg. hashrate 0.00 KH/s
12:11:09.882 > btc price:
12:11:09.931 > >>> [i] Miner: newJob>false / inRun>false) - Client: connected>false / subscribed>false / wificonnected>true
12:11:10.941 > >>> Completed 0 share(s), 0 Khashes, avg. hashrate 0.00 KH/s
12:11:10.943 > btc price:
12:11:10.992 > >>> [i] Miner: newJob>false / inRun>false) - Client: connected>false / subscribed>false / wificonnected>true
12:11:12.001 > >>> Completed 0 share(s), 0 Khashes, avg. hashrate 0.00 KH/s
12:11:12.004 > btc price:
12:11:12.054 > >>> [i] Miner: newJob>false / inRun>false) - Client: connected>false / subscribed>false / wificonnected>true
12:11:13.062 > >>> Completed 0 share(s), 0 Khashes, avg. hashrate 0.00 KH/s
12:11:13.065 > btc price:
12:11:13.114 > >>> [i] Miner: newJob>false / inRun>false) - Client: connected>false / subscribed>false / wificonnected>true
12:11:14.123 > >>> Completed 0 share(s), 0 Khashes, avg. hashrate 0.00 KH/s
12:11:14.126 > btc price:
12:11:14.176 > >>> [i] Miner: newJob>false / inRun>false) - Client: connected>false / subscribed>false / wificonnected>true
12:11:15.185 > >>> Completed 0 share(s), 0 Khashes, avg. hashrate 0.00 KH/s
12:11:15.187 > btc price:
12:11:15.236 > >>> [i] Miner: newJob>false / inRun>false) - Client: connected>false / subscribed>false / wificonnected>true
12:11:16.245 > >>> Completed 0 share(s), 0 Khashes, avg. hashrate 0.00 KH/s
12:11:16.248 > btc price:
12:11:16.297 > >>> [i] Miner: newJob>false / inRun>false) - Client: connected>false / subscribed>false / wificonnected>true
12:11:17.306 > >>> Completed 0 share(s), 0 Khashes, avg. hashrate 0.00 KH/s
12:11:17.309 > btc price:
12:11:17.359 > >>> [i] Miner: newJob>false / inRun>false) - Client: connected>false / subscribed>false / wificonnected>true
12:11:18.369 > >>> Completed 0 share(s), 0 Khashes, avg. hashrate 0.00 KH/s
12:11:18.371 > btc price:
12:11:18.420 > >>> [i] Miner: newJob>false / inRun>false) - Client: connected>false / subscribed>false / wificonnected>true
12:11:19.430 > >>> Completed 0 share(s), 0 Khashes, avg. hashrate 0.00 KH/s
12:11:19.432 > btc price:
12:11:19.481 > >>> [i] Miner: newJob>false / inRun>false) - Client: connected>false / subscribed>false / wificonnected>true
12:11:20.491 > >>> Completed 0 share(s), 0 Khashes, avg. hashrate 0.00 KH/s
12:11:20.493 > btc price:
12:11:20.544 > >>> [i] Miner: newJob>false / inRun>false) - Client: connected>false / subscribed>false / wificonnected>true
12:11:21.553 > >>> Completed 0 share(s), 0 Khashes, avg. hashrate 0.00 KH/s
12:11:21.555 > btc price:
12:11:21.604 > >>> [i] Miner: newJob>false / inRun>false) - Client: connected>false / subscribed>false / wificonnected>true
12:11:22.613 > >>> Completed 0 share(s), 0 Khashes, avg. hashrate 0.00 KH/s
12:11:22.616 > btc price:
12:11:22.665 > >>> [i] Miner: newJob>false / inRun>false) - Client: connected>false / subscribed>false / wificonnected>true
12:11:23.675 > >>> Completed 0 share(s), 0 Khashes, avg. hashrate 0.00 KH/s
12:11:23.677 > btc price:
12:11:23.726 > >>> [i] Miner: newJob>false / inRun>false) - Client: connected>false / subscribed>false / wificonnected>true
12:11:24.736 > >>> Completed 0 share(s), 0 Khashes, avg. hashrate 0.00 KH/s
12:11:24.738 > btc price:
12:11:24.787 > >>> [i] Miner: newJob>false / inRun>false) - Client: connected>false / subscribed>false / wificonnected>true
12:11:25.796 > >>> Completed 0 share(s), 0 Khashes, avg. hashrate 0.00 KH/s
12:11:25.799 > btc price:
12:11:25.849 > >>> [i] Miner: newJob>false / inRun>false) - Client: connected>false / subscribed>false / wificonnected>true
12:11:26.857 > >>> Completed 0 share(s), 0 Khashes, avg. hashrate 0.00 KH/s
12:11:26.860 > btc price:
12:11:26.909 > >>> [i] Miner: newJob>false / inRun>false) - Client: connected>false / subscribed>false / wificonnected>true
12:11:27.919 > >>> Completed 0 share(s), 0 Khashes, avg. hashrate 0.00 KH/s
12:11:27.921 > btc price:
12:11:27.970 > >>> [i] Miner: newJob>false / inRun>false) - Client: connected>false / subscribed>false / wificonnected>true
12:11:28.980 > >>> Completed 0 share(s), 0 Khashes, avg. hashrate 0.00 KH/s
12:11:28.982 > btc price:
12:11:29.031 > >>> [i] Miner: newJob>false / inRun>false) - Client: connected>false / subscribed>false / wificonnected>true
12:11:30.041 > >>> Completed 0 share(s), 0 Khashes, avg. hashrate 0.00 KH/s
12:11:30.043 > btc price:
12:11:30.092 > >>> [i] Miner: newJob>false / inRun>false) - Client: connected>false / subscribed>false / wificonnected>true
12:11:31.102 > >>> Completed 0 share(s), 0 Khashes, avg. hashrate 0.00 KH/s
12:11:31.104 > btc price:
12:11:31.153 > >>> [i] Miner: newJob>false / inRun>false) - Client: connected>false / subscribed>false / wificonnected>true
12:11:32.163 > >>> Completed 0 share(s), 0 Khashes, avg. hashrate 0.00 KH/s
12:11:32.165 > btc price:
12:11:32.215 > >>> [i] Miner: newJob>false / inRun>false) - Client: connected>false / subscribed>false / wificonnected>true
12:11:33.224 > >>> Completed 0 share(s), 0 Khashes, avg. hashrate 0.00 KH/s
12:11:33.226 > btc price:
12:11:33.275 > >>> [i] Miner: newJob>false / inRun>false) - Client: connected>false / subscribed>false / wificonnected>true
12:11:34.284 > >>> Completed 0 share(s), 0 Khashes, avg. hashrate 0.00 KH/s
12:11:34.287 > btc price:
12:11:34.336 > >>> [i] Miner: newJob>false / inRun>false) - Client: connected>false / subscribed>false / wificonnected>true
12:11:35.346 > >>> Completed 0 share(s), 0 Khashes, avg. hashrate 0.00 KH/s
12:11:35.348 > btc price:
12:11:35.397 > >>> [i] Miner: newJob>false / inRun>false) - Client: connected>false / subscribed>false / wificonnected>true
12:11:36.407 > >>> Completed 0 share(s), 0 Khashes, avg. hashrate 0.00 KH/s
12:11:36.409 > btc price:
12:11:36.458 > >>> [i] Miner: newJob>false / inRun>false) - Client: connected>false / subscribed>false / wificonnected>true
12:11:37.468 > >>> Completed 0 share(s), 0 Khashes, avg. hashrate 0.00 KH/s
12:11:37.470 > btc price:
12:11:37.520 > >>> [i] Miner: newJob>false / inRun>false) - Client: connected>false / subscribed>false / wificonnected>true
12:11:38.529 > >>> Completed 0 share(s), 0 Khashes, avg. hashrate 0.00 KH/s
12:11:38.531 > btc price:
12:11:38.581 > >>> [i] Miner: newJob>false / inRun>false) - Client: connected>false / subscribed>false / wificonnected>true
12:11:39.590 > >>> Completed 0 share(s), 0 Khashes, avg. hashrate 0.00 KH/s
12:11:39.593 > btc price:
12:11:39.642 > >>> [i] Miner: newJob>false / inRun>false) - Client: connected>false / subscribed>false / wificonnected>true
12:11:40.651 > >>> Completed 0 share(s), 0 Khashes, avg. hashrate 0.00 KH/s
12:11:40.653 > btc price:
12:11:40.703 > >>> [i] Miner: newJob>false / inRun>false) - Client: connected>false / subscribed>false / wificonnected>true
