12:26:58.328 > / subscribed>false / wificonnected>true
12:26:58.328 > >>> Completed 0 share(s), 0 Khashes, avg. hashrate 0.00 KH/s
12:26:58.328 > btc price:
12:26:58.329 > >>> [i] Miner: newJob>false / inRun>false) - Client: connected>false / subscribed>false / wificonnected>true
12:26:58.484 > Imposible to connect to : public-pool.io
12:26:58.486 > Resolved DNS got: 68.235.52.36
12:26:59.338 > >>> Completed 0 share(s), 0 Khashes, avg. hashrate 0.00 KH/s
12:26:59.341 > btc price:
12:26:59.390 > >>> [i] Miner: newJob>false / inRun>false) - Client: connected>false / subscribed>false / wificonnected>true
12:27:00.399 > >>> Completed 0 share(s), 0 Khashes, avg. hashrate 0.00 KH/s
12:27:00.402 > btc price:
12:27:00.451 > >>> [i] Miner: newJob>false / inRun>false) - Client: connected>false / subscribed>false / wificonnected>true
12:27:01.461 > >>> Completed 0 share(s), 0 Khashes, avg. hashrate 0.00 KH/s
12:27:01.463 > btc price:
12:27:01.512 > >>> [i] Miner: newJob>false / inRun>false) - Client: connected>false / subscribed>false / wificonnected>true
12:27:02.522 > >>> Completed 0 share(s), 0 Khashes, avg. hashrate 0.00 KH/s
12:27:02.524 > btc price:
12:27:02.573 > >>> [i] Miner: newJob>false / inRun>false) - Client: connected>false / subscribed>false / wificonnected>true
12:27:03.583 > >>> Completed 0 share(s), 0 Khashes, avg. hashrate 0.00 KH/s
12:27:03.585 > btc price:
12:27:03.635 > >>> [i] Miner: newJob>false / inRun>false) - Client: connected>false / subscribed>false / wificonnected>true
12:27:04.643 > >>> Completed 0 share(s), 0 Khashes, avg. hashrate 0.00 KH/s
12:27:04.646 > btc price:
12:27:04.695 > >>> [i] Miner: newJob>false / inRun>false) - Client: connected>false / subscribed>false / wificonnected>true
12:27:05.705 > >>> Completed 0 share(s), 0 Khashes, avg. hashrate 0.00 KH/s
12:27:05.707 > btc price:
12:27:05.756 > >>> [i] Miner: newJob>false / inRun>false) - Client: connected>false / subscribed>false / wificonnected>true
12:27:06.766 > >>> Completed 0 share(s), 0 Khashes, avg. hashrate 0.00 KH/s
12:27:06.768 > btc price:
12:27:06.817 > >>> [i] Miner: newJob>false / inRun>false) - Client: connected>false / subscribed>false / wificonnected>true
12:27:07.827 > >>> Completed 0 share(s), 0 Khashes, avg. hashrate 0.00 KH/s
12:27:07.829 > btc price:
12:27:07.878 > >>> [i] Miner: newJob>false / inRun>false) - Client: connected>false / subscribed>false / wificonnected>true
