18:07:00.199 >   Received message from pool
18:07:00.199 >   Receiving: {"id":null,"method":"mining.notify","params":["24cbfa7","6e6647123bbbf24c9923fe5998244bf0eaddce7d000327b00000000000000000","02000000010000000000000000000000000000000000000000000000000000000000000000ffffffff170350140d5075626c69632d506f6f6c","ffffffff02f8b2ea120000000017a91423e522dfc6656a8fda3d47b4fa53f7585ac758cd870000000000000000266a24aa21a9ed4f3fb8d570fd5212c28972269db9e169b07968d1651c018afce2ae9df175fdb500000000",["fd4e0bce8203096e5ba661b6b77f4757fe66c500b48cc3a31ff9ff135f2596ad","f37a6b4edd6fb732831520d9052f2305b42e6f025e8670b2a199c5faba028a80","80c6dbb10d5197f2c0e1bc600c22b069f23c90b7e7c8222118264117e552e804","a949bb6f8b1dce77c0c7f451730e71ef31a73e264d98343c4de427d1751a9ce4","71f0f9c71adda4b1bf68bfc46c16b4775dbd67a254e0bba7067a20dd36a7b7c0","b7d588f2a4f79b29d1e8c00b12fba43189e8b9d195c11ffaf5c881ad34c16711","3cefc6993b85609d38aa0c24d599f8d933ab34c7442588c2449bc1fe244d31f6","f32371443bb6d4881afe9dc7411304e65b87b65f9c3745f605ee65c135642b22","c71aa38c631537a7ce5a67fe1287027ece2f1fc6d1f26ccb261c7808d7a377a5","6c910826a8976b5cce1dc6105d74f85ce0ebdf63b089128841f65a0a5fdf7356","829e4350248ac27ffc358ae67c29c6caa3b6d6f81411c8e671453e88c2e01f33","6244bae3246fe532ddbf73dd7615a7482f91258cb55db96cf24772094d2fb4b6","4d445776081b86396dda969533e15820ac15e2c8822604d307ef7e80f9546320"],"20000000","17033d76","66c07641",false]}
18:07:00.199 >     Parsing Method [MINING NOTIFY]
18:07:00.199 > MINER WORK ABORTED >> waiting new job
18:07:00.199 > >>> Finished job waiting new data from pool    target: 000000000000000000033d760000000000000000000000000000000000000000
18:07:00.199 > MINER WORK ABORTED >> waiting new job    coinbase: 02000000010000000000000000000000000000000000000000000000000000000000000000ffffffff170350140d5075626c69632d506f6f6c0b29b2ff00000010ffffffff02f8b2ea120000000017a91423e522dfc6656a8fda3d47b4fa53f7585ac758cd870000000000000000266a24aa21a9ed4f3fb8d570fd5212c28972269db9e169b07968d1651c018afce2ae9df175fdb500000000
18:07:00.199 > 
18:07:00.199 > >>> Finished job waiting new data from pool    merkle sha         : >>> Resetting watchdog timer>>> Resetting watchdog timer2ecf73f477188bc3147588ce0096d3a736bd289efa175e1cbba249b9a401338b
18:07:00.199 > >>> STARTING TO HASH NONCES
18:07:00.199 > >>> STARTING TO HASH NONCES
18:07:00.199 > >>> Completed 0 share(s), 34477 Khashes, avg. hashrate 64.85 KH/s
18:07:00.199 > btc price:
18:07:01.230 > >>> Completed 0 share(s), 34559 Khashes, avg. hashrate 77.00 KH/s
18:07:01.235 > btc price:
18:07:02.294 > >>> Completed 0 share(s), 34641 Khashes, avg. hashrate 77.00 KH/s
18:07:02.300 > btc price:
18:07:02.527 >   Sending  : {"id": 33, "method": "mining.submit", "params": ["34xp4vRoCGJym3xR7yCVPFHoCNxv4Twseo","24cbfa7","00000010","66c07641","1a9b2151"]}
18:07:02.538 >    - Current diff share: 0.001567722057
18:07:02.541 >    - Current pool diff : 0.001000000000
18:07:02.546 >    - TX SHARE: ef3bdd912b3949d6a0d9d01db0f70e665bc8e09ce09aa078798bc2db7d020000
18:07:03.360 > >>> Completed 0 share(s), 34722 Khashes, avg. hashrate 76.06 KH/s
18:07:03.365 > btc price:
18:07:03.416 >   Received message from pool
18:07:03.416 >   Receiving: {"id":33,"error":null,"result":true}
18:07:03.421 >   Parsed JSON: Success
18:07:04.426 > >>> Completed 0 share(s), 34804 Khashes, avg. hashrate 76.92 KH/s
18:07:04.431 > btc price:
