12:36:04.870 > >>> [i] Miner: newJob>false / inRun>false) - Client: connected>true / subscribed>true / wificonnected>true
12:36:04.870 > >>> Completed 0 share(s), 0 Khashes, avg. hashrate 0.00 KH/s
12:36:04.870 > btc price:
12:36:04.877 > >>> [i] Miner: newJob>false / inRun>false) - Client: connected>true / subscribed>true / wificonnected>true
12:36:05.886 > >>> Completed 0 share(s), 0 Khashes, avg. hashrate 0.00 KH/s
12:36:05.889 > btc price:
12:36:05.938 > >>> [i] Miner: newJob>false / inRun>false) - Client: connected>true / subscribed>true / wificonnected>true
12:36:06.947 > >>> Completed 0 share(s), 0 Khashes, avg. hashrate 0.00 KH/s
12:36:06.950 > btc price:
12:36:06.999 > >>> [i] Miner: newJob>false / inRun>false) - Client: connected>true / subscribed>true / wificonnected>true
12:36:08.008 > >>> Completed 0 share(s), 0 Khashes, avg. hashrate 0.00 KH/s
12:36:08.011 > btc price:
12:36:08.060 > >>> [i] Miner: newJob>false / inRun>false) - Client: connected>true / subscribed>true / wificonnected>true
12:36:08.068 >   Received message from pool
12:36:08.071 >   Receiving: {"id":2,"result":null,"error":[20,"Authorization validation error",", 17Y2uwiTmH4j3Jmv4U33TPdQAYdeKDA1WJ"]}
12:36:08.082 > ERROR: 20 | reason: Authorization validation error 
12:36:08.085 >   Parsed JSON: error on JSON
12:36:09.069 > >>> Completed 0 share(s), 0 Khashes, avg. hashrate 0.00 KH/s
12:36:09.072 > btc price:
12:36:09.123 > >>> [i] Miner: newJob>false / inRun>false) - Client: connected>true / subscribed>true / wificonnected>true
12:36:10.133 > >>> Completed 0 share(s), 0 Khashes, avg. hashrate 0.00 KH/s
12:36:10.135 > btc price:
12:36:10.184 > >>> [i] Miner: newJob>false / inRun>false) - Client: connected>true / subscribed>true / wificonnected>true
12:36:11.193 > >>> Completed 0 share(s), 0 Khashes, avg. hashrate 0.00 KH/s
12:36:11.196 > btc price:
12:36:11.245 > >>> [i] Miner: newJob>false / inRun>false) - Client: connected>true / subscribed>true / wificonnected>true
12:36:12.254 > >>> Completed 0 share(s), 0 Khashes, avg. hashrate 0.00 KH/s
12:36:12.257 > btc price:
12:36:12.307 > >>> [i] Miner: newJob>false / inRun>false) - Client: connected>true / subscribed>true / wificonnected>true
