18:07:56.706 > >>> Completed 0 share(s), 38825 Khashes, avg. hashrate 77.00 KH/s
18:07:56.706 > btc price:
18:07:57.685 > >>> Completed 0 share(s), 38907 Khashes, avg. hashrate 77.00 KH/s
18:07:57.691 > btc price:
18:07:58.750 > >>> Completed 0 share(s), 38989 Khashes, avg. hashrate 76.92 KH/s
18:07:58.756 > btc price:
18:07:59.816 > >>> Completed 0 share(s), 39071 Khashes, avg. hashrate 76.92 KH/s
18:07:59.822 > btc price:
18:07:59.874 >   Received message from pool
18:07:59.874 >   Receiving: {"id":null,"method":"mining.notify","params":["24cc67c","3d880d8941a555bebf869fcda5690a9547730494000011b90000000000000000","02000000010000000000000000000000000000000000000000000000000000000000000000ffffffff170351140d5075626c69632d506f6f6c","ffffffff025a3aca120000000017a91423e522dfc6656a8fda3d47b4fa53f7585ac758cd870000000000000000266a24aa21a9ede2123db86bf67d2a3c9a8597827068d00668d9b658e3335c8b6135467047f1ec00000000",["0f00c9f8aa1e839f7675affbda03975bca665d891c7a48b384e8ccf86238ee3e","29b212908b96958567f114effd09a162ab2ec18b64ff413f848fc7d94fbf0a98","d32f750ec8b118e701416cc6d4b5ac114528fac1d452375b8d26dec629e16710","fc10dbef4a5d81379521dc0a693164b5f1f2b806450a5a41475930712b068ae5","c6ca6fff10a0fde0dfb889c0819821cfaca2d1b73a30814e9f59ae48c8f15160","8e2ecd33ca83b2ad0d81ff29f2515f6d2c3f3505250b4c68f60743733fe7b80e","58d03e946d50ca99e1e7b3ee6a16b20cf3904af04904537bc97a97147b53a61a","146efc2e5e757fb6202346b781b732c6833f46afc12bc2e89ddf2f305e93ff49","0102caf902ea64637be00f37cd3b4aea6e643b3821ea3c0cb905302805a0adaf","63c8f36dcd9894d673498a9bed2e14fc075d9b7fedb1b61a4bb49d7cd8606d22","f24e600d19508f264c09c4dc3766cffa8e269b002ca3d4e21209265aedfe434e","c9b0c68cbc1f219ee6239c47eae5abc29d58bb8d66c0f0bb0ea77ac86dd145f2","87bd36519f22518a54ae7691b29c2b323bc8d109457bebc90d7972d87ff5bad0"],"20000000","17033d76","66c0767d",true]}
18:07:59.993 >     Parsing Method [MINING NOTIFY]
18:07:59.996 > MINER WORK ABORTED >> waiting new job
18:07:59.998 > >>> Finished job waiting new data from pool    target: 000000000000000000033d760000000000000000000000000000000000000000
18:08:00.010 > MINER WORK ABORTED >> waiting new job
18:08:00.012 > >>> Finished job waiting new data from pool>>> Resetting watchdog timer    coinbase: 02000000010000000000000000000000000000000000000000000000000000000000000000ffffffff170351140d5075626c69632d506f6f6c0b29b2ff00000011ffffffff025a3aca120000000017a91423e522dfc6656a8fda3d47b4fa53f7585ac758cd870000000000000000266a24aa21a9ede2123db86bf67d2a3c9a8597827068d00668d9b658e3335c8b6135467047f1ec00000000
18:08:00.046 > >>> Resetting watchdog timer    merkle sha         : 9f7bf73b44d13dfc931827f1b2389e74f4adefdca5abb3516acf24b95bfd0fbb
18:08:00.124 > >>> STARTING TO HASH NONCES
18:08:00.154 > >>> STARTING TO HASH NONCES
18:08:00.881 > >>> Completed 0 share(s), 39141 Khashes, avg. hashrate 65.73 KH/s
18:08:00.887 > btc price:
