12:30:07.371 > Kjï¿½É27 2021
12:30:07.371 > rst:0x1 (POWERON),boot:0x8 (SPI_FAST_FLASH_BOOT)
12:30:07.371 > SPIWP:0xee
12:30:07.371 > mode:DIO, clock div:1
12:30:07.371 > load:0x3fce3808,len:0x44c
12:30:07.371 > load:0x403c9700,len:0xbd8
12:30:07.371 > load:0x403cc700,len:0x2a80
12:30:07.371 > entry 0x403c98d0
12:30:07.371 > NerdMiner v2 starting......
12:30:10.883 > SPIFS: Mounting File System...
12:30:10.940 > SPIFS: Mounted
12:30:10.940 > SPIFS: Loading config file
12:30:10.943 > {
12:30:10.943 >   "poolString": "public-pool.io",
12:30:10.945 >   "portNumber": 21496,
12:30:10.948 >   "poolPassword": "x",
12:30:10.951 >   "btcString": "bc1qxy2kgdygjrsqtzq2n0yrf2493p83kkfjhx0wlh",
12:30:10.956 >   "gmtZone": 8,
12:30:10.956 >   "saveStatsToNVS": false
12:30:10.959 > }
12:30:10.959 > AllDone: 
12:30:10.959 > *wm:AutoConnect 
12:30:10.962 > *wm:Connecting to SAVED AP: 1024
12:30:11.764 > *wm:AutoConnect: SUCCESS 
12:30:11.764 > *wm:STA IP Address: 192.168.3.11
12:30:11.767 > 
12:30:11.767 > WiFi connected
12:30:11.770 > IP address: 192.168.3.11
12:30:11.772 > PoolString: public-pool.io
12:30:11.775 > portNumber: 21496
12:30:11.775 > poolPassword: x
12:30:11.778 > btcString: bc1qxy2kgdygjrsqtzq2n0yrf2493p83kkfjhx0wlh
12:30:11.783 > TimeZone fromUTC: 8
12:30:11.784 > 
12:30:11.784 > Initiating tasks...
12:30:11.786 > [MONITOR] started
12:30:11.786 > 
12:30:11.789 > 
12:30:11.789 > [WORKER] Started. Running (Stratum) on core 1
12:30:11.792 > Client not connected, trying to connect...
12:30:11.795 > [MINER]  0  Started runMiner Task!
12:30:11.797 > [MINER]  1  Started runMiner Task!
12:30:11.803 > TimeClient setup done
12:30:11.803 > CONNECTED - Current ip: 192.168.3.11
12:30:11.821 > Resolved DNS and save ip (first time) got: 68.235.52.36
12:30:12.084 > TimeClient NTPupdateTime >>> Completed 0 share(s), 0 Khashes, avg. hashrate 0.00 KH/s
12:30:12.094 > btc price:
12:30:12.145 > >>> [i] Miner: newJob>false / inRun>false) - Client: connected>false / subscribed>false / wificonnected>true
12:30:12.182 > [WORKER] ==> Mining subscribe
12:30:12.182 >   Sending  : {"id": 1, "method": "mining.subscribe", "params": ["NerdMinerV2/V1.6.3"]}
12:30:12.192 > 
12:30:12.597 >   Receiving: {"id":1,"error":null,"result":[[["mining.notify","4d334a34"]],"4d334a34",4]}
12:30:12.603 >     sub_details: 4d334a34
12:30:12.605 >     extranonce1: 4d334a34
12:30:12.608 >     extranonce2_size: 4
12:30:12.611 > [WORKER] ==> Autorize work
12:30:12.614 >   Sending  : {"params": ["bc1qxy2kgdygjrsqtzq2n0yrf2493p83kkfjhx0wlh", "x"], "id": 2, "method": "mining.authorize"}
12:30:12.623 > 
12:30:12.820 >   Sending  : {"id": 3, "method": "mining.suggest_difficulty", "params": [0.0001]}
12:30:13.154 > >>> Completed 0 share(s), 0 Khashes, avg. hashrate 0.00 KH/s
12:30:13.157 > btc price:
12:30:13.208 > >>> [i] Miner: newJob>false / inRun>false) - Client: connected>true / subscribed>true / wificonnected>true
12:30:14.217 > >>> Completed 0 share(s), 0 Khashes, avg. hashrate 0.00 KH/s
12:30:14.220 > btc price:
12:30:14.271 > >>> [i] Miner: newJob>false / inRun>false) - Client: connected>true / subscribed>true / wificonnected>true
12:30:14.320 >   Received message from pool
12:30:14.320 >   Receiving: {"id":2,"error":null,"result":true}
12:30:14.326 >   Parsed JSON: Success
12:30:15.280 > >>> Completed 0 share(s), 0 Khashes, avg. hashrate 0.00 KH/s
12:30:15.283 > btc price:
12:30:15.334 > >>> [i] Miner: newJob>false / inRun>false) - Client: connected>true / subscribed>true / wificonnected>true
12:30:16.343 > >>> Completed 0 share(s), 0 Khashes, avg. hashrate 0.00 KH/s
12:30:16.346 > btc price:
12:30:16.397 > >>> [i] Miner: newJob>false / inRun>false) - Client: connected>true / subscribed>true / wificonnected>true
12:30:16.897 >   Received message from pool
12:30:16.898 >   Receiving: {"id":null,"method":"mining.set_difficulty","params":[1000000]}
12:30:16.906 >     Parsing Method [SET DIFFICULTY]
12:30:16.908 >     difficulty: 1000000.000000000000
12:30:16.911 >   Received message from pool
12:30:16.914 >   Receiving: {"id":null,"method":"mining.notify","params":["42696b","5f885da29239bc3d58e8a805da158d84809de2160000dcfc0000000000000000","02000000010000000000000000000000000000000000000000000000000000000000000000ffffffff170300df0c5075626c69632d506f6f6c","ffffffff02401c561300000000160014311564348890e005880a9bc834aaa5884f1b59320000000000000000266a24aa21a9edc4530464fcb359317dc1d5311e15ea2cc0dd268e49f3695411a26abfb31eb21600000000",["c6efcb09f7b588e7b1b30805c8e08688d770c84cb57499d4a9c583d22e099ee3","9cb1adcb6ac3032339aaff4eb26327339185b77febd41f94c55612f1c1033bd6","70184b1e1c23e5ed35d6594aae166ca27806e4cb04871e7aeb35c1737dbaa5a4","deb819c76e5a2ab3b0ff6bd32f9774bb9400f346203fbcff4cb79571a242f0c0","1ad27aa466f9719a838e2c4ad5077bd44c4d388554ba5f8b3c15785bc17c6f38","b80909e757cd2eb787b9fd919ac9378b3fefea9978f9039cf0daa0f908bc2f37","5a593081d0373929fb985911a4d0cf065541c67098e071458117741ef407738d","027dec21dc3f449485a7d6f21b7ad4c6b5b903c25aee5dc76aec1b62104dca56","faeb3525296a13a224277b57379b903d5267d375f6859ed9e0c19b5248c93efb","d8cdc4d8b6006ff551e1ce5353105c00d6d412bb238383d8cc7a40b38cdafdf5"],"20000000","1703629a","66443a44",false]}
12:30:17.014 >     Parsing Method [MINING NOTIFY]
12:30:17.017 >     target: 00000000000000000003629a0000000000000000000000000000000000000000
12:30:17.022 >     coinbase: 02000000010000000000000000000000000000000000000000000000000000000000000000ffffffff170300df0c5075626c69632d506f6f6c4d334a3400000001ffffffff02401c561300000000160014311564348890e005880a9bc834aaa5884f1b59320000000000000000266a24aa21a9edc4530464fcb359317dc1d5311e15ea2cc0dd268e49f3695411a26abfb31eb21600000000
12:30:17.050 >     merkle sha         : ee3fb97d86077a300ee32be3c41363aa35b4c048dae3b3e4a0b6da7e16d8fcde
12:30:17.108 > >>> STARTING TO HASH NONCES
12:30:17.108 > >>> STARTING TO HASH NONCES
12:30:17.407 > >>> Completed 0 share(s), 22 Khashes, avg. hashrate 20.70 KH/s
12:30:17.409 > btc price:
12:30:17.551 >   Received message from pool
12:30:17.551 >   Receiving: {"id":null,"method":"mining.set_difficulty","params":[0.0001]}
12:30:17.559 >     Parsing Method [SET DIFFICULTY]
12:30:17.561 >     difficulty: 0.000100000000
12:30:18.473 > >>> Completed 0 share(s), 105 Khashes, avg. hashrate 77.86 KH/s
12:30:18.478 > btc price:
12:30:19.538 > >>> Completed 0 share(s), 187 Khashes, avg. hashrate 76.92 KH/s
12:30:19.544 > btc price:
12:30:20.605 > >>> Completed 0 share(s), 269 Khashes, avg. hashrate 76.92 KH/s
12:30:20.610 > btc price:
12:30:21.670 > >>> Completed 0 share(s), 351 Khashes, avg. hashrate 76.92 KH/s
12:30:21.676 > btc price:
12:30:21.778 > click
12:30:21.779 > 
12:30:26.898 >   Sending  : {"id": 4, "method": "mining.submit", "params": ["bc1qxy2kgdygjrsqtzq2n0yrf2493p83kkfjhx0wlh","42696b","00000001","66443a44","1aa29f44"]}
12:30:26.911 >    - Current diff share: 0.000120028573
12:30:26.914 >    - Current pool diff : 0.000100000000
12:30:26.919 >    - TX SHARE: 84b83605887a6547169389d6c1d93f61788556c8dce7ef431a2cf2388b200000
12:30:27.640 >   Received message from pool
12:30:27.641 >   Receiving: {"id":4,"error":null,"result":true}
12:30:27.645 >   Parsed JSON: Success
12:30:27.894 > >>> Completed 0 share(s), 432 Khashes, avg. hashrate 75.98 KH/s
12:30:28.940 > >>> Completed 0 share(s), 876 Khashes, avg. hashrate 71.58 KH/s
12:30:29.984 > >>> Completed 0 share(s), 958 Khashes, avg. hashrate 78.47 KH/s
12:30:30.623 >   Sending  : {"id": 5, "method": "mining.submit", "params": ["bc1qxy2kgdygjrsqtzq2n0yrf2493p83kkfjhx0wlh","42696b","00000001","66443a44","1aa6e38c"]}
12:30:30.634 >    - Current diff share: 0.001115373891
12:30:30.637 >    - Current pool diff : 0.000100000000
12:30:30.643 >    - TX SHARE: 3429e29d1d334bfe07987e23e24c1a31cc364d7e3b44eed49632f28b80030000
12:30:31.030 > >>> Completed 0 share(s), 1038 Khashes, avg. hashrate 76.48 KH/s
12:30:32.076 > >>> Completed 0 share(s), 1119 Khashes, avg. hashrate 77.51 KH/s
12:30:32.641 >   Received message from pool
12:30:32.641 >   Receiving: {"id":5,"error":null,"result":true}
12:30:32.646 >   Parsed JSON: Success
12:30:33.119 > >>> Completed 0 share(s), 1200 Khashes, avg. hashrate 77.59 KH/s
12:30:34.163 > >>> Completed 0 share(s), 1281 Khashes, avg. hashrate 77.59 KH/s
12:30:35.207 > >>> Completed 0 share(s), 1363 Khashes, avg. hashrate 78.54 KH/s
12:30:36.253 > >>> Completed 0 share(s), 1444 Khashes, avg. hashrate 77.51 KH/s
12:30:37.296 > >>> Completed 0 share(s), 1525 Khashes, avg. hashrate 77.59 KH/s
12:30:38.341 > >>> Completed 0 share(s), 1607 Khashes, avg. hashrate 78.54 KH/s
12:30:39.385 > >>> Completed 0 share(s), 1688 Khashes, avg. hashrate 77.51 KH/s
12:30:40.430 > >>> Completed 0 share(s), 1769 Khashes, avg. hashrate 77.59 KH/s
12:30:40.527 >   Sending  : {"id": 6, "method": "mining.submit", "params": ["bc1qxy2kgdygjrsqtzq2n0yrf2493p83kkfjhx0wlh","42696b","00000001","66443a44","1ab296ba"]}
12:30:40.538 >    - Current diff share: 0.000224577124
12:30:40.540 >    - Current pool diff : 0.000100000000
12:30:40.546 >    - TX SHARE: ff121327b71b4da19d66c634a15f65e450bdd425dd2222c1646bcebe64110000
12:30:41.475 > >>> Completed 0 share(s), 1850 Khashes, avg. hashrate 77.51 KH/s
12:30:42.518 > >>> Completed 0 share(s), 1931 Khashes, avg. hashrate 77.59 KH/s
12:30:43.563 > >>> Completed 0 share(s), 2012 Khashes, avg. hashrate 77.59 KH/s
12:30:44.608 > >>> Completed 0 share(s), 2094 Khashes, avg. hashrate 78.47 KH/s
12:30:45.652 > >>> Completed 0 share(s), 2175 Khashes, avg. hashrate 77.51 KH/s
12:30:45.734 >   Sending  : {"id": 7, "method": "mining.submit", "params": ["bc1qxy2kgdygjrsqtzq2n0yrf2493p83kkfjhx0wlh","42696b","00000001","66443a44","1ab8bd3a"]}
12:30:45.745 >    - Current diff share: 0.000148988621
12:30:45.748 >    - Current pool diff : 0.000100000000
12:30:45.753 >    - TX SHARE: ed2b89f1ace844403f6f095650d2076b94e37f9f5a764593542fcfd1371a0000
12:30:46.698 > >>> Completed 0 share(s), 2255 Khashes, avg. hashrate 76.56 KH/s
12:30:47.743 > >>> Completed 0 share(s), 2336 Khashes, avg. hashrate 77.51 KH/s
12:30:48.277 >   Received message from pool
12:30:48.278 >   Receiving: {"id":6,"error":null,"result":true}
12:30:48.283 >   Parsed JSON: Success
12:30:48.787 > >>> Completed 0 share(s), 2417 Khashes, avg. hashrate 77.59 KH/s
12:30:49.832 > >>> Completed 0 share(s), 2499 Khashes, avg. hashrate 78.54 KH/s
12:30:50.876 > >>> Completed 0 share(s), 2580 Khashes, avg. hashrate 77.51 KH/s
12:30:51.052 >   Sending  : {"id": 8, "method": "mining.submit", "params": ["bc1qxy2kgdygjrsqtzq2n0yrf2493p83kkfjhx0wlh","42696b","00000001","66443a44","1abf2a19"]}
12:30:51.063 >    - Current diff share: 0.000294242129
12:30:51.066 >    - Current pool diff : 0.000100000000
12:30:51.072 >    - TX SHARE: 7056fa47dbbdd2c57638b03548c51cb00132214676953bea72ed7d82460d0000
12:30:51.920 > >>> Completed 0 share(s), 2660 Khashes, avg. hashrate 76.63 KH/s
12:30:52.683 >   Sending  : {"id": 9, "method": "mining.submit", "params": ["bc1qxy2kgdygjrsqtzq2n0yrf2493p83kkfjhx0wlh","42696b","00000001","66443a44","1ac0fcbe"]}
12:30:52.694 >    - Current diff share: 0.005571434068
12:30:52.697 >    - Current pool diff : 0.000100000000
12:30:52.702 >    - TX SHARE: 6d9d7c160827ecb6358f8fd3f4c743480c9b3fff28a94d110db4f87bb3000000
12:30:52.967 > >>> Completed 0 share(s), 2740 Khashes, avg. hashrate 76.41 KH/s
12:30:54.011 > >>> Completed 0 share(s), 2822 Khashes, avg. hashrate 78.54 KH/s
12:30:55.056 > >>> Completed 0 share(s), 2903 Khashes, avg. hashrate 77.51 KH/s
12:30:56.100 > >>> Completed 0 share(s), 2984 Khashes, avg. hashrate 77.59 KH/s
12:30:56.701 >   Sending  : {"id": 10, "method": "mining.submit", "params": ["bc1qxy2kgdygjrsqtzq2n0yrf2493p83kkfjhx0wlh","42696b","00000001","66443a44","1ac5b9f6"]}
12:30:56.712 >    - Current diff share: 0.001660770830
12:30:56.718 >    - Current pool diff : 0.000100000000
12:30:56.720 >    - TX SHARE: 7f722069695af75268a5151f801e39eee65c4834425c42d88debef1e5a020000
12:30:57.144 > >>> Completed 0 share(s), 3065 Khashes, avg. hashrate 77.51 KH/s
12:30:58.189 > >>> Completed 0 share(s), 3146 Khashes, avg. hashrate 77.59 KH/s
12:30:59.233 > >>> Completed 0 share(s), 3227 Khashes, avg. hashrate 77.59 KH/s
12:31:00.277 > >>> Completed 0 share(s), 3309 Khashes, avg. hashrate 78.54 KH/s
12:31:01.322 > >>> Completed 0 share(s), 3390 Khashes, avg. hashrate 77.51 KH/s
12:31:02.366 > >>> Completed 0 share(s), 3471 Khashes, avg. hashrate 77.59 KH/s
12:31:02.372 >   Sending  : {"id": 11, "method": "mining.submit", "params": ["bc1qxy2kgdygjrsqtzq2n0yrf2493p83kkfjhx0wlh","42696b","00000001","66443a44","1acc9a5f"]}
12:31:02.383 >    - Current diff share: 0.000114805450
12:31:02.389 >    - Current pool diff : 0.000100000000
12:31:02.391 >    - TX SHARE: 9486e7c9159de58dbb92def7ce6d4ca300187fde27efd5cc34a6454106220000
12:31:03.413 > >>> Completed 0 share(s), 3553 Khashes, avg. hashrate 78.32 KH/s
12:31:03.636 >   Sending  : {"id": 12, "method": "mining.submit", "params": ["bc1qxy2kgdygjrsqtzq2n0yrf2493p83kkfjhx0wlh","42696b","00000001","66443a44","1ace13fb"]}
12:31:03.646 >    - Current diff share: 0.000137235378
12:31:03.652 >    - Current pool diff : 0.000100000000
12:31:03.655 >    - TX SHARE: f7b4470d7b028d2e374873ba526f5f4271fbaea10b1b78d8d817bea3761c0000
12:31:04.458 > >>> Completed 0 share(s), 3633 Khashes, avg. hashrate 76.56 KH/s
12:31:05.503 > >>> Completed 0 share(s), 3714 Khashes, avg. hashrate 77.51 KH/s
12:31:05.876 >   Sending  : {"id": 13, "method": "mining.submit", "params": ["bc1qxy2kgdygjrsqtzq2n0yrf2493p83kkfjhx0wlh","42696b","00000001","66443a44","1ad09af6"]}
12:31:05.887 >    - Current diff share: 0.000326358959
12:31:05.893 >    - Current pool diff : 0.000100000000
12:31:05.896 >    - TX SHARE: cdcc8d1984455b19c5d1de96d7d0e0b709bb1a43485130b18c186310f80b0000
12:31:06.547 > >>> Completed 0 share(s), 3795 Khashes, avg. hashrate 77.59 KH/s
