18:03:58.338 > >>> Completed 0 share(s), 20499 Khashes, avg. hashrate 77.07 KH/s
18:03:58.338 > btc price:
18:03:58.855 >   Received message from pool
18:03:58.855 >   Receiving: {"id":null,"method":"mining.notify","params":["24cab61","6e6647123bbbf24c9923fe5998244bf0eaddce7d000327b00000000000000000","02000000010000000000000000000000000000000000000000000000000000000000000000ffffffff170350140d5075626c69632d506f6f6c","ffffffff023404de120000000017a91423e522dfc6656a8fda3d47b4fa53f7585ac758cd870000000000000000266a24aa21a9eda4980538a1797a34d50bc394b95e39939fd4d74ad1f11e4cce7984b4b286363a00000000",["46a2ff90a5094b3ba335133ab4ea4ddbf0efdee5ace04d91f3ebb425f8d6c0df","18189408a134e07f3b51e16d9927692a01e177a4fee615dd7287af44972c1558","545368bdb84bc90f9eec3b9d0d5f3486d2b8a7b4326099829ded9b29e9754feb","512ec021ffd6a36c46151dc670a4b2f8177fa3df42a8043aa5dd444ba4f611d9","a622ffc53ba0e9f117ccce68c46a27005b1e75c461f470a942f242bdd1b99354","67f7d802be87f9e34f32894134dbed178031a959d02d44e1a14189c4e23fef55","5dd687d370c25a360000b557c6690d94a831db6fabf96ff58f83a18b8d2a2dae","1d6aef41a374c1b5459edaf9948b30a8e4550912a9fcffa2e10f5658825b959b","aef0785f1917e2adbfdf4bb77c680c753e45a194658c3a8d7f6a092574ef2408","7a2aed5ccef708bec41a27273389f5ef59795fd17dd8d20ccd58c25fd945f768","b8409b6510a47dc68a201e310368a9792dfcc87770d537daf82a7a7123e0dc21","3435a554a649e243b786c3707f0e1da1874c7967384f6204d121bdcf2e0cb2bb","0fdeb5c1b1106978cf0ccf17917f591bea1a662d318d4534a0fc4a96aa9d5805"],"20000000","17033d76","66c0758d",false]}
18:03:58.974 >     Parsing Method [MINING NOTIFY]
18:03:58.976 > MINER WORK ABORTED >> waiting new job
18:03:58.979 > >>> Finished job waiting new data from pool    target: 000000000000000000033d760000000000000000000000000000000000000000
18:03:58.990 > >>> Resetting watchdog timerMINER WORK ABORTED >> waiting new job    coinbase: 02000000010000000000000000000000000000000000000000000000000000000000000000ffffffff170350140d5075626c69632d506f6f6c0b29b2ff00000007ffffffff023404de120000000017a91423e522dfc6656a8fda3d47b4fa53f7585ac758cd870000000000000000266a24aa21a9eda4980538a1797a34d50bc394b95e39939fd4d74ad1f11e4cce7984b4b286363a00000000
18:03:59.024 >     merkle sha         : 
18:03:59.026 > >>> Finished job waiting new data from pool>>> Resetting watchdog timerf5a5fc1754988dfac50be29c10871c10ef28dc108fc0e91b7c1b4897eef00af5
18:03:59.094 > >>> STARTING TO HASH NONCES
18:03:59.137 > >>> STARTING TO HASH NONCES
18:03:59.362 > >>> Completed 0 share(s), 20569 Khashes, avg. hashrate 65.85 KH/s
18:03:59.368 > btc price:
18:04:00.427 > >>> Completed 0 share(s), 20652 Khashes, avg. hashrate 77.93 KH/s
18:04:00.433 > btc price:
18:04:01.491 > >>> Completed 0 share(s), 20734 Khashes, avg. hashrate 77.07 KH/s
18:04:01.497 > btc price:
18:04:02.554 > >>> Completed 0 share(s), 20816 Khashes, avg. hashrate 77.14 KH/s
18:04:02.560 > btc price:
