18:38:55.416 > >>> Completed 0 share(s), 181648 Khashes, avg. hashrate 77.22 KH/s
18:38:55.416 > btc price:
18:38:55.416 > 59082$
18:38:56.364 > >>> Completed 0 share(s), 181729 Khashes, avg. hashrate 77.29 KH/s
18:38:56.371 > btc price:
18:38:56.371 > 59082$
18:38:57.412 > >>> Completed 0 share(s), 181811 Khashes, avg. hashrate 78.24 KH/s
18:38:57.419 > btc price:
18:38:57.419 > 59082$
18:38:58.461 > >>> Completed 0 share(s), 181892 Khashes, avg. hashrate 77.22 KH/s
18:38:58.468 > btc price:
18:38:58.468 > 59082$
18:38:59.002 >   Received message from pool
18:38:59.002 >   Receiving: {"id":null,"method":"mining.notify","params":["24d9908","b71f5d72137a4b35722b71348a522c4701558e62000302aa0000000000000000","02000000010000000000000000000000000000000000000000000000000000000000000000ffffffff170353140d5075626c69632d506f6f6c","ffffffff026e61fa120000000017a91423e522dfc6656a8fda3d47b4fa53f7585ac758cd870000000000000000266a24aa21a9ed80cda99737694996c27185bd0a651b01cea9ebcc9183c5b8c4f35872bd5fba4a00000000",["5f3e593f26c873eca1cc9e333a2c65faba88e130c1a164c221a96dd89e8ce948","0ad6d065afb5431ee1d57e27024c27353cabe4aec9612c1c3e514558b0b8a4a0","d0160e664f51df4da710fe77403f5ccef917dc46c06f757d049f9f8527b1477c","6e72bcb03a3cd678ef995beef4ed2cb0144b813327c672dbacdb71e9ee34c8b9","be0b85b08cf7f9b1a46ca3fb7e687010acd9218779eb7fb4e257bb4ec414f353","3518ffe350d2fc1db3994a3ee0e27951d8272cde1caebf61b26c34e7530f9cce","6dd84df18a9bc60cf13e1496052953684aee9809c4ac20a9322250129a90b7aa","6f7eb98a1e8f520db48dd3d5db9efbf93f5f908e18bb3ac3b78b8fd11a13a3b6","4c4859be7876a395251b0e55dcd459e3a6830f7d0a1eb0a4a7b3a9bf7c0b25d3","2a5ca8d09b2e0824a75bb2651beb6cfc358e9bbaca13ed9f16e91dedea3480d8","ebc02574a5a4f08a80fc0dd42050d902f438ba33b654c92a0f092ad8577789bd","ae4013b26894cdb4d7ef9fce92535525dfe39268c9fb5bba6ae2e60dd9cbcf67","05b18935346fb875b1b168fc700d29cf4007d6f19aff6c5bd79d1dffee3f87d8"],"20000000","17033d76","66c07dc1",false]}
18:38:59.121 >     Parsing Method [MINING NOTIFY]
18:38:59.124 > MINER WORK ABORTED >> waiting new job
18:38:59.126 > >>> Finished job waiting new data from pool    target: 000000000000000000033d760000000000000000000000000000000000000000
18:38:59.138 > MINER WORK ABORTED >> waiting new job    coinbase: 02000000010000000000000000000000000000000000000000000000000000000000000000ffffffff170353140d5075626c69632d506f6f6c0b29b2ff00000042ffffffff026e61fa120000000017a91423e522dfc6656a8fda3d47b4fa53f7585ac758cd870000000000000000266a24aa21a9ed80cda99737694996c27185bd0a651b01cea9ebcc9183c5b8c4f35872bd5fba4a00000000
18:38:59.168 > 
18:38:59.168 > >>> Finished job waiting new data from pool    merkle sha         : >>> Resetting watchdog timer>>> Resetting watchdog timere26ba7ed23144ad90030f5f60bf966a453798f1e1364696c005a7d25a9c9dc84
18:38:59.280 > >>> STARTING TO HASH NONCES
18:38:59.281 > >>> STARTING TO HASH NONCES
18:38:59.509 > >>> Completed 0 share(s), 181960 Khashes, avg. hashrate 64.89 KH/s
18:38:59.516 > btc price:
18:38:59.516 > 59082$
