14:42:15.092 > Client not connected, trying to connect...
14:42:15.092 > [WORKER] ==> Mining subscribe
14:42:15.092 >   Sending  : {"id": 1, "method": "mining.subscribe", "params": ["NerdMinerV2/V1.6.3"]}
14:42:15.092 > 
14:42:15.092 > TimeClient NTPupdateTime >>> Completed 0 share(s), 0 Khashes, avg. hashrate 0.00 KH/s
14:42:15.092 > btc price:
14:42:15.092 > >>> [i] Miner: newJob>false / inRun>false) - Client: connected>true / subscribed>false / wificonnected>true
14:42:15.953 > Client not connected, trying to connect...
14:42:15.957 > [WORKER] ==> Mining subscribe
14:42:15.960 >   Sending  : {"id": 1, "method": "mining.subscribe", "params": ["NerdMinerV2/V1.6.3"]}
14:42:15.967 > 
14:42:17.093 > TimeClient NTPupdateTime >>> Completed 0 share(s), 0 Khashes, avg. hashrate 0.00 KH/s
14:42:17.103 > btc price:
14:42:17.152 > >>> [i] Miner: newJob>false / inRun>false) - Client: connected>true / subscribed>false / wificonnected>true
14:42:17.161 > Client not connected, trying to connect...
14:42:17.163 > [WORKER] ==> Mining subscribe
14:42:17.166 >   Sending  : {"id": 1, "method": "mining.subscribe", "params": ["NerdMinerV2/V1.6.3"]}
14:42:17.175 > 
14:42:18.377 > Client not connected, trying to connect...
14:42:18.390 > [WORKER] ==> Mining subscribe
14:42:18.391 >   Sending  : {"id": 1, "method": "mining.subscribe", "params": ["NerdMinerV2/V1.6.3"]}
14:42:18.400 > 
14:42:19.189 > TimeClient NTPupdateTime >>> Completed 0 share(s), 0 Khashes, avg. hashrate 0.00 KH/s
14:42:19.199 > btc price:
14:42:19.248 > >>> [i] Miner: newJob>false / inRun>false) - Client: connected>true / subscribed>false / wificonnected>true
14:42:19.594 > Client not connected, trying to connect...
14:42:19.601 > [WORKER] ==> Mining subscribe
14:42:19.602 >   Sending  : {"id": 1, "method": "mining.subscribe", "params": ["NerdMinerV2/V1.6.3"]}
14:42:19.611 > 
