17:40:09.481 > >>> Completed 0 share(s), 0 Khashes, avg. hashrate 0.00 KH/s
17:40:09.481 > btc price:
17:40:09.481 > >>> [i] Miner: newJob>false / inRun>false) - Client: connected>false / subscribed>false / wificonnected>true
17:40:09.481 > Client not connected, trying to connect...
17:40:09.591 > >>> Completed 0 share(s), 0 Khashes, avg. hashrate 0.00 KH/s
17:40:09.593 > btc price:
17:40:09.643 > >>> [i] Miner: newJob>false / inRun>false) - Client: connected>false / subscribed>false / wificonnected>true
17:40:10.653 > >>> Completed 0 share(s), 0 Khashes, avg. hashrate 0.00 KH/s
17:40:10.655 > btc price:
17:40:10.704 > >>> [i] Miner: newJob>false / inRun>false) - Client: connected>false / subscribed>false / wificonnected>true
17:40:11.714 > >>> Completed 0 share(s), 0 Khashes, avg. hashrate 0.00 KH/s
17:40:11.716 > btc price:
17:40:11.766 > >>> [i] Miner: newJob>false / inRun>false) - Client: connected>false / subscribed>false / wificonnected>true
17:40:11.809 > Imposible to connect to : public-pool.io
17:40:11.811 > Resolved DNS got: 68.235.52.36
17:40:12.775 > >>> Completed 0 share(s), 0 Khashes, avg. hashrate 0.00 KH/s
17:40:12.777 > btc price:
17:40:12.826 > >>> [i] Miner: newJob>false / inRun>false) - Client: connected>false / subscribed>false / wificonnected>true
17:40:13.836 > >>> Completed 0 share(s), 0 Khashes, avg. hashrate 0.00 KH/s
17:40:13.838 > btc price:
17:40:13.888 > >>> [i] Miner: newJob>false / inRun>false) - Client: connected>false / subscribed>false / wificonnected>true
17:40:14.898 > >>> Completed 0 share(s), 0 Khashes, avg. hashrate 0.00 KH/s
17:40:14.900 > btc price:
17:40:14.949 > >>> [i] Miner: newJob>false / inRun>false) - Client: connected>false / subscribed>false / wificonnected>true
