18:04:55.760 > >>> Completed 0 share(s), 24916 Khashes, avg. hashrate 77.07 KH/s
18:04:55.760 > btc price:
18:04:56.276 >   Sending  : KeepAlive suggest_difficulty
18:04:56.278 >   Sending  : {"id": 28, "method": "mining.suggest_difficulty", "params": [0.0001]}
18:04:56.785 > >>> Completed 0 share(s), 24998 Khashes, avg. hashrate 77.14 KH/s
18:04:56.790 > btc price:
18:04:57.848 > >>> Completed 0 share(s), 25080 Khashes, avg. hashrate 77.14 KH/s
18:04:57.854 > btc price:
18:04:58.911 > >>> Completed 0 share(s), 25162 Khashes, avg. hashrate 77.14 KH/s
18:04:58.917 > btc price:
18:04:58.967 >   Received message from pool
18:04:58.967 >   Receiving: {"id":null,"method":"mining.notify","params":["24cb226","6e6647123bbbf24c9923fe5998244bf0eaddce7d000327b00000000000000000","02000000010000000000000000000000000000000000000000000000000000000000000000ffffffff170350140d5075626c69632d506f6f6c","ffffffff02722de2120000000017a91423e522dfc6656a8fda3d47b4fa53f7585ac758cd870000000000000000266a24aa21a9ed0aa29d01b78dc11038ce64054e330eb9e18f9f9b2a377b800d8eb69d158851c500000000",["912589aff34f044dd71691aace0db34679494db803357b0c7a3c67687e699800","7f4a00e59edf8864a50bcc48db83fbfa6ccf2b268adfb583e259109b52558791","865e710e3293109d4fe3b0729c83d95adcc26f2bef452ea9df31688dd2e85ea8","507b1a106f36ad56fa7290a85fc008cb66eb47acc0669e1f10fce955859da47f","87c3a193b4bc9b14f9f8e7dbd6f4da5a7beae3a93a59fffc6a80af34d01d6b25","2ba9915228e129f4029f079e2532754683b0c3e5b293d21da1b368407e9534f0","e4af3866c605d8c5b0c615e3c56a801ba0e873a8c3f4f1dce8063e3ebb216925","83ed88d8454324a1f4bf1b156275a74c31cb45f31bc70756bfa49163e414489c","f2e3bbcf0af38e6b4f6f1cb1c5d4b2ad301ceaaa70c13920113fdefdd7249b2e","c7bc47f00772514e72a2d1adbba206412435adf68d19f513d098a27f33f21738","5555364eda71d2d1a79c6b8caa19f215a4739fc6d122e55398baf1fb50f4eb6c","25019f283ae1ab4bbfacbf30d1797cf299e54bc86a387b25e8e8f4d996b84844","a69b0a1165c2f151d6899db4480015eb87d55100d27baeb48dcb7e45d2513f20"],"20000000","17033d76","66c075c9",false]}
18:04:59.086 >     Parsing Method [MINING NOTIFY]
18:04:59.089 > MINER WORK ABORTED >> waiting new job
18:04:59.091 > >>> Finished job waiting new data from pool    target: 000000000000000000033d760000000000000000000000000000000000000000
18:04:59.103 > MINER WORK ABORTED >> waiting new job    coinbase: 02000000010000000000000000000000000000000000000000000000000000000000000000ffffffff170350140d5075626c69632d506f6f6c0b29b2ff00000008ffffffff02722de2120000000017a91423e522dfc6656a8fda3d47b4fa53f7585ac758cd870000000000000000266a24aa21a9ed0aa29d01b78dc11038ce64054e330eb9e18f9f9b2a377b800d8eb69d158851c500000000
18:04:59.133 > 
18:04:59.133 > >>> Finished job waiting new data from pool    merkle sha         : >>> Resetting watchdog timer>>> Resetting watchdog timer6d366301bd6dad3c52cdaa0f04751d53dcde9c49114a4acfb059132629ffcd18
18:04:59.246 > >>> STARTING TO HASH NONCES
18:04:59.246 > >>> STARTING TO HASH NONCES
18:04:59.974 > >>> Completed 0 share(s), 25231 Khashes, avg. hashrate 64.91 KH/s
18:04:59.979 > btc price:
