15:03:49.765 > TimeClient NTPupdateTime >>> Completed 0 share(s), 0 Khashes, avg. hashrate 0.00 KH/s
15:03:49.765 > btc price:
15:03:49.765 > >>> [i] Miner: newJob>false / inRun>false) - Client: connected>true / subscribed>false / wificonnected>true
15:03:49.765 > Client not connected, trying to connect...
15:03:49.765 > [WORKER] ==> Mining subscribe
15:03:49.765 >   Sending  : {"id": 1, "method": "mining.subscribe", "params": ["NerdMinerV2/V1.6.3"]}
15:03:49.765 > 
15:03:50.371 > Client not connected, trying to connect...
15:03:50.384 > [WORKER] ==> Mining subscribe
15:03:50.385 >   Sending  : {"id": 1, "method": "mining.subscribe", "params": ["NerdMinerV2/V1.6.3"]}
15:03:50.394 > 
15:03:50.842 > TimeClient NTPupdateTime >>> Completed 0 share(s), 0 Khashes, avg. hashrate 0.00 KH/s
15:03:50.852 > btc price:
15:03:50.901 > >>> [i] Miner: newJob>false / inRun>false) - Client: connected>true / subscribed>false / wificonnected>true
15:03:51.586 > Client not connected, trying to connect...
15:03:51.592 > [WORKER] ==> Mining subscribe
15:03:51.592 >   Sending  : {"id": 1, "method": "mining.subscribe", "params": ["NerdMinerV2/V1.6.3"]}
15:03:51.602 > 
15:03:52.794 > Client not connected, trying to connect...
15:03:52.812 > [WORKER] ==> Mining subscribe
15:03:52.812 >   Sending  : {"id": 1, "method": "mining.subscribe", "params": ["NerdMinerV2/V1.6.3"]}
15:03:52.822 > 
15:03:52.948 > TimeClient NTPupdateTime >>> Completed 0 share(s), 0 Khashes, avg. hashrate 0.00 KH/s
15:03:52.958 > btc price:
15:03:53.007 > >>> [i] Miner: newJob>false / inRun>false) - Client: connected>true / subscribed>false / wificonnected>true
15:03:54.014 > Client not connected, trying to connect...
15:03:54.031 > [WORKER] ==> Mining subscribe
15:03:54.032 >   Sending  : {"id": 1, "method": "mining.subscribe", "params": ["NerdMinerV2/V1.6.3"]}
15:03:54.041 > 
