12:31:02.558 > >>> [i] Miner: newJob>false / inRun>false) - Client: connected>false / subscribed>false / wificonnected>true
12:31:02.558 > >>> Completed 0 share(s), 0 Khashes, avg. hashrate 0.00 KH/s
12:31:02.558 > btc price:
12:31:02.558 > >>> [i] Miner: newJob>false / inRun>false) - Client: connected>false / subscribed>false / wificonnected>true
12:31:03.443 > >>> Completed 0 share(s), 0 Khashes, avg. hashrate 0.00 KH/s
12:31:03.446 > btc price:
12:31:03.495 > >>> [i] Miner: newJob>false / inRun>false) - Client: connected>false / subscribed>false / wificonnected>true
12:31:04.504 > >>> Completed 0 share(s), 0 Khashes, avg. hashrate 0.00 KH/s
12:31:04.507 > btc price:
12:31:04.556 > >>> [i] Miner: newJob>false / inRun>false) - Client: connected>false / subscribed>false / wificonnected>true
12:31:05.565 > >>> Completed 0 share(s), 0 Khashes, avg. hashrate 0.00 KH/s
12:31:05.568 > btc price:
12:31:05.617 > >>> [i] Miner: newJob>false / inRun>false) - Client: connected>false / subscribed>false / wificonnected>true
12:31:06.626 > >>> Completed 0 share(s), 0 Khashes, avg. hashrate 0.00 KH/s
12:31:06.629 > btc price:
12:31:06.678 > >>> [i] Miner: newJob>false / inRun>false) - Client: connected>false / subscribed>false / wificonnected>true
12:31:07.687 > >>> Completed 0 share(s), 0 Khashes, avg. hashrate 0.00 KH/s
12:31:07.690 > btc price:
12:31:07.739 > >>> [i] Miner: newJob>false / inRun>false) - Client: connected>false / subscribed>false / wificonnected>true
12:31:08.748 > >>> Completed 0 share(s), 0 Khashes, avg. hashrate 0.00 KH/s
12:31:08.751 > btc price:
12:31:08.800 > >>> [i] Miner: newJob>false / inRun>false) - Client: connected>false / subscribed>false / wificonnected>true
12:31:09.809 > >>> Completed 0 share(s), 0 Khashes, avg. hashrate 0.00 KH/s
12:31:09.812 > btc price:
12:31:09.861 > >>> [i] Miner: newJob>false / inRun>false) - Client: connected>false / subscribed>false / wificonnected>true
12:31:10.870 > >>> Completed 0 share(s), 0 Khashes, avg. hashrate 0.00 KH/s
12:31:10.873 > btc price:
12:31:10.922 > >>> [i] Miner: newJob>false / inRun>false) - Client: connected>false / subscribed>false / wificonnected>true
12:31:11.931 > >>> Completed 0 share(s), 0 Khashes, avg. hashrate 0.00 KH/s
12:31:11.934 > btc price:
12:31:11.983 > >>> [i] Miner: newJob>false / inRun>false) - Client: connected>false / subscribed>false / wificonnected>true
12:31:12.992 > >>> Completed 0 share(s), 0 Khashes, avg. hashrate 0.00 KH/s
12:31:12.995 > btc price:
12:31:13.044 > >>> [i] Miner: newJob>false / inRun>false) - Client: connected>false / subscribed>false / wificonnected>true
12:31:14.053 > >>> Completed 0 share(s), 0 Khashes, avg. hashrate 0.00 KH/s
12:31:14.056 > btc price:
12:31:14.107 > >>> [i] Miner: newJob>false / inRun>false) - Client: connected>false / subscribed>false / wificonnected>true
12:31:15.116 > >>> Completed 0 share(s), 0 Khashes, avg. hashrate 0.00 KH/s
12:31:15.119 > btc price:
12:31:15.168 > >>> [i] Miner: newJob>false / inRun>false) - Client: connected>false / subscribed>false / wificonnected>true
12:31:16.177 > >>> Completed 0 share(s), 0 Khashes, avg. hashrate 0.00 KH/s
12:31:16.180 > btc price:
12:31:16.229 > >>> [i] Miner: newJob>false / inRun>false) - Client: connected>false / subscribed>false / wificonnected>true
12:31:17.238 > >>> Completed 0 share(s), 0 Khashes, avg. hashrate 0.00 KH/s
12:31:17.241 > btc price:
12:31:17.290 > >>> [i] Miner: newJob>false / inRun>false) - Client: connected>false / subscribed>false / wificonnected>true
12:31:18.299 > >>> Completed 0 share(s), 0 Khashes, avg. hashrate 0.00 KH/s
12:31:18.302 > btc price:
12:31:18.351 > >>> [i] Miner: newJob>false / inRun>false) - Client: connected>false / subscribed>false / wificonnected>true
12:31:19.360 > >>> Completed 0 share(s), 0 Khashes, avg. hashrate 0.00 KH/s
12:31:19.363 > btc price:
12:31:19.412 > >>> [i] Miner: newJob>false / inRun>false) - Client: connected>false / subscribed>false / wificonnected>true
12:31:20.421 > >>> Completed 0 share(s), 0 Khashes, avg. hashrate 0.00 KH/s
12:31:20.424 > btc price:
12:31:20.473 > >>> [i] Miner: newJob>false / inRun>false) - Client: connected>false / subscribed>false / wificonnected>true
12:31:21.482 > >>> Completed 0 share(s), 0 Khashes, avg. hashrate 0.00 KH/s
12:31:21.485 > btc price:
12:31:21.534 > >>> [i] Miner: newJob>false / inRun>false) - Client: connected>false / subscribed>false / wificonnected>true
12:31:22.543 > >>> Completed 0 share(s), 0 Khashes, avg. hashrate 0.00 KH/s
12:31:22.546 > btc price:
12:31:22.595 > >>> [i] Miner: newJob>false / inRun>false) - Client: connected>false / subscribed>false / wificonnected>true
12:31:23.604 > >>> Completed 0 share(s), 0 Khashes, avg. hashrate 0.00 KH/s
12:31:23.607 > btc price:
12:31:23.656 > >>> [i] Miner: newJob>false / inRun>false) - Client: connected>false / subscribed>false / wificonnected>true
12:31:24.665 > >>> Completed 0 share(s), 0 Khashes, avg. hashrate 0.00 KH/s
12:31:24.668 > btc price:
12:31:24.717 > >>> [i] Miner: newJob>false / inRun>false) - Client: connected>false / subscribed>false / wificonnected>true
12:31:25.726 > >>> Completed 0 share(s), 0 Khashes, avg. hashrate 0.00 KH/s
12:31:25.729 > btc price:
12:31:25.780 > >>> [i] Miner: newJob>false / inRun>false) - Client: connected>false / subscribed>false / wificonnected>true
12:31:26.790 > >>> Completed 0 share(s), 0 Khashes, avg. hashrate 0.00 KH/s
12:31:26.792 > btc price:
12:31:26.842 > >>> [i] Miner: newJob>false / inRun>false) - Client: connected>false / subscribed>false / wificonnected>true
12:31:27.851 > >>> Completed 0 share(s), 0 Khashes, avg. hashrate 0.00 KH/s
12:31:27.854 > btc price:
12:31:27.903 > >>> [i] Miner: newJob>false / inRun>false) - Client: connected>false / subscribed>false / wificonnected>true
12:31:28.912 > >>> Completed 0 share(s), 0 Khashes, avg. hashrate 0.00 KH/s
12:31:28.915 > btc price:
12:31:28.966 > >>> [i] Miner: newJob>false / inRun>false) - Client: connected>false / subscribed>false / wificonnected>true
12:31:29.975 > >>> Completed 0 share(s), 0 Khashes, avg. hashrate 0.00 KH/s
12:31:29.978 > btc price:
12:31:30.027 > >>> [i] Miner: newJob>false / inRun>false) - Client: connected>false / subscribed>false / wificonnected>true
12:31:31.036 > >>> Completed 0 share(s), 0 Khashes, avg. hashrate 0.00 KH/s
12:31:31.039 > btc price:
12:31:31.088 > >>> [i] Miner: newJob>false / inRun>false) - Client: connected>false / subscribed>false / wificonnected>true
12:31:32.097 > >>> Completed 0 share(s), 0 Khashes, avg. hashrate 0.00 KH/s
12:31:32.100 > btc price:
12:31:32.149 > >>> [i] Miner: newJob>false / inRun>false) - Client: connected>false / subscribed>false / wificonnected>true
12:31:33.158 > >>> Completed 0 share(s), 0 Khashes, avg. hashrate 0.00 KH/s
12:31:33.161 > btc price:
12:31:33.210 > >>> [i] Miner: newJob>false / inRun>false) - Client: connected>false / subscribed>false / wificonnected>true
12:31:34.219 > >>> Completed 0 share(s), 0 Khashes, avg. hashrate 0.00 KH/s
12:31:34.222 > btc price:
12:31:34.272 > >>> [i] Miner: newJob>false / inRun>false) - Client: connected>false / subscribed>false / wificonnected>true
12:31:35.280 > >>> Completed 0 share(s), 0 Khashes, avg. hashrate 0.00 KH/s
12:31:35.283 > btc price:
12:31:35.333 > >>> [i] Miner: newJob>false / inRun>false) - Client: connected>false / subscribed>false / wificonnected>true
12:31:36.342 > >>> Completed 0 share(s), 0 Khashes, avg. hashrate 0.00 KH/s
12:31:36.345 > btc price:
12:31:36.394 > >>> [i] Miner: newJob>false / inRun>false) - Client: connected>false / subscribed>false / wificonnected>true
12:31:37.403 > >>> Completed 0 share(s), 0 Khashes, avg. hashrate 0.00 KH/s
12:31:37.406 > btc price:
12:31:37.455 > >>> [i] Miner: newJob>false / inRun>false) - Client: connected>false / subscribed>false / wificonnected>true
12:31:38.465 > >>> Completed 0 share(s), 0 Khashes, avg. hashrate 0.00 KH/s
12:31:38.467 > btc price:
12:31:38.517 > >>> [i] Miner: newJob>false / inRun>false) - Client: connected>false / subscribed>false / wificonnected>true
12:31:39.526 > >>> Completed 0 share(s), 0 Khashes, avg. hashrate 0.00 KH/s
12:31:39.529 > btc price:
12:31:39.578 > >>> [i] Miner: newJob>false / inRun>false) - Client: connected>false / subscribed>false / wificonnected>true
12:31:40.587 > >>> Completed 0 share(s), 0 Khashes, avg. hashrate 0.00 KH/s
12:31:40.590 > btc price:
12:31:40.639 > >>> [i] Miner: newJob>false / inRun>false) - Client: connected>false / subscribed>false / wificonnected>true
12:31:41.648 > >>> Completed 0 share(s), 0 Khashes, avg. hashrate 0.00 KH/s
12:31:41.651 > btc price:
12:31:41.700 > >>> [i] Miner: newJob>false / inRun>false) - Client: connected>false / subscribed>false / wificonnected>true
12:31:42.709 > >>> Completed 0 share(s), 0 Khashes, avg. hashrate 0.00 KH/s
12:31:42.712 > btc price:
12:31:42.761 > >>> [i] Miner: newJob>false / inRun>false) - Client: connected>false / subscribed>false / wificonnected>true
12:31:43.770 > >>> Completed 0 share(s), 0 Khashes, avg. hashrate 0.00 KH/s
12:31:43.773 > btc price:
12:31:43.822 > >>> [i] Miner: newJob>false / inRun>false) - Client: connected>false / subscribed>false / wificonnected>true
12:31:44.831 > >>> Completed 0 share(s), 0 Khashes, avg. hashrate 0.00 KH/s
12:31:44.834 > btc price:
12:31:44.883 > >>> [i] Miner: newJob>false / inRun>false) - Client: connected>false / subscribed>false / wificonnected>true
12:31:45.892 > >>> Completed 0 share(s), 0 Khashes, avg. hashrate 0.00 KH/s
12:31:45.895 > btc price:
12:31:45.944 > >>> [i] Miner: newJob>false / inRun>false) - Client: connected>false / subscribed>false / wificonnected>true
12:31:46.954 > >>> Completed 0 share(s), 0 Khashes, avg. hashrate 0.00 KH/s
12:31:46.956 > btc price:
12:31:47.005 > >>> [i] Miner: newJob>false / inRun>false) - Client: connected>false / subscribed>false / wificonnected>true
12:31:48.014 > >>> Completed 0 share(s), 0 Khashes, avg. hashrate 0.00 KH/s
12:31:48.017 > btc price:
12:31:48.066 > >>> [i] Miner: newJob>false / inRun>false) - Client: connected>false / subscribed>false / wificonnected>true
12:31:49.075 > >>> Completed 0 share(s), 0 Khashes, avg. hashrate 0.00 KH/s
12:31:49.078 > btc price:
12:31:49.127 > >>> [i] Miner: newJob>false / inRun>false) - Client: connected>false / subscribed>false / wificonnected>true
12:31:50.136 > >>> Completed 0 share(s), 0 Khashes, avg. hashrate 0.00 KH/s
12:31:50.139 > btc price:
12:31:50.188 > >>> [i] Miner: newJob>false / inRun>false) - Client: connected>false / subscribed>false / wificonnected>true
12:31:51.197 > >>> Completed 0 share(s), 0 Khashes, avg. hashrate 0.00 KH/s
12:31:51.200 > btc price:
12:31:51.249 > >>> [i] Miner: newJob>false / inRun>false) - Client: connected>false / subscribed>false / wificonnected>true
12:31:52.258 > >>> Completed 0 share(s), 0 Khashes, avg. hashrate 0.00 KH/s
12:31:52.261 > btc price:
12:31:52.315 > >>> [i] Miner: newJob>false / inRun>false) - Client: connected>false / subscribed>false / wificonnected>true
12:31:53.324 > >>> Completed 0 share(s), 0 Khashes, avg. hashrate 0.00 KH/s
12:31:53.327 > btc price:
12:31:53.377 > >>> [i] Miner: newJob>false / inRun>false) - Client: connected>false / subscribed>false / wificonnected>true
12:31:54.386 > >>> Completed 0 share(s), 0 Khashes, avg. hashrate 0.00 KH/s
12:31:54.389 > btc price:
12:31:54.439 > >>> [i] Miner: newJob>false / inRun>false) - Client: connected>false / subscribed>false / wificonnected>true
12:31:55.448 > >>> Completed 0 share(s), 0 Khashes, avg. hashrate 0.00 KH/s
12:31:55.450 > btc price:
12:31:55.500 > >>> [i] Miner: newJob>false / inRun>false) - Client: connected>false / subscribed>false / wificonnected>true
12:31:56.509 > >>> Completed 0 share(s), 0 Khashes, avg. hashrate 0.00 KH/s
12:31:56.512 > btc price:
12:31:56.561 > >>> [i] Miner: newJob>false / inRun>false) - Client: connected>false / subscribed>false / wificonnected>true
12:31:57.570 > >>> Completed 0 share(s), 0 Khashes, avg. hashrate 0.00 KH/s
12:31:57.573 > btc price:
12:31:57.623 > >>> [i] Miner: newJob>false / inRun>false) - Client: connected>false / subscribed>false / wificonnected>true
12:31:58.632 > >>> Completed 0 share(s), 0 Khashes, avg. hashrate 0.00 KH/s
12:31:58.634 > btc price:
12:31:58.683 > >>> [i] Miner: newJob>false / inRun>false) - Client: connected>false / subscribed>false / wificonnected>true
12:31:59.693 > >>> Completed 0 share(s), 0 Khashes, avg. hashrate 0.00 KH/s
12:31:59.695 > btc price:
12:31:59.744 > >>> [i] Miner: newJob>false / inRun>false) - Client: connected>false / subscribed>false / wificonnected>true
12:32:00.754 > >>> Completed 0 share(s), 0 Khashes, avg. hashrate 0.00 KH/s
12:32:00.756 > btc price:
12:32:00.806 > >>> [i] Miner: newJob>false / inRun>false) - Client: connected>false / subscribed>false / wificonnected>true
12:32:01.815 > >>> Completed 0 share(s), 0 Khashes, avg. hashrate 0.00 KH/s
12:32:01.817 > btc price:
12:32:01.866 > >>> [i] Miner: newJob>false / inRun>false) - Client: connected>false / subscribed>false / wificonnected>true
12:32:02.876 > >>> Completed 0 share(s), 0 Khashes, avg. hashrate 0.00 KH/s
12:32:02.878 > btc price:
12:32:02.927 > >>> [i] Miner: newJob>false / inRun>false) - Client: connected>false / subscribed>false / wificonnected>true
12:32:03.936 > >>> Completed 0 share(s), 0 Khashes, avg. hashrate 0.00 KH/s
12:32:03.939 > btc price:
12:32:03.989 > >>> [i] Miner: newJob>false / inRun>false) - Client: connected>false / subscribed>false / wificonnected>true
12:32:04.998 > >>> Completed 0 share(s), 0 Khashes, avg. hashrate 0.00 KH/s
12:32:05.001 > btc price:
12:32:05.050 > >>> [i] Miner: newJob>false / inRun>false) - Client: connected>false / subscribed>false / wificonnected>true
12:32:06.060 > >>> Completed 0 share(s), 0 Khashes, avg. hashrate 0.00 KH/s
12:32:06.062 > btc price:
12:32:06.112 > >>> [i] Miner: newJob>false / inRun>false) - Client: connected>false / subscribed>false / wificonnected>true
12:32:07.121 > >>> Completed 0 share(s), 0 Khashes, avg. hashrate 0.00 KH/s
12:32:07.123 > btc price:
12:32:07.173 > >>> [i] Miner: newJob>false / inRun>false) - Client: connected>false / subscribed>false / wificonnected>true
12:32:08.182 > >>> Completed 0 share(s), 0 Khashes, avg. hashrate 0.00 KH/s
12:32:08.184 > btc price:
12:32:08.233 > >>> [i] Miner: newJob>false / inRun>false) - Client: connected>false / subscribed>false / wificonnected>true
12:32:09.243 > >>> Completed 0 share(s), 0 Khashes, avg. hashrate 0.00 KH/s
12:32:09.245 > btc price:
12:32:09.294 > >>> [i] Miner: newJob>false / inRun>false) - Client: connected>false / subscribed>false / wificonnected>true
12:32:10.304 > >>> Completed 0 share(s), 0 Khashes, avg. hashrate 0.00 KH/s
12:32:10.307 > btc price:
12:32:10.356 > >>> [i] Miner: newJob>false / inRun>false) - Client: connected>false / subscribed>false / wificonnected>true
12:32:11.366 > >>> Completed 0 share(s), 0 Khashes, avg. hashrate 0.00 KH/s
12:32:11.368 > btc price:
12:32:11.417 > >>> [i] Miner: newJob>false / inRun>false) - Client: connected>false / subscribed>false / wificonnected>true
12:32:12.427 > >>> Completed 0 share(s), 0 Khashes, avg. hashrate 0.00 KH/s
12:32:12.429 > btc price:
12:32:12.479 > >>> [i] Miner: newJob>false / inRun>false) - Client: connected>false / subscribed>false / wificonnected>true
12:32:13.488 > >>> Completed 0 share(s), 0 Khashes, avg. hashrate 0.00 KH/s
12:32:13.491 > btc price:
12:32:13.541 > >>> [i] Miner: newJob>false / inRun>false) - Client: connected>false / subscribed>false / wificonnected>true
12:32:14.550 > >>> Completed 0 share(s), 0 Khashes, avg. hashrate 0.00 KH/s
12:32:14.552 > btc price:
12:32:14.602 > >>> [i] Miner: newJob>false / inRun>false) - Client: connected>false / subscribed>false / wificonnected>true
12:32:15.611 > >>> Completed 0 share(s), 0 Khashes, avg. hashrate 0.00 KH/s
12:32:15.613 > btc price:
12:32:15.663 > >>> [i] Miner: newJob>false / inRun>false) - Client: connected>false / subscribed>false / wificonnected>true
12:32:16.673 > >>> Completed 0 share(s), 0 Khashes, avg. hashrate 0.00 KH/s
12:32:16.675 > btc price:
12:32:16.724 > >>> [i] Miner: newJob>false / inRun>false) - Client: connected>false / subscribed>false / wificonnected>true
12:32:17.734 > >>> Completed 0 share(s), 0 Khashes, avg. hashrate 0.00 KH/s
12:32:17.737 > btc price:
12:32:17.786 > >>> [i] Miner: newJob>false / inRun>false) - Client: connected>false / subscribed>false / wificonnected>true
12:32:18.795 > >>> Completed 0 share(s), 0 Khashes, avg. hashrate 0.00 KH/s
12:32:18.797 > btc price:
12:32:18.847 > >>> [i] Miner: newJob>false / inRun>false) - Client: connected>false / subscribed>false / wificonnected>true
12:32:19.856 > >>> Completed 0 share(s), 0 Khashes, avg. hashrate 0.00 KH/s
12:32:19.858 > btc price:
12:32:19.907 > >>> [i] Miner: newJob>false / inRun>false) - Client: connected>false / subscribed>false / wificonnected>true
12:32:20.917 > >>> Completed 0 share(s), 0 Khashes, avg. hashrate 0.00 KH/s
12:32:20.919 > btc price:
12:32:20.969 > >>> [i] Miner: newJob>false / inRun>false) - Client: connected>false / subscribed>false / wificonnected>true
12:32:21.978 > >>> Completed 0 share(s), 0 Khashes, avg. hashrate 0.00 KH/s
12:32:21.980 > btc price:
12:32:22.029 > >>> [i] Miner: newJob>false / inRun>false) - Client: connected>false / subscribed>false / wificonnected>true
12:32:23.039 > >>> Completed 0 share(s), 0 Khashes, avg. hashrate 0.00 KH/s
12:32:23.041 > btc price:
12:32:23.091 > >>> [i] Miner: newJob>false / inRun>false) - Client: connected>false / subscribed>false / wificonnected>true
12:32:24.100 > >>> Completed 0 share(s), 0 Khashes, avg. hashrate 0.00 KH/s
12:32:24.102 > btc price:
12:32:24.153 > >>> [i] Miner: newJob>false / inRun>false) - Client: connected>false / subscribed>false / wificonnected>true
12:32:25.162 > >>> Completed 0 share(s), 0 Khashes, avg. hashrate 0.00 KH/s
12:32:25.164 > btc price:
12:32:25.213 > >>> [i] Miner: newJob>false / inRun>false) - Client: connected>false / subscribed>false / wificonnected>true
12:32:26.223 > >>> Completed 0 share(s), 0 Khashes, avg. hashrate 0.00 KH/s
12:32:26.225 > btc price:
12:32:26.274 > >>> [i] Miner: newJob>false / inRun>false) - Client: connected>false / subscribed>false / wificonnected>true
12:32:27.284 > >>> Completed 0 share(s), 0 Khashes, avg. hashrate 0.00 KH/s
12:32:27.287 > btc price:
12:32:27.336 > >>> [i] Miner: newJob>false / inRun>false) - Client: connected>false / subscribed>false / wificonnected>true
12:32:28.345 > >>> Completed 0 share(s), 0 Khashes, avg. hashrate 0.00 KH/s
12:32:28.347 > btc price:
12:32:28.396 > >>> [i] Miner: newJob>false / inRun>false) - Client: connected>false / subscribed>false / wificonnected>true
12:32:29.406 > >>> Completed 0 share(s), 0 Khashes, avg. hashrate 0.00 KH/s
12:32:29.408 > btc price:
12:32:29.457 > >>> [i] Miner: newJob>false / inRun>false) - Client: connected>false / subscribed>false / wificonnected>true
12:32:30.467 > >>> Completed 0 share(s), 0 Khashes, avg. hashrate 0.00 KH/s
12:32:30.469 > btc price:
12:32:30.519 > >>> [i] Miner: newJob>false / inRun>false) - Client: connected>false / subscribed>false / wificonnected>true
12:32:31.528 > >>> Completed 0 share(s), 0 Khashes, avg. hashrate 0.00 KH/s
12:32:31.530 > btc price:
12:32:31.579 > >>> [i] Miner: newJob>false / inRun>false) - Client: connected>false / subscribed>false / wificonnected>true
12:32:32.589 > >>> Completed 0 share(s), 0 Khashes, avg. hashrate 0.00 KH/s
12:32:32.591 > btc price:
12:32:32.641 > >>> [i] Miner: newJob>false / inRun>false) - Client: connected>false / subscribed>false / wificonnected>true
12:32:33.650 > >>> Completed 0 share(s), 0 Khashes, avg. hashrate 0.00 KH/s
12:32:33.653 > btc price:
12:32:33.702 > >>> [i] Miner: newJob>false / inRun>false) - Client: connected>false / subscribed>false / wificonnected>true
12:32:34.711 > >>> Completed 0 share(s), 0 Khashes, avg. hashrate 0.00 KH/s
12:32:34.713 > btc price:
12:32:34.762 > >>> [i] Miner: newJob>false / inRun>false) - Client: connected>false / subscribed>false / wificonnected>true
12:32:35.772 > >>> Completed 0 share(s), 0 Khashes, avg. hashrate 0.00 KH/s
12:32:35.774 > btc price:
12:32:35.824 > >>> [i] Miner: newJob>false / inRun>false) - Client: connected>false / subscribed>false / wificonnected>true
12:32:36.833 > >>> Completed 0 share(s), 0 Khashes, avg. hashrate 0.00 KH/s
12:32:36.835 > btc price:
12:32:36.884 > >>> [i] Miner: newJob>false / inRun>false) - Client: connected>false / subscribed>false / wificonnected>true
12:32:37.894 > >>> Completed 0 share(s), 0 Khashes, avg. hashrate 0.00 KH/s
12:32:37.896 > btc price:
12:32:37.945 > >>> [i] Miner: newJob>false / inRun>false) - Client: connected>false / subscribed>false / wificonnected>true
12:32:38.955 > >>> Completed 0 share(s), 0 Khashes, avg. hashrate 0.00 KH/s
12:32:38.957 > btc price:
12:32:39.007 > >>> [i] Miner: newJob>false / inRun>false) - Client: connected>false / subscribed>false / wificonnected>true
12:32:40.016 > >>> Completed 0 share(s), 0 Khashes, avg. hashrate 0.00 KH/s
12:32:40.018 > btc price:
12:32:40.068 > >>> [i] Miner: newJob>false / inRun>false) - Client: connected>false / subscribed>false / wificonnected>true
12:32:41.077 > >>> Completed 0 share(s), 0 Khashes, avg. hashrate 0.00 KH/s
12:32:41.079 > btc price:
12:32:41.129 > >>> [i] Miner: newJob>false / inRun>false) - Client: connected>false / subscribed>false / wificonnected>true
12:32:42.138 > >>> Completed 0 share(s), 0 Khashes, avg. hashrate 0.00 KH/s
12:32:42.141 > btc price:
12:32:42.190 > >>> [i] Miner: newJob>false / inRun>false) - Client: connected>false / subscribed>false / wificonnected>true
12:32:43.199 > >>> Completed 0 share(s), 0 Khashes, avg. hashrate 0.00 KH/s
12:32:43.201 > btc price:
12:32:43.250 > >>> [i] Miner: newJob>false / inRun>false) - Client: connected>false / subscribed>false / wificonnected>true
12:32:43.518 > [WORKER] ==> Mining subscribe
12:32:43.519 >   Sending  : {"id": 1, "method": "mining.subscribe", "params": ["NerdMinerV2/V1.6.3"]}
12:32:43.527 > 
12:32:44.260 > >>> Completed 0 share(s), 0 Khashes, avg. hashrate 0.00 KH/s
12:32:44.262 > btc price:
12:32:44.312 > >>> [i] Miner: newJob>false / inRun>false) - Client: connected>false / subscribed>false / wificonnected>true
12:32:44.717 > Client not connected, trying to connect...
12:32:45.321 > >>> Completed 0 share(s), 0 Khashes, avg. hashrate 0.00 KH/s
12:32:45.323 > btc price:
12:32:45.374 > >>> [i] Miner: newJob>false / inRun>false) - Client: connected>false / subscribed>false / wificonnected>true
12:32:46.383 > >>> Completed 0 share(s), 0 Khashes, avg. hashrate 0.00 KH/s
12:32:46.386 > btc price:
12:32:46.435 > >>> [i] Miner: newJob>false / inRun>false) - Client: connected>false / subscribed>false / wificonnected>true
12:32:47.444 > >>> Completed 0 share(s), 0 Khashes, avg. hashrate 0.00 KH/s
12:32:47.446 > btc price:
12:32:47.497 > >>> [i] Miner: newJob>false / inRun>false) - Client: connected>false / subscribed>false / wificonnected>true
12:32:47.719 > Imposible to connect to : public-pool.io
12:32:47.722 > Resolved DNS got: 68.235.52.36
12:32:48.506 > >>> Completed 0 share(s), 0 Khashes, avg. hashrate 0.00 KH/s
12:32:48.509 > btc price:
12:32:48.558 > >>> [i] Miner: newJob>false / inRun>false) - Client: connected>false / subscribed>false / wificonnected>true
12:32:49.568 > >>> Completed 0 share(s), 0 Khashes, avg. hashrate 0.00 KH/s
12:32:49.571 > btc price:
12:32:49.620 > >>> [i] Miner: newJob>false / inRun>false) - Client: connected>false / subscribed>false / wificonnected>true
12:32:49.720 > [WORKER] ==> Mining subscribe
12:32:49.720 >   Sending  : {"id": 1, "method": "mining.subscribe", "params": ["NerdMinerV2/V1.6.3"]}
12:32:49.729 > 
12:32:50.629 > >>> Completed 0 share(s), 0 Khashes, avg. hashrate 0.00 KH/s
12:32:50.631 > btc price:
12:32:50.681 > >>> [i] Miner: newJob>false / inRun>false) - Client: connected>false / subscribed>false / wificonnected>true
12:32:50.919 > Client not connected, trying to connect...
12:32:51.275 > [WORKER] ==> Mining subscribe
12:32:51.276 >   Sending  : {"id": 1, "method": "mining.subscribe", "params": ["NerdMinerV2/V1.6.3"]}
12:32:51.285 > 
12:32:51.690 > >>> Completed 0 share(s), 0 Khashes, avg. hashrate 0.00 KH/s
12:32:51.692 > btc price:
12:32:51.742 > >>> [i] Miner: newJob>false / inRun>false) - Client: connected>true / subscribed>false / wificonnected>true
12:32:52.478 > Client not connected, trying to connect...
12:32:52.751 > >>> Completed 0 share(s), 0 Khashes, avg. hashrate 0.00 KH/s
12:32:52.753 > btc price:
12:32:52.803 > >>> [i] Miner: newJob>false / inRun>false) - Client: connected>false / subscribed>false / wificonnected>true
12:32:53.812 > >>> Completed 0 share(s), 0 Khashes, avg. hashrate 0.00 KH/s
12:32:53.814 > btc price:
12:32:53.864 > >>> [i] Miner: newJob>false / inRun>false) - Client: connected>false / subscribed>false / wificonnected>true
12:32:54.874 > >>> Completed 0 share(s), 0 Khashes, avg. hashrate 0.00 KH/s
12:32:54.876 > btc price:
12:32:54.926 > >>> [i] Miner: newJob>false / inRun>false) - Client: connected>false / subscribed>false / wificonnected>true
12:32:55.479 > Imposible to connect to : public-pool.io
12:32:55.482 > Resolved DNS got: 68.235.52.36
12:32:55.936 > >>> Completed 0 share(s), 0 Khashes, avg. hashrate 0.00 KH/s
12:32:55.938 > btc price:
12:32:55.989 > >>> [i] Miner: newJob>false / inRun>false) - Client: connected>false / subscribed>false / wificonnected>true
12:32:56.998 > >>> Completed 0 share(s), 0 Khashes, avg. hashrate 0.00 KH/s
12:32:57.000 > btc price:
12:32:57.050 > >>> [i] Miner: newJob>false / inRun>false) - Client: connected>false / subscribed>false / wificonnected>true
12:32:58.059 > >>> Completed 0 share(s), 0 Khashes, avg. hashrate 0.00 KH/s
12:32:58.061 > btc price:
12:32:58.110 > >>> [i] Miner: newJob>false / inRun>false) - Client: connected>false / subscribed>false / wificonnected>true
12:32:59.120 > >>> Completed 0 share(s), 0 Khashes, avg. hashrate 0.00 KH/s
12:32:59.122 > btc price:
12:32:59.172 > >>> [i] Miner: newJob>false / inRun>false) - Client: connected>false / subscribed>false / wificonnected>true
12:33:00.181 > >>> Completed 0 share(s), 0 Khashes, avg. hashrate 0.00 KH/s
12:33:00.183 > btc price:
12:33:00.233 > >>> [i] Miner: newJob>false / inRun>false) - Client: connected>false / subscribed>false / wificonnected>true
12:33:01.242 > >>> Completed 0 share(s), 0 Khashes, avg. hashrate 0.00 KH/s
12:33:01.244 > btc price:
12:33:01.294 > >>> [i] Miner: newJob>false / inRun>false) - Client: connected>false / subscribed>false / wificonnected>true
12:33:02.303 > >>> Completed 0 share(s), 0 Khashes, avg. hashrate 0.00 KH/s
12:33:02.305 > btc price:
12:33:02.356 > >>> [i] Miner: newJob>false / inRun>false) - Client: connected>false / subscribed>false / wificonnected>true
12:33:03.365 > >>> Completed 0 share(s), 0 Khashes, avg. hashrate 0.00 KH/s
12:33:03.367 > btc price:
12:33:03.417 > >>> [i] Miner: newJob>false / inRun>false) - Client: connected>false / subscribed>false / wificonnected>true
12:33:04.426 > >>> Completed 0 share(s), 0 Khashes, avg. hashrate 0.00 KH/s
12:33:04.428 > btc price:
12:33:04.478 > >>> [i] Miner: newJob>false / inRun>false) - Client: connected>false / subscribed>false / wificonnected>true
12:33:05.488 > >>> Completed 0 share(s), 0 Khashes, avg. hashrate 0.00 KH/s
12:33:05.489 > btc price:
12:33:05.540 > >>> [i] Miner: newJob>false / inRun>false) - Client: connected>false / subscribed>false / wificonnected>true
12:33:06.549 > >>> Completed 0 share(s), 0 Khashes, avg. hashrate 0.00 KH/s
12:33:06.552 > btc price:
12:33:06.601 > >>> [i] Miner: newJob>false / inRun>false) - Client: connected>false / subscribed>false / wificonnected>true
12:33:07.610 > >>> Completed 0 share(s), 0 Khashes, avg. hashrate 0.00 KH/s
12:33:07.613 > btc price:
12:33:07.663 > >>> [i] Miner: newJob>false / inRun>false) - Client: connected>false / subscribed>false / wificonnected>true
12:33:08.672 > >>> Completed 0 share(s), 0 Khashes, avg. hashrate 0.00 KH/s
12:33:08.675 > btc price:
12:33:08.724 > >>> [i] Miner: newJob>false / inRun>false) - Client: connected>false / subscribed>false / wificonnected>true
12:33:09.733 > >>> Completed 0 share(s), 0 Khashes, avg. hashrate 0.00 KH/s
12:33:09.736 > btc price:
12:33:09.785 > >>> [i] Miner: newJob>false / inRun>false) - Client: connected>false / subscribed>false / wificonnected>true
12:33:10.794 > >>> Completed 0 share(s), 0 Khashes, avg. hashrate 0.00 KH/s
12:33:10.797 > btc price:
12:33:10.846 > >>> [i] Miner: newJob>false / inRun>false) - Client: connected>false / subscribed>false / wificonnected>true
12:33:11.855 > >>> Completed 0 share(s), 0 Khashes, avg. hashrate 0.00 KH/s
12:33:11.858 > btc price:
12:33:11.907 > >>> [i] Miner: newJob>false / inRun>false) - Client: connected>false / subscribed>false / wificonnected>true
12:33:12.916 > >>> Completed 0 share(s), 0 Khashes, avg. hashrate 0.00 KH/s
12:33:12.919 > btc price:
12:33:12.968 > >>> [i] Miner: newJob>false / inRun>false) - Client: connected>false / subscribed>false / wificonnected>true
12:33:13.977 > >>> Completed 0 share(s), 0 Khashes, avg. hashrate 0.00 KH/s
12:33:13.979 > btc price:
12:33:14.030 > >>> [i] Miner: newJob>false / inRun>false) - Client: connected>false / subscribed>false / wificonnected>true
12:33:15.039 > >>> Completed 0 share(s), 0 Khashes, avg. hashrate 0.00 KH/s
12:33:15.042 > btc price:
12:33:15.091 > >>> [i] Miner: newJob>false / inRun>false) - Client: connected>false / subscribed>false / wificonnected>true
12:33:16.100 > >>> Completed 0 share(s), 0 Khashes, avg. hashrate 0.00 KH/s
12:33:16.103 > btc price:
12:33:16.152 > >>> [i] Miner: newJob>false / inRun>false) - Client: connected>false / subscribed>false / wificonnected>true
12:33:17.161 > >>> Completed 0 share(s), 0 Khashes, avg. hashrate 0.00 KH/s
12:33:17.164 > btc price:
12:33:17.214 > >>> [i] Miner: newJob>false / inRun>false) - Client: connected>false / subscribed>false / wificonnected>true
12:33:18.223 > >>> Completed 0 share(s), 0 Khashes, avg. hashrate 0.00 KH/s
12:33:18.226 > btc price:
12:33:18.275 > >>> [i] Miner: newJob>false / inRun>false) - Client: connected>false / subscribed>false / wificonnected>true
12:33:19.284 > >>> Completed 0 share(s), 0 Khashes, avg. hashrate 0.00 KH/s
12:33:19.287 > btc price:
12:33:19.336 > >>> [i] Miner: newJob>false / inRun>false) - Client: connected>false / subscribed>false / wificonnected>true
12:33:20.346 > >>> Completed 0 share(s), 0 Khashes, avg. hashrate 0.00 KH/s
12:33:20.348 > btc price:
12:33:20.397 > >>> [i] Miner: newJob>false / inRun>false) - Client: connected>false / subscribed>false / wificonnected>true
12:33:21.406 > >>> Completed 0 share(s), 0 Khashes, avg. hashrate 0.00 KH/s
12:33:21.409 > btc price:
12:33:21.458 > >>> [i] Miner: newJob>false / inRun>false) - Client: connected>false / subscribed>false / wificonnected>true
12:33:22.467 > >>> Completed 0 share(s), 0 Khashes, avg. hashrate 0.00 KH/s
12:33:22.470 > btc price:
12:33:22.520 > >>> [i] Miner: newJob>false / inRun>false) - Client: connected>false / subscribed>false / wificonnected>true
12:33:23.529 > >>> Completed 0 share(s), 0 Khashes, avg. hashrate 0.00 KH/s
12:33:23.532 > btc price:
12:33:23.581 > >>> [i] Miner: newJob>false / inRun>false) - Client: connected>false / subscribed>false / wificonnected>true
12:33:24.590 > >>> Completed 0 share(s), 0 Khashes, avg. hashrate 0.00 KH/s
12:33:24.593 > btc price:
12:33:24.642 > >>> [i] Miner: newJob>false / inRun>false) - Client: connected>false / subscribed>false / wificonnected>true
12:33:25.651 > >>> Completed 0 share(s), 0 Khashes, avg. hashrate 0.00 KH/s
12:33:25.654 > btc price:
12:33:25.704 > >>> [i] Miner: newJob>false / inRun>false) - Client: connected>false / subscribed>false / wificonnected>true
12:33:26.713 > >>> Completed 0 share(s), 0 Khashes, avg. hashrate 0.00 KH/s
12:33:26.716 > btc price:
12:33:26.765 > >>> [i] Miner: newJob>false / inRun>false) - Client: connected>false / subscribed>false / wificonnected>true
12:33:27.774 > >>> Completed 0 share(s), 0 Khashes, avg. hashrate 0.00 KH/s
12:33:27.777 > btc price:
12:33:27.826 > >>> [i] Miner: newJob>false / inRun>false) - Client: connected>false / subscribed>false / wificonnected>true
12:33:28.835 > >>> Completed 0 share(s), 0 Khashes, avg. hashrate 0.00 KH/s
12:33:28.838 > btc price:
12:33:28.887 > >>> [i] Miner: newJob>false / inRun>false) - Client: connected>false / subscribed>false / wificonnected>true
12:33:29.896 > >>> Completed 0 share(s), 0 Khashes, avg. hashrate 0.00 KH/s
12:33:29.899 > btc price:
12:33:29.947 > >>> [i] Miner: newJob>false / inRun>false) - Client: connected>false / subscribed>false / wificonnected>true
12:33:30.957 > >>> Completed 0 share(s), 0 Khashes, avg. hashrate 0.00 KH/s
12:33:30.960 > btc price:
12:33:31.009 > >>> [i] Miner: newJob>false / inRun>false) - Client: connected>false / subscribed>false / wificonnected>true
12:33:32.018 > >>> Completed 0 share(s), 0 Khashes, avg. hashrate 0.00 KH/s
12:33:32.021 > btc price:
12:33:32.070 > >>> [i] Miner: newJob>false / inRun>false) - Client: connected>false / subscribed>false / wificonnected>true
12:33:33.079 > >>> Completed 0 share(s), 0 Khashes, avg. hashrate 0.00 KH/s
12:33:33.082 > btc price:
12:33:33.131 > >>> [i] Miner: newJob>false / inRun>false) - Client: connected>false / subscribed>false / wificonnected>true
12:33:34.140 > >>> Completed 0 share(s), 0 Khashes, avg. hashrate 0.00 KH/s
12:33:34.143 > btc price:
12:33:34.192 > >>> [i] Miner: newJob>false / inRun>false) - Client: connected>false / subscribed>false / wificonnected>true
12:33:35.201 > >>> Completed 0 share(s), 0 Khashes, avg. hashrate 0.00 KH/s
12:33:35.204 > btc price:
12:33:35.253 > >>> [i] Miner: newJob>false / inRun>false) - Client: connected>false / subscribed>false / wificonnected>true
12:33:36.262 > >>> Completed 0 share(s), 0 Khashes, avg. hashrate 0.00 KH/s
12:33:36.265 > btc price:
12:33:36.314 > >>> [i] Miner: newJob>false / inRun>false) - Client: connected>false / subscribed>false / wificonnected>true
12:33:37.323 > >>> Completed 0 share(s), 0 Khashes, avg. hashrate 0.00 KH/s
12:33:37.326 > btc price:
12:33:37.375 > >>> [i] Miner: newJob>false / inRun>false) - Client: connected>false / subscribed>false / wificonnected>true
12:33:38.384 > >>> Completed 0 share(s), 0 Khashes, avg. hashrate 0.00 KH/s
12:33:38.387 > btc price:
12:33:38.436 > >>> [i] Miner: newJob>false / inRun>false) - Client: connected>false / subscribed>false / wificonnected>true
12:33:39.445 > >>> Completed 0 share(s), 0 Khashes, avg. hashrate 0.00 KH/s
12:33:39.448 > btc price:
12:33:39.497 > >>> [i] Miner: newJob>false / inRun>false) - Client: connected>false / subscribed>false / wificonnected>true
12:33:40.506 > >>> Completed 0 share(s), 0 Khashes, avg. hashrate 0.00 KH/s
12:33:40.509 > btc price:
12:33:40.559 > >>> [i] Miner: newJob>false / inRun>false) - Client: connected>false / subscribed>false / wificonnected>true
12:33:41.568 > >>> Completed 0 share(s), 0 Khashes, avg. hashrate 0.00 KH/s
12:33:41.571 > btc price:
12:33:41.620 > >>> [i] Miner: newJob>false / inRun>false) - Client: connected>false / subscribed>false / wificonnected>true
12:33:42.629 > >>> Completed 0 share(s), 0 Khashes, avg. hashrate 0.00 KH/s
12:33:42.632 > btc price:
12:33:42.681 > >>> [i] Miner: newJob>false / inRun>false) - Client: connected>false / subscribed>false / wificonnected>true
12:33:43.690 > >>> Completed 0 share(s), 0 Khashes, avg. hashrate 0.00 KH/s
12:33:43.693 > btc price:
12:33:43.742 > >>> [i] Miner: newJob>false / inRun>false) - Client: connected>false / subscribed>false / wificonnected>true
12:33:44.751 > >>> Completed 0 share(s), 0 Khashes, avg. hashrate 0.00 KH/s
12:33:44.754 > btc price:
12:33:44.803 > >>> [i] Miner: newJob>false / inRun>false) - Client: connected>false / subscribed>false / wificonnected>true
12:33:45.812 > >>> Completed 0 share(s), 0 Khashes, avg. hashrate 0.00 KH/s
12:33:45.815 > btc price:
12:33:45.864 > >>> [i] Miner: newJob>false / inRun>false) - Client: connected>false / subscribed>false / wificonnected>true
12:33:46.873 > >>> Completed 0 share(s), 0 Khashes, avg. hashrate 0.00 KH/s
12:33:46.876 > btc price:
12:33:46.925 > >>> [i] Miner: newJob>false / inRun>false) - Client: connected>false / subscribed>false / wificonnected>true
12:33:47.934 > >>> Completed 0 share(s), 0 Khashes, avg. hashrate 0.00 KH/s
12:33:47.937 > btc price:
12:33:47.986 > >>> [i] Miner: newJob>false / inRun>false) - Client: connected>false / subscribed>false / wificonnected>true
12:33:48.995 > >>> Completed 0 share(s), 0 Khashes, avg. hashrate 0.00 KH/s
12:33:48.998 > btc price:
12:33:49.048 > >>> [i] Miner: newJob>false / inRun>false) - Client: connected>false / subscribed>false / wificonnected>true
12:33:50.057 > >>> Completed 0 share(s), 0 Khashes, avg. hashrate 0.00 KH/s
12:33:50.060 > btc price:
12:33:50.109 > >>> [i] Miner: newJob>false / inRun>false) - Client: connected>false / subscribed>false / wificonnected>true
12:33:51.118 > >>> Completed 0 share(s), 0 Khashes, avg. hashrate 0.00 KH/s
12:33:51.121 > btc price:
12:33:51.170 > >>> [i] Miner: newJob>false / inRun>false) - Client: connected>false / subscribed>false / wificonnected>true
12:33:52.179 > >>> Completed 0 share(s), 0 Khashes, avg. hashrate 0.00 KH/s
12:33:52.182 > btc price:
12:33:52.231 > >>> [i] Miner: newJob>false / inRun>false) - Client: connected>false / subscribed>false / wificonnected>true
12:33:53.240 > >>> Completed 0 share(s), 0 Khashes, avg. hashrate 0.00 KH/s
12:33:53.243 > btc price:
12:33:53.292 > >>> [i] Miner: newJob>false / inRun>false) - Client: connected>false / subscribed>false / wificonnected>true
12:33:54.301 > >>> Completed 0 share(s), 0 Khashes, avg. hashrate 0.00 KH/s
12:33:54.304 > btc price:
12:33:54.353 > >>> [i] Miner: newJob>false / inRun>false) - Client: connected>false / subscribed>false / wificonnected>true
12:33:55.362 > >>> Completed 0 share(s), 0 Khashes, avg. hashrate 0.00 KH/s
12:33:55.365 > btc price:
12:33:55.414 > >>> [i] Miner: newJob>false / inRun>false) - Client: connected>false / subscribed>false / wificonnected>true
12:33:56.423 > >>> Completed 0 share(s), 0 Khashes, avg. hashrate 0.00 KH/s
12:33:56.426 > btc price:
12:33:56.475 > >>> [i] Miner: newJob>false / inRun>false) - Client: connected>false / subscribed>false / wificonnected>true
12:33:57.484 > >>> Completed 0 share(s), 0 Khashes, avg. hashrate 0.00 KH/s
12:33:57.487 > btc price:
12:33:57.537 > >>> [i] Miner: newJob>false / inRun>false) - Client: connected>false / subscribed>false / wificonnected>true
12:33:58.547 > >>> Completed 0 share(s), 0 Khashes, avg. hashrate 0.00 KH/s
12:33:58.550 > btc price:
12:33:58.599 > >>> [i] Miner: newJob>false / inRun>false) - Client: connected>false / subscribed>false / wificonnected>true
12:33:59.608 > >>> Completed 0 share(s), 0 Khashes, avg. hashrate 0.00 KH/s
12:33:59.611 > btc price:
12:33:59.660 > >>> [i] Miner: newJob>false / inRun>false) - Client: connected>false / subscribed>false / wificonnected>true
12:34:00.669 > >>> Completed 0 share(s), 0 Khashes, avg. hashrate 0.00 KH/s
12:34:00.672 > btc price:
12:34:00.722 > >>> [i] Miner: newJob>false / inRun>false) - Client: connected>false / subscribed>false / wificonnected>true
12:34:01.731 > >>> Completed 0 share(s), 0 Khashes, avg. hashrate 0.00 KH/s
12:34:01.734 > btc price:
12:34:01.783 > >>> [i] Miner: newJob>false / inRun>false) - Client: connected>false / subscribed>false / wificonnected>true
12:34:02.792 > >>> Completed 0 share(s), 0 Khashes, avg. hashrate 0.00 KH/s
12:34:02.795 > btc price:
12:34:02.844 > >>> [i] Miner: newJob>false / inRun>false) - Client: connected>false / subscribed>false / wificonnected>true
12:34:03.853 > >>> Completed 0 share(s), 0 Khashes, avg. hashrate 0.00 KH/s
12:34:03.856 > btc price:
12:34:03.906 > >>> [i] Miner: newJob>false / inRun>false) - Client: connected>false / subscribed>false / wificonnected>true
12:34:04.915 > >>> Completed 0 share(s), 0 Khashes, avg. hashrate 0.00 KH/s
12:34:04.918 > btc price:
12:34:04.967 > >>> [i] Miner: newJob>false / inRun>false) - Client: connected>false / subscribed>false / wificonnected>true
12:34:05.976 > >>> Completed 0 share(s), 0 Khashes, avg. hashrate 0.00 KH/s
12:34:05.979 > btc price:
12:34:06.028 > >>> [i] Miner: newJob>false / inRun>false) - Client: connected>false / subscribed>false / wificonnected>true
12:34:07.038 > >>> Completed 0 share(s), 0 Khashes, avg. hashrate 0.00 KH/s
12:34:07.040 > btc price:
12:34:07.089 > >>> [i] Miner: newJob>false / inRun>false) - Client: connected>false / subscribed>false / wificonnected>true
12:34:08.098 > >>> Completed 0 share(s), 0 Khashes, avg. hashrate 0.00 KH/s
12:34:08.101 > btc price:
12:34:08.150 > >>> [i] Miner: newJob>false / inRun>false) - Client: connected>false / subscribed>false / wificonnected>true
12:34:09.159 > >>> Completed 0 share(s), 0 Khashes, avg. hashrate 0.00 KH/s
12:34:09.162 > btc price:
12:34:09.211 > >>> [i] Miner: newJob>false / inRun>false) - Client: connected>false / subscribed>false / wificonnected>true
12:34:10.220 > >>> Completed 0 share(s), 0 Khashes, avg. hashrate 0.00 KH/s
12:34:10.223 > btc price:
12:34:10.272 > >>> [i] Miner: newJob>false / inRun>false) - Client: connected>false / subscribed>false / wificonnected>true
12:34:11.281 > >>> Completed 0 share(s), 0 Khashes, avg. hashrate 0.00 KH/s
12:34:11.284 > btc price:
12:34:11.333 > >>> [i] Miner: newJob>false / inRun>false) - Client: connected>false / subscribed>false / wificonnected>true
12:34:12.342 > >>> Completed 0 share(s), 0 Khashes, avg. hashrate 0.00 KH/s
12:34:12.345 > btc price:
12:34:12.396 > >>> [i] Miner: newJob>false / inRun>false) - Client: connected>false / subscribed>false / wificonnected>true
12:34:13.404 > >>> Completed 0 share(s), 0 Khashes, avg. hashrate 0.00 KH/s
12:34:13.407 > btc price:
12:34:13.456 > >>> [i] Miner: newJob>false / inRun>false) - Client: connected>false / subscribed>false / wificonnected>true
12:34:14.465 > >>> Completed 0 share(s), 0 Khashes, avg. hashrate 0.00 KH/s
12:34:14.468 > btc price:
12:34:14.517 > >>> [i] Miner: newJob>false / inRun>false) - Client: connected>false / subscribed>false / wificonnected>true
12:34:15.526 > >>> Completed 0 share(s), 0 Khashes, avg. hashrate 0.00 KH/s
12:34:15.529 > btc price:
12:34:15.579 > >>> [i] Miner: newJob>false / inRun>false) - Client: connected>false / subscribed>false / wificonnected>true
12:34:16.588 > >>> Completed 0 share(s), 0 Khashes, avg. hashrate 0.00 KH/s
12:34:16.591 > btc price:
12:34:16.640 > >>> [i] Miner: newJob>false / inRun>false) - Client: connected>false / subscribed>false / wificonnected>true
12:34:17.649 > >>> Completed 0 share(s), 0 Khashes, avg. hashrate 0.00 KH/s
12:34:17.652 > btc price:
12:34:17.701 > >>> [i] Miner: newJob>false / inRun>false) - Client: connected>false / subscribed>false / wificonnected>true
12:34:18.710 > >>> Completed 0 share(s), 0 Khashes, avg. hashrate 0.00 KH/s
12:34:18.713 > btc price:
12:34:18.762 > >>> [i] Miner: newJob>false / inRun>false) - Client: connected>false / subscribed>false / wificonnected>true
12:34:19.771 > >>> Completed 0 share(s), 0 Khashes, avg. hashrate 0.00 KH/s
12:34:19.774 > btc price:
12:34:19.823 > >>> [i] Miner: newJob>false / inRun>false) - Client: connected>false / subscribed>false / wificonnected>true
12:34:20.832 > >>> Completed 0 share(s), 0 Khashes, avg. hashrate 0.00 KH/s
12:34:20.835 > btc price:
12:34:20.884 > >>> [i] Miner: newJob>false / inRun>false) - Client: connected>false / subscribed>false / wificonnected>true
12:34:21.893 > >>> Completed 0 share(s), 0 Khashes, avg. hashrate 0.00 KH/s
12:34:21.896 > btc price:
12:34:21.945 > >>> [i] Miner: newJob>false / inRun>false) - Client: connected>false / subscribed>false / wificonnected>true
12:34:22.954 > >>> Completed 0 share(s), 0 Khashes, avg. hashrate 0.00 KH/s
12:34:22.957 > btc price:
12:34:23.006 > >>> [i] Miner: newJob>false / inRun>false) - Client: connected>false / subscribed>false / wificonnected>true
12:34:24.015 > >>> Completed 0 share(s), 0 Khashes, avg. hashrate 0.00 KH/s
12:34:24.018 > btc price:
12:34:24.068 > >>> [i] Miner: newJob>false / inRun>false) - Client: connected>false / subscribed>false / wificonnected>true
12:34:25.076 > >>> Completed 0 share(s), 0 Khashes, avg. hashrate 0.00 KH/s
12:34:25.079 > btc price:
12:34:25.128 > >>> [i] Miner: newJob>false / inRun>false) - Client: connected>false / subscribed>false / wificonnected>true
12:34:26.137 > >>> Completed 0 share(s), 0 Khashes, avg. hashrate 0.00 KH/s
12:34:26.140 > btc price:
12:34:26.189 > >>> [i] Miner: newJob>false / inRun>false) - Client: connected>false / subscribed>false / wificonnected>true
12:34:26.480 > [WORKER] ==> Mining subscribe
12:34:26.481 >   Sending  : {"id": 1, "method": "mining.subscribe", "params": ["NerdMinerV2/V1.6.3"]}
12:34:26.490 > 
12:34:27.198 > >>> Completed 0 share(s), 0 Khashes, avg. hashrate 0.00 KH/s
12:34:27.201 > btc price:
12:34:27.251 > >>> [i] Miner: newJob>false / inRun>false) - Client: connected>false / subscribed>false / wificonnected>true
12:34:27.680 > Client not connected, trying to connect...
12:34:28.259 > >>> Completed 0 share(s), 0 Khashes, avg. hashrate 0.00 KH/s
12:34:28.262 > btc price:
12:34:28.311 > >>> [i] Miner: newJob>false / inRun>false) - Client: connected>false / subscribed>false / wificonnected>true
12:34:29.320 > >>> Completed 0 share(s), 0 Khashes, avg. hashrate 0.00 KH/s
12:34:29.323 > btc price:
12:34:29.372 > >>> [i] Miner: newJob>false / inRun>false) - Client: connected>false / subscribed>false / wificonnected>true
12:34:30.382 > >>> Completed 0 share(s), 0 Khashes, avg. hashrate 0.00 KH/s
12:34:30.384 > btc price:
12:34:30.434 > >>> [i] Miner: newJob>false / inRun>false) - Client: connected>false / subscribed>false / wificonnected>true
12:34:30.682 > Imposible to connect to : public-pool.io
12:34:30.684 > Resolved DNS got: 68.235.52.36
12:34:31.443 > >>> Completed 0 share(s), 0 Khashes, avg. hashrate 0.00 KH/s
12:34:31.446 > btc price:
12:34:31.495 > >>> [i] Miner: newJob>false / inRun>false) - Client: connected>false / subscribed>false / wificonnected>true
12:34:32.505 > >>> Completed 0 share(s), 0 Khashes, avg. hashrate 0.00 KH/s
12:34:32.507 > btc price:
12:34:32.557 > >>> [i] Miner: newJob>false / inRun>false) - Client: connected>false / subscribed>false / wificonnected>true
12:34:33.567 > >>> Completed 0 share(s), 0 Khashes, avg. hashrate 0.00 KH/s
12:34:33.570 > btc price:
12:34:33.619 > >>> [i] Miner: newJob>false / inRun>false) - Client: connected>false / subscribed>false / wificonnected>true
12:34:34.628 > >>> Completed 0 share(s), 0 Khashes, avg. hashrate 0.00 KH/s
12:34:34.630 > btc price:
12:34:34.679 > >>> [i] Miner: newJob>false / inRun>false) - Client: connected>false / subscribed>false / wificonnected>true
12:34:35.688 > >>> Completed 0 share(s), 0 Khashes, avg. hashrate 0.00 KH/s
12:34:35.691 > btc price:
12:34:35.741 > >>> [i] Miner: newJob>false / inRun>false) - Client: connected>false / subscribed>false / wificonnected>true
12:34:36.750 > >>> Completed 0 share(s), 0 Khashes, avg. hashrate 0.00 KH/s
12:34:36.752 > btc price:
12:34:36.801 > >>> [i] Miner: newJob>false / inRun>false) - Client: connected>false / subscribed>false / wificonnected>true
12:34:37.810 > >>> Completed 0 share(s), 0 Khashes, avg. hashrate 0.00 KH/s
12:34:37.813 > btc price:
12:34:37.862 > >>> [i] Miner: newJob>false / inRun>false) - Client: connected>false / subscribed>false / wificonnected>true
12:34:38.872 > >>> Completed 0 share(s), 0 Khashes, avg. hashrate 0.00 KH/s
12:34:38.874 > btc price:
12:34:38.923 > >>> [i] Miner: newJob>false / inRun>false) - Client: connected>false / subscribed>false / wificonnected>true
12:34:39.933 > >>> Completed 0 share(s), 0 Khashes, avg. hashrate 0.00 KH/s
12:34:39.935 > btc price:
12:34:39.984 > >>> [i] Miner: newJob>false / inRun>false) - Client: connected>false / subscribed>false / wificonnected>true
12:34:40.993 > >>> Completed 0 share(s), 0 Khashes, avg. hashrate 0.00 KH/s
12:34:40.996 > btc price:
12:34:41.045 > >>> [i] Miner: newJob>false / inRun>false) - Client: connected>false / subscribed>false / wificonnected>true
12:34:42.055 > >>> Completed 0 share(s), 0 Khashes, avg. hashrate 0.00 KH/s
12:34:42.057 > btc price:
12:34:42.106 > >>> [i] Miner: newJob>false / inRun>false) - Client: connected>false / subscribed>false / wificonnected>true
12:34:43.116 > >>> Completed 0 share(s), 0 Khashes, avg. hashrate 0.00 KH/s
12:34:43.118 > btc price:
12:34:43.167 > >>> [i] Miner: newJob>false / inRun>false) - Client: connected>false / subscribed>false / wificonnected>true
12:34:44.177 > >>> Completed 0 share(s), 0 Khashes, avg. hashrate 0.00 KH/s
12:34:44.179 > btc price:
12:34:44.229 > >>> [i] Miner: newJob>false / inRun>false) - Client: connected>false / subscribed>false / wificonnected>true
12:34:45.238 > >>> Completed 0 share(s), 0 Khashes, avg. hashrate 0.00 KH/s
12:34:45.240 > btc price:
12:34:45.289 > >>> [i] Miner: newJob>false / inRun>false) - Client: connected>false / subscribed>false / wificonnected>true
12:34:46.298 > >>> Completed 0 share(s), 0 Khashes, avg. hashrate 0.00 KH/s
12:34:46.301 > btc price:
12:34:46.350 > >>> [i] Miner: newJob>false / inRun>false) - Client: connected>false / subscribed>false / wificonnected>true
12:34:47.360 > >>> Completed 0 share(s), 0 Khashes, avg. hashrate 0.00 KH/s
12:34:47.362 > btc price:
12:34:47.412 > >>> [i] Miner: newJob>false / inRun>false) - Client: connected>false / subscribed>false / wificonnected>true
12:34:48.421 > >>> Completed 0 share(s), 0 Khashes, avg. hashrate 0.00 KH/s
12:34:48.423 > btc price:
12:34:48.472 > >>> [i] Miner: newJob>false / inRun>false) - Client: connected>false / subscribed>false / wificonnected>true
12:34:49.482 > >>> Completed 0 share(s), 0 Khashes, avg. hashrate 0.00 KH/s
12:34:49.484 > btc price:
12:34:49.533 > >>> [i] Miner: newJob>false / inRun>false) - Client: connected>false / subscribed>false / wificonnected>true
12:34:50.543 > >>> Completed 0 share(s), 0 Khashes, avg. hashrate 0.00 KH/s
12:34:50.545 > btc price:
12:34:50.596 > >>> [i] Miner: newJob>false / inRun>false) - Client: connected>false / subscribed>false / wificonnected>true
12:34:51.605 > >>> Completed 0 share(s), 0 Khashes, avg. hashrate 0.00 KH/s
12:34:51.607 > btc price:
12:34:51.656 > >>> [i] Miner: newJob>false / inRun>false) - Client: connected>false / subscribed>false / wificonnected>true
12:34:52.666 > >>> Completed 0 share(s), 0 Khashes, avg. hashrate 0.00 KH/s
12:34:52.668 > btc price:
12:34:52.717 > >>> [i] Miner: newJob>false / inRun>false) - Client: connected>false / subscribed>false / wificonnected>true
12:34:53.727 > >>> Completed 0 share(s), 0 Khashes, avg. hashrate 0.00 KH/s
12:34:53.729 > btc price:
12:34:53.779 > >>> [i] Miner: newJob>false / inRun>false) - Client: connected>false / subscribed>false / wificonnected>true
12:34:54.788 > >>> Completed 0 share(s), 0 Khashes, avg. hashrate 0.00 KH/s
12:34:54.790 > btc price:
12:34:54.839 > >>> [i] Miner: newJob>false / inRun>false) - Client: connected>false / subscribed>false / wificonnected>true
12:34:55.849 > >>> Completed 0 share(s), 0 Khashes, avg. hashrate 0.00 KH/s
12:34:55.851 > btc price:
12:34:55.900 > >>> [i] Miner: newJob>false / inRun>false) - Client: connected>false / subscribed>false / wificonnected>true
12:34:56.910 > >>> Completed 0 share(s), 0 Khashes, avg. hashrate 0.00 KH/s
12:34:56.912 > btc price:
12:34:56.961 > >>> [i] Miner: newJob>false / inRun>false) - Client: connected>false / subscribed>false / wificonnected>true
12:34:57.971 > >>> Completed 0 share(s), 0 Khashes, avg. hashrate 0.00 KH/s
12:34:57.973 > btc price:
12:34:58.022 > >>> [i] Miner: newJob>false / inRun>false) - Client: connected>false / subscribed>false / wificonnected>true
12:34:59.032 > >>> Completed 0 share(s), 0 Khashes, avg. hashrate 0.00 KH/s
12:34:59.034 > btc price:
12:34:59.084 > >>> [i] Miner: newJob>false / inRun>false) - Client: connected>false / subscribed>false / wificonnected>true
12:35:00.093 > >>> Completed 0 share(s), 0 Khashes, avg. hashrate 0.00 KH/s
12:35:00.095 > btc price:
12:35:00.144 > >>> [i] Miner: newJob>false / inRun>false) - Client: connected>false / subscribed>false / wificonnected>true
12:35:01.154 > >>> Completed 0 share(s), 0 Khashes, avg. hashrate 0.00 KH/s
12:35:01.156 > btc price:
12:35:01.205 > >>> [i] Miner: newJob>false / inRun>false) - Client: connected>false / subscribed>false / wificonnected>true
12:35:02.215 > >>> Completed 0 share(s), 0 Khashes, avg. hashrate 0.00 KH/s
12:35:02.217 > btc price:
12:35:02.267 > >>> [i] Miner: newJob>false / inRun>false) - Client: connected>false / subscribed>false / wificonnected>true
12:35:03.276 > >>> Completed 0 share(s), 0 Khashes, avg. hashrate 0.00 KH/s
12:35:03.278 > btc price:
12:35:03.327 > >>> [i] Miner: newJob>false / inRun>false) - Client: connected>false / subscribed>false / wificonnected>true
12:35:04.337 > >>> Completed 0 share(s), 0 Khashes, avg. hashrate 0.00 KH/s
12:35:04.339 > btc price:
12:35:04.388 > >>> [i] Miner: newJob>false / inRun>false) - Client: connected>false / subscribed>false / wificonnected>true
12:35:05.398 > >>> Completed 0 share(s), 0 Khashes, avg. hashrate 0.00 KH/s
12:35:05.400 > btc price:
12:35:05.450 > >>> [i] Miner: newJob>false / inRun>false) - Client: connected>false / subscribed>false / wificonnected>true
12:35:06.459 > >>> Completed 0 share(s), 0 Khashes, avg. hashrate 0.00 KH/s
12:35:06.461 > btc price:
12:35:06.510 > >>> [i] Miner: newJob>false / inRun>false) - Client: connected>false / subscribed>false / wificonnected>true
12:35:07.520 > >>> Completed 0 share(s), 0 Khashes, avg. hashrate 0.00 KH/s
12:35:07.522 > btc price:
12:35:07.571 > >>> [i] Miner: newJob>false / inRun>false) - Client: connected>false / subscribed>false / wificonnected>true
12:35:07.683 > [WORKER] ==> Mining subscribe
12:35:07.683 >   Sending  : {"id": 1, "method": "mining.subscribe", "params": ["NerdMinerV2/V1.6.3"]}
12:35:07.692 > 
12:35:08.581 > >>> Completed 0 share(s), 0 Khashes, avg. hashrate 0.00 KH/s
12:35:08.583 > btc price:
12:35:08.633 > >>> [i] Miner: newJob>false / inRun>false) - Client: connected>false / subscribed>false / wificonnected>true
12:35:08.882 > Client not connected, trying to connect...
12:35:09.642 > >>> Completed 0 share(s), 0 Khashes, avg. hashrate 0.00 KH/s
12:35:09.644 > btc price:
12:35:09.693 > >>> [i] Miner: newJob>false / inRun>false) - Client: connected>false / subscribed>false / wificonnected>true
12:35:10.703 > >>> Completed 0 share(s), 0 Khashes, avg. hashrate 0.00 KH/s
12:35:10.705 > btc price:
12:35:10.756 > >>> [i] Miner: newJob>false / inRun>false) - Client: connected>false / subscribed>false / wificonnected>true
12:35:11.765 > >>> Completed 0 share(s), 0 Khashes, avg. hashrate 0.00 KH/s
12:35:11.767 > btc price:
12:35:11.817 > >>> [i] Miner: newJob>false / inRun>false) - Client: connected>false / subscribed>false / wificonnected>true
12:35:11.884 > Imposible to connect to : public-pool.io
12:35:11.887 > Resolved DNS got: 68.235.52.36
12:35:12.826 > >>> Completed 0 share(s), 0 Khashes, avg. hashrate 0.00 KH/s
12:35:12.828 > btc price:
12:35:12.877 > >>> [i] Miner: newJob>false / inRun>false) - Client: connected>false / subscribed>false / wificonnected>true
12:35:13.887 > >>> Completed 0 share(s), 0 Khashes, avg. hashrate 0.00 KH/s
12:35:13.889 > btc price:
12:35:13.939 > >>> [i] Miner: newJob>false / inRun>false) - Client: connected>false / subscribed>false / wificonnected>true
12:35:14.948 > >>> Completed 0 share(s), 0 Khashes, avg. hashrate 0.00 KH/s
12:35:14.950 > btc price:
12:35:14.999 > >>> [i] Miner: newJob>false / inRun>false) - Client: connected>false / subscribed>false / wificonnected>true
12:35:16.009 > >>> Completed 0 share(s), 0 Khashes, avg. hashrate 0.00 KH/s
12:35:16.011 > btc price:
12:35:16.061 > >>> [i] Miner: newJob>false / inRun>false) - Client: connected>false / subscribed>false / wificonnected>true
12:35:17.070 > >>> Completed 0 share(s), 0 Khashes, avg. hashrate 0.00 KH/s
12:35:17.072 > btc price:
12:35:17.122 > >>> [i] Miner: newJob>false / inRun>false) - Client: connected>false / subscribed>false / wificonnected>true
12:35:18.131 > >>> Completed 0 share(s), 0 Khashes, avg. hashrate 0.00 KH/s
12:35:18.133 > btc price:
12:35:18.183 > >>> [i] Miner: newJob>false / inRun>false) - Client: connected>false / subscribed>false / wificonnected>true
12:35:19.192 > >>> Completed 0 share(s), 0 Khashes, avg. hashrate 0.00 KH/s
12:35:19.194 > btc price:
12:35:19.244 > >>> [i] Miner: newJob>false / inRun>false) - Client: connected>false / subscribed>false / wificonnected>true
12:35:20.253 > >>> Completed 0 share(s), 0 Khashes, avg. hashrate 0.00 KH/s
12:35:20.255 > btc price:
12:35:20.305 > >>> [i] Miner: newJob>false / inRun>false) - Client: connected>false / subscribed>false / wificonnected>true
12:35:21.314 > >>> Completed 0 share(s), 0 Khashes, avg. hashrate 0.00 KH/s
12:35:21.316 > btc price:
12:35:21.365 > >>> [i] Miner: newJob>false / inRun>false) - Client: connected>false / subscribed>false / wificonnected>true
12:35:22.375 > >>> Completed 0 share(s), 0 Khashes, avg. hashrate 0.00 KH/s
12:35:22.377 > btc price:
12:35:22.427 > >>> [i] Miner: newJob>false / inRun>false) - Client: connected>false / subscribed>false / wificonnected>true
12:35:23.436 > >>> Completed 0 share(s), 0 Khashes, avg. hashrate 0.00 KH/s
12:35:23.439 > btc price:
12:35:23.489 > >>> [i] Miner: newJob>false / inRun>false) - Client: connected>false / subscribed>false / wificonnected>true
12:35:24.498 > >>> Completed 0 share(s), 0 Khashes, avg. hashrate 0.00 KH/s
12:35:24.500 > btc price:
12:35:24.550 > >>> [i] Miner: newJob>false / inRun>false) - Client: connected>false / subscribed>false / wificonnected>true
12:35:25.559 > >>> Completed 0 share(s), 0 Khashes, avg. hashrate 0.00 KH/s
12:35:25.561 > btc price:
12:35:25.612 > >>> [i] Miner: newJob>false / inRun>false) - Client: connected>false / subscribed>false / wificonnected>true
12:35:26.621 > >>> Completed 0 share(s), 0 Khashes, avg. hashrate 0.00 KH/s
12:35:26.623 > btc price:
12:35:26.673 > >>> [i] Miner: newJob>false / inRun>false) - Client: connected>false / subscribed>false / wificonnected>true
12:35:27.682 > >>> Completed 0 share(s), 0 Khashes, avg. hashrate 0.00 KH/s
12:35:27.685 > btc price:
12:35:27.734 > >>> [i] Miner: newJob>false / inRun>false) - Client: connected>false / subscribed>false / wificonnected>true
12:35:28.743 > >>> Completed 0 share(s), 0 Khashes, avg. hashrate 0.00 KH/s
12:35:28.745 > btc price:
12:35:28.795 > >>> [i] Miner: newJob>false / inRun>false) - Client: connected>false / subscribed>false / wificonnected>true
12:35:29.804 > >>> Completed 0 share(s), 0 Khashes, avg. hashrate 0.00 KH/s
12:35:29.806 > btc price:
12:35:29.855 > >>> [i] Miner: newJob>false / inRun>false) - Client: connected>false / subscribed>false / wificonnected>true
12:35:30.865 > >>> Completed 0 share(s), 0 Khashes, avg. hashrate 0.00 KH/s
12:35:30.867 > btc price:
12:35:30.917 > >>> [i] Miner: newJob>false / inRun>false) - Client: connected>false / subscribed>false / wificonnected>true
12:35:31.926 > >>> Completed 0 share(s), 0 Khashes, avg. hashrate 0.00 KH/s
12:35:31.929 > btc price:
12:35:31.979 > >>> [i] Miner: newJob>false / inRun>false) - Client: connected>false / subscribed>false / wificonnected>true
12:35:32.989 > >>> Completed 0 share(s), 0 Khashes, avg. hashrate 0.00 KH/s
12:35:32.991 > btc price:
12:35:33.040 > >>> [i] Miner: newJob>false / inRun>false) - Client: connected>false / subscribed>false / wificonnected>true
12:35:34.050 > >>> Completed 0 share(s), 0 Khashes, avg. hashrate 0.00 KH/s
12:35:34.053 > btc price:
12:35:34.102 > >>> [i] Miner: newJob>false / inRun>false) - Client: connected>false / subscribed>false / wificonnected>true
12:35:35.111 > >>> Completed 0 share(s), 0 Khashes, avg. hashrate 0.00 KH/s
12:35:35.113 > btc price:
12:35:35.162 > >>> [i] Miner: newJob>false / inRun>false) - Client: connected>false / subscribed>false / wificonnected>true
12:35:36.172 > >>> Completed 0 share(s), 0 Khashes, avg. hashrate 0.00 KH/s
12:35:36.174 > btc price:
12:35:36.224 > >>> [i] Miner: newJob>false / inRun>false) - Client: connected>false / subscribed>false / wificonnected>true
12:35:37.233 > >>> Completed 0 share(s), 0 Khashes, avg. hashrate 0.00 KH/s
12:35:37.236 > btc price:
12:35:37.285 > >>> [i] Miner: newJob>false / inRun>false) - Client: connected>false / subscribed>false / wificonnected>true
12:35:38.294 > >>> Completed 0 share(s), 0 Khashes, avg. hashrate 0.00 KH/s
12:35:38.297 > btc price:
12:35:38.346 > >>> [i] Miner: newJob>false / inRun>false) - Client: connected>false / subscribed>false / wificonnected>true
12:35:39.355 > >>> Completed 0 share(s), 0 Khashes, avg. hashrate 0.00 KH/s
12:35:39.357 > btc price:
12:35:39.407 > >>> [i] Miner: newJob>false / inRun>false) - Client: connected>false / subscribed>false / wificonnected>true
12:35:40.416 > >>> Completed 0 share(s), 0 Khashes, avg. hashrate 0.00 KH/s
12:35:40.419 > btc price:
12:35:40.468 > >>> [i] Miner: newJob>false / inRun>false) - Client: connected>false / subscribed>false / wificonnected>true
12:35:41.477 > >>> Completed 0 share(s), 0 Khashes, avg. hashrate 0.00 KH/s
12:35:41.480 > btc price:
12:35:41.529 > >>> [i] Miner: newJob>false / inRun>false) - Client: connected>false / subscribed>false / wificonnected>true
12:35:42.538 > >>> Completed 0 share(s), 0 Khashes, avg. hashrate 0.00 KH/s
12:35:42.541 > btc price:
12:35:42.590 > >>> [i] Miner: newJob>false / inRun>false) - Client: connected>false / subscribed>false / wificonnected>true
12:35:43.599 > >>> Completed 0 share(s), 0 Khashes, avg. hashrate 0.00 KH/s
12:35:43.602 > btc price:
12:35:43.651 > >>> [i] Miner: newJob>false / inRun>false) - Client: connected>false / subscribed>false / wificonnected>true
12:35:44.660 > >>> Completed 0 share(s), 0 Khashes, avg. hashrate 0.00 KH/s
12:35:44.662 > btc price:
12:35:44.712 > >>> [i] Miner: newJob>false / inRun>false) - Client: connected>false / subscribed>false / wificonnected>true
12:35:45.721 > >>> Completed 0 share(s), 0 Khashes, avg. hashrate 0.00 KH/s
12:35:45.724 > btc price:
12:35:45.773 > >>> [i] Miner: newJob>false / inRun>false) - Client: connected>false / subscribed>false / wificonnected>true
12:35:46.782 > >>> Completed 0 share(s), 0 Khashes, avg. hashrate 0.00 KH/s
12:35:46.785 > btc price:
12:35:46.834 > >>> [i] Miner: newJob>false / inRun>false) - Client: connected>false / subscribed>false / wificonnected>true
12:35:47.843 > >>> Completed 0 share(s), 0 Khashes, avg. hashrate 0.00 KH/s
12:35:47.846 > btc price:
12:35:47.895 > >>> [i] Miner: newJob>false / inRun>false) - Client: connected>false / subscribed>false / wificonnected>true
12:35:48.885 > [WORKER] ==> Mining subscribe
12:35:48.885 >   Sending  : {"id": 1, "method": "mining.subscribe", "params": ["NerdMinerV2/V1.6.3"]}
12:35:48.895 > 
12:35:48.904 > >>> Completed 0 share(s), 0 Khashes, avg. hashrate 0.00 KH/s
12:35:48.906 > btc price:
12:35:48.958 > >>> [i] Miner: newJob>false / inRun>false) - Client: connected>false / subscribed>false / wificonnected>true
12:35:49.967 > >>> Completed 0 share(s), 0 Khashes, avg. hashrate 0.00 KH/s
12:35:49.970 > btc price:
12:35:50.019 > >>> [i] Miner: newJob>false / inRun>false) - Client: connected>false / subscribed>false / wificonnected>true
12:35:50.085 > Client not connected, trying to connect...
12:35:50.464 > [WORKER] ==> Mining subscribe
12:35:50.464 >   Sending  : {"id": 1, "method": "mining.subscribe", "params": ["NerdMinerV2/V1.6.3"]}
12:35:50.473 > 
12:35:51.028 > >>> Completed 0 share(s), 0 Khashes, avg. hashrate 0.00 KH/s
12:35:51.031 > btc price:
12:35:51.080 > >>> [i] Miner: newJob>false / inRun>false) - Client: connected>true / subscribed>false / wificonnected>true
12:35:51.666 > Client not connected, trying to connect...
12:35:52.089 > >>> Completed 0 share(s), 0 Khashes, avg. hashrate 0.00 KH/s
12:35:52.092 > btc price:
12:35:52.141 > >>> [i] Miner: newJob>false / inRun>false) - Client: connected>false / subscribed>false / wificonnected>true
12:35:53.028 > [WORKER] ==> Mining subscribe
12:35:53.029 >   Sending  : {"id": 1, "method": "mining.subscribe", "params": ["NerdMinerV2/V1.6.3"]}
12:35:53.038 > 
12:35:53.150 > >>> Completed 0 share(s), 0 Khashes, avg. hashrate 0.00 KH/s
12:35:53.153 > btc price:
12:35:53.202 > >>> [i] Miner: newJob>false / inRun>false) - Client: connected>true / subscribed>false / wificonnected>true
12:35:53.331 >   Receiving: {"id":1,"error":null,"result":[[["mining.notify","8b24e3f7"]],"8b24e3f7",4]}
12:35:53.336 >     sub_details: 8b24e3f7
12:35:53.339 >     extranonce1: 8b24e3f7
12:35:53.342 >     extranonce2_size: 4
12:35:53.345 > [WORKER] ==> Autorize work
12:35:53.347 >   Sending  : {"params": ["17Y2uwiTmH4j3Jmv4U33TPdQAYdeKDA1WJ", ""], "id": 2, "method": "mining.authorize"}
12:35:53.356 > 
12:35:53.553 >   Sending  : {"id": 3, "method": "mining.suggest_difficulty", "params": [0.0001]}
12:35:54.211 > >>> Completed 0 share(s), 0 Khashes, avg. hashrate 0.00 KH/s
12:35:54.213 > btc price:
12:35:54.263 > >>> [i] Miner: newJob>false / inRun>false) - Client: connected>true / subscribed>true / wificonnected>true
12:35:55.272 > >>> Completed 0 share(s), 0 Khashes, avg. hashrate 0.00 KH/s
12:35:55.275 > btc price:
12:35:55.325 > >>> [i] Miner: newJob>false / inRun>false) - Client: connected>true / subscribed>true / wificonnected>true
12:35:56.334 > >>> Completed 0 share(s), 0 Khashes, avg. hashrate 0.00 KH/s
12:35:56.336 > btc price:
12:35:56.386 > >>> [i] Miner: newJob>false / inRun>false) - Client: connected>true / subscribed>true / wificonnected>true
12:35:57.395 > >>> Completed 0 share(s), 0 Khashes, avg. hashrate 0.00 KH/s
12:35:57.398 > btc price:
12:35:57.448 > >>> [i] Miner: newJob>false / inRun>false) - Client: connected>true / subscribed>true / wificonnected>true
12:35:58.457 > >>> Completed 0 share(s), 0 Khashes, avg. hashrate 0.00 KH/s
12:35:58.460 > btc price:
12:35:58.509 > >>> [i] Miner: newJob>false / inRun>false) - Client: connected>true / subscribed>true / wificonnected>true
12:35:59.518 > >>> Completed 0 share(s), 0 Khashes, avg. hashrate 0.00 KH/s
12:35:59.521 > btc price:
12:35:59.570 > >>> [i] Miner: newJob>false / inRun>false) - Client: connected>true / subscribed>true / wificonnected>true
