18:34:52.620 > >>> Completed 0 share(s), 162997 Khashes, avg. hashrate 77.51 KH/s
18:34:52.620 > btc price:
18:34:52.620 > 59082$
18:34:53.468 > >>> Completed 0 share(s), 163078 Khashes, avg. hashrate 77.59 KH/s
18:34:53.475 > btc price:
18:34:53.475 > 59082$
18:34:54.512 > >>> Completed 0 share(s), 163160 Khashes, avg. hashrate 78.54 KH/s
18:34:54.519 > btc price:
18:34:54.519 > 59082$
18:34:55.557 > >>> Completed 0 share(s), 163241 Khashes, avg. hashrate 77.51 KH/s
18:34:55.564 > btc price:
18:34:55.564 > 59082$
18:34:56.601 > >>> Completed 0 share(s), 163322 Khashes, avg. hashrate 77.59 KH/s
18:34:56.607 > btc price:
18:34:56.607 > 59082$
18:34:57.646 > >>> Completed 0 share(s), 163404 Khashes, avg. hashrate 78.47 KH/s
18:34:57.653 > btc price:
18:34:57.653 > 59082$
18:34:58.691 > >>> Completed 0 share(s), 163485 Khashes, avg. hashrate 77.51 KH/s
18:34:58.698 > btc price:
18:34:58.698 > 59082$
18:34:59.227 >   Received message from pool
18:34:59.228 >   Receiving: {"id":null,"method":"mining.notify","params":["24d7db2","b71f5d72137a4b35722b71348a522c4701558e62000302aa0000000000000000","02000000010000000000000000000000000000000000000000000000000000000000000000ffffffff170353140d5075626c69632d506f6f6c","ffffffff021287ef120000000017a91423e522dfc6656a8fda3d47b4fa53f7585ac758cd870000000000000000266a24aa21a9ed40243d19dfde567e0aca4bc1602fd8170da5fc880bf9b31734bfa166f5fde54d00000000",["5f3e593f26c873eca1cc9e333a2c65faba88e130c1a164c221a96dd89e8ce948","0ad6d065afb5431ee1d57e27024c27353cabe4aec9612c1c3e514558b0b8a4a0","d0160e664f51df4da710fe77403f5ccef917dc46c06f757d049f9f8527b1477c","8aaaae7bab6d6ca5fd864f8a1ca5edf95b42d514c2d0cc9f322ca923ffd7306c","da51b26550eb0eb75d06e958193c660ff13307539422b6b7ac32ea6444f52947","f241107189590b4946f6e98125fa8176c3c09c8638589619ca212af903cb2cec","bee1bc415ba0183cccd878c915e51653deff4402ef4997f2dfeaec9baaea1471","b7c14930006df45388e04846b9b6ce7d0a25f9ff10655c1e0ed0b147747e6fb6","af81a192ab67b1c6d527dba44adb39c1d857f7f3b1cf62142397a24afa2f4360","e7160b43a374c2c4a54dd11e13030a9346948c84684596f483a4f81cb956520e","d42a0ce2df507f55ca404e4db77f4e1103ae6bbbb154b10ec11b9cd6ef5ecea6","4a7711edc8afe7a2e225d8d6b4135eab1bec4336ccd5e9727d68b558a24b4702","e3c87440ceaf5317a8ae62c8efa570380bea3358c90cea0d38b11ec5431ca13d"],"20000000","17033d76","66c07cd1",true]}
18:34:59.347 >     Parsing Method [MINING NOTIFY]
18:34:59.350 > MINER WORK ABORTED >> waiting new job
18:34:59.352 > >>> Finished job waiting new data from pool    target: 000000000000000000033d760000000000000000000000000000000000000000
18:34:59.363 > MINER WORK ABORTED >> waiting new job
18:34:59.366 >     coinbase: 02000000010000000000000000000000000000000000000000000000000000000000000000ffffffff170353140d5075626c69632d506f6f6c0b29b2ff00000038ffffffff021287ef120000000017a91423e522dfc6656a8fda3d47b4fa53f7585ac758cd870000000000000000266a24aa21a9ed40243d19dfde567e0aca4bc1602fd8170da5fc880bf9b31734bfa166f5fde54d00000000
18:34:59.394 > >>> Finished job waiting new data from pool    merkle sha         : >>> Resetting watchdog timer>>> Resetting watchdog timer53d875302f6ed988c1fba3ed1f642878fff5c6afe5358853e3722de6348ab2f1
18:34:59.506 > >>> STARTING TO HASH NONCES
18:34:59.507 > >>> STARTING TO HASH NONCES
18:34:59.735 > >>> Completed 0 share(s), 163553 Khashes, avg. hashrate 65.13 KH/s
18:34:59.742 > btc price:
18:34:59.742 > 59082$
