15:02:53.253 > Client not connected, trying to connect...
15:02:53.253 > [WORKER] ==> Mining subscribe
15:02:53.253 >   Sending  : {"id": 1, "method": "mining.subscribe", "params": ["NerdMinerV2/V1.6.3"]}
15:02:53.253 > 
15:02:53.253 > TimeClient NTPupdateTime >>> Completed 0 share(s), 0 Khashes, avg. hashrate 0.00 KH/s
15:02:53.253 > btc price:
15:02:53.253 > >>> [i] Miner: newJob>false / inRun>false) - Client: connected>true / subscribed>false / wificonnected>true
15:02:53.998 > Client not connected, trying to connect...
15:02:54.005 > [WORKER] ==> Mining subscribe
15:02:54.006 >   Sending  : {"id": 1, "method": "mining.subscribe", "params": ["NerdMinerV2/V1.6.3"]}
15:02:54.015 > 
15:02:55.207 > Client not connected, trying to connect...
15:02:55.225 > [WORKER] ==> Mining subscribe
15:02:55.226 >   Sending  : {"id": 1, "method": "mining.subscribe", "params": ["NerdMinerV2/V1.6.3"]}
15:02:55.235 > 
15:02:55.269 > TimeClient NTPupdateTime >>> Completed 0 share(s), 0 Khashes, avg. hashrate 0.00 KH/s
15:02:55.279 > btc price:
15:02:55.331 > >>> [i] Miner: newJob>false / inRun>false) - Client: connected>true / subscribed>false / wificonnected>true
15:02:56.427 > Client not connected, trying to connect...
15:02:56.441 > [WORKER] ==> Mining subscribe
15:02:56.441 >   Sending  : {"id": 1, "method": "mining.subscribe", "params": ["NerdMinerV2/V1.6.3"]}
15:02:56.450 > 
15:02:57.368 > TimeClient NTPupdateTime >>> Completed 0 share(s), 0 Khashes, avg. hashrate 0.00 KH/s
15:02:57.378 > btc price:
15:02:57.427 > >>> [i] Miner: newJob>false / inRun>false) - Client: connected>true / subscribed>false / wificonnected>true
15:02:57.643 > Client not connected, trying to connect...
15:02:57.649 > [WORKER] ==> Mining subscribe
15:02:57.649 >   Sending  : {"id": 1, "method": "mining.subscribe", "params": ["NerdMinerV2/V1.6.3"]}
15:02:57.659 > 
